2018-10-25 10:32:00.657 [info] <0.42.0> Application lager started on node nonode@nohost
2018-10-25 10:32:00.660 [info] <0.42.0> Application xmerl started on node nonode@nohost
2018-10-25 10:32:00.662 [info] <0.42.0> Application jsx started on node nonode@nohost
2018-10-25 10:32:00.663 [info] <0.42.0> Application recon started on node nonode@nohost
2018-10-25 10:32:00.663 [info] <0.42.0> Application rabbit_common started on node nonode@nohost
2018-10-25 10:32:00.669 [info] <0.42.0> Application amqp_client started on node nonode@nohost
2018-10-25 10:32:00.669 [info] <0.42.0> Application amqp started on node nonode@nohost
2018-10-25 10:33:51.742 [info] <0.42.0> Application lager started on node nonode@nohost
2018-10-25 10:33:51.746 [info] <0.42.0> Application xmerl started on node nonode@nohost
2018-10-25 10:33:51.747 [info] <0.42.0> Application jsx started on node nonode@nohost
2018-10-25 10:33:51.748 [info] <0.42.0> Application recon started on node nonode@nohost
2018-10-25 10:33:51.748 [info] <0.42.0> Application rabbit_common started on node nonode@nohost
2018-10-25 10:33:51.754 [info] <0.42.0> Application amqp_client started on node nonode@nohost
2018-10-25 10:33:51.754 [info] <0.42.0> Application amqp started on node nonode@nohost
2018-10-25 10:35:15.104 [info] <0.42.0> Application lager started on node nonode@nohost
2018-10-25 10:35:15.108 [info] <0.42.0> Application xmerl started on node nonode@nohost
2018-10-25 10:35:15.109 [info] <0.42.0> Application jsx started on node nonode@nohost
2018-10-25 10:35:15.109 [info] <0.42.0> Application recon started on node nonode@nohost
2018-10-25 10:35:15.110 [info] <0.42.0> Application rabbit_common started on node nonode@nohost
2018-10-25 10:35:15.115 [info] <0.42.0> Application amqp_client started on node nonode@nohost
2018-10-25 10:35:15.115 [info] <0.42.0> Application amqp started on node nonode@nohost
2018-10-25 10:36:11.302 [info] <0.42.0> Application lager started on node nonode@nohost
2018-10-25 10:36:11.306 [info] <0.42.0> Application xmerl started on node nonode@nohost
2018-10-25 10:36:11.307 [info] <0.42.0> Application jsx started on node nonode@nohost
2018-10-25 10:36:11.308 [info] <0.42.0> Application recon started on node nonode@nohost
2018-10-25 10:36:11.308 [info] <0.42.0> Application rabbit_common started on node nonode@nohost
2018-10-25 10:36:11.314 [info] <0.42.0> Application amqp_client started on node nonode@nohost
2018-10-25 10:36:11.314 [info] <0.42.0> Application amqp started on node nonode@nohost
2018-10-25 10:37:02.090 [info] <0.42.0> Application lager started on node nonode@nohost
2018-10-25 10:37:02.093 [info] <0.42.0> Application xmerl started on node nonode@nohost
2018-10-25 10:37:02.094 [info] <0.42.0> Application jsx started on node nonode@nohost
2018-10-25 10:37:02.095 [info] <0.42.0> Application recon started on node nonode@nohost
2018-10-25 10:37:02.095 [info] <0.42.0> Application rabbit_common started on node nonode@nohost
2018-10-25 10:37:02.100 [info] <0.42.0> Application amqp_client started on node nonode@nohost
2018-10-25 10:37:02.100 [info] <0.42.0> Application amqp started on node nonode@nohost
2018-10-25 10:38:03.310 [info] <0.42.0> Application lager started on node nonode@nohost
2018-10-25 10:38:03.313 [info] <0.42.0> Application xmerl started on node nonode@nohost
2018-10-25 10:38:03.314 [info] <0.42.0> Application jsx started on node nonode@nohost
2018-10-25 10:38:03.315 [info] <0.42.0> Application recon started on node nonode@nohost
2018-10-25 10:38:03.315 [info] <0.42.0> Application rabbit_common started on node nonode@nohost
2018-10-25 10:38:03.321 [info] <0.42.0> Application amqp_client started on node nonode@nohost
2018-10-25 10:38:03.321 [info] <0.42.0> Application amqp started on node nonode@nohost
2018-10-25 10:39:48.672 [info] <0.42.0> Application lager started on node nonode@nohost
2018-10-25 10:39:48.675 [info] <0.42.0> Application xmerl started on node nonode@nohost
2018-10-25 10:39:48.676 [info] <0.42.0> Application jsx started on node nonode@nohost
2018-10-25 10:39:48.676 [info] <0.42.0> Application recon started on node nonode@nohost
2018-10-25 10:39:48.676 [info] <0.42.0> Application rabbit_common started on node nonode@nohost
2018-10-25 10:39:48.682 [info] <0.42.0> Application amqp_client started on node nonode@nohost
2018-10-25 10:39:48.682 [info] <0.42.0> Application amqp started on node nonode@nohost
2018-10-25 10:40:10.986 [info] <0.42.0> Application lager started on node nonode@nohost
2018-10-25 10:40:10.989 [info] <0.42.0> Application xmerl started on node nonode@nohost
2018-10-25 10:40:10.990 [info] <0.42.0> Application jsx started on node nonode@nohost
2018-10-25 10:40:10.991 [info] <0.42.0> Application recon started on node nonode@nohost
2018-10-25 10:40:10.991 [info] <0.42.0> Application rabbit_common started on node nonode@nohost
2018-10-25 10:40:10.996 [info] <0.42.0> Application amqp_client started on node nonode@nohost
2018-10-25 10:40:10.996 [info] <0.42.0> Application amqp started on node nonode@nohost
2018-10-25 10:41:04.123 [info] <0.42.0> Application lager started on node nonode@nohost
2018-10-25 10:41:04.126 [info] <0.42.0> Application xmerl started on node nonode@nohost
2018-10-25 10:41:04.127 [info] <0.42.0> Application jsx started on node nonode@nohost
2018-10-25 10:41:04.127 [info] <0.42.0> Application recon started on node nonode@nohost
2018-10-25 10:41:04.127 [info] <0.42.0> Application rabbit_common started on node nonode@nohost
2018-10-25 10:41:04.132 [info] <0.42.0> Application amqp_client started on node nonode@nohost
2018-10-25 10:41:04.132 [info] <0.42.0> Application amqp started on node nonode@nohost
2018-10-25 10:41:29.361 [info] <0.42.0> Application lager started on node nonode@nohost
2018-10-25 10:41:29.365 [info] <0.42.0> Application xmerl started on node nonode@nohost
2018-10-25 10:41:29.366 [info] <0.42.0> Application jsx started on node nonode@nohost
2018-10-25 10:41:29.366 [info] <0.42.0> Application recon started on node nonode@nohost
2018-10-25 10:41:29.366 [info] <0.42.0> Application rabbit_common started on node nonode@nohost
2018-10-25 10:41:29.371 [info] <0.42.0> Application amqp_client started on node nonode@nohost
2018-10-25 10:41:29.371 [info] <0.42.0> Application amqp started on node nonode@nohost
2018-10-25 10:42:57.402 [info] <0.42.0> Application lager started on node nonode@nohost
2018-10-25 10:42:57.406 [info] <0.42.0> Application xmerl started on node nonode@nohost
2018-10-25 10:42:57.408 [info] <0.42.0> Application jsx started on node nonode@nohost
2018-10-25 10:42:57.408 [info] <0.42.0> Application recon started on node nonode@nohost
2018-10-25 10:42:57.408 [info] <0.42.0> Application rabbit_common started on node nonode@nohost
2018-10-25 10:42:57.415 [info] <0.42.0> Application amqp_client started on node nonode@nohost
2018-10-25 10:42:57.415 [info] <0.42.0> Application amqp started on node nonode@nohost
2018-10-25 10:43:43.465 [info] <0.42.0> Application lager started on node nonode@nohost
2018-10-25 10:43:43.469 [info] <0.42.0> Application xmerl started on node nonode@nohost
2018-10-25 10:43:43.470 [info] <0.42.0> Application jsx started on node nonode@nohost
2018-10-25 10:43:43.470 [info] <0.42.0> Application recon started on node nonode@nohost
2018-10-25 10:43:43.471 [info] <0.42.0> Application rabbit_common started on node nonode@nohost
2018-10-25 10:43:43.476 [info] <0.42.0> Application amqp_client started on node nonode@nohost
2018-10-25 10:43:43.476 [info] <0.42.0> Application amqp started on node nonode@nohost
2018-10-25 10:45:00.265 [info] <0.42.0> Application lager started on node nonode@nohost
2018-10-25 10:45:00.268 [info] <0.42.0> Application xmerl started on node nonode@nohost
2018-10-25 10:45:00.269 [info] <0.42.0> Application jsx started on node nonode@nohost
2018-10-25 10:45:00.269 [info] <0.42.0> Application recon started on node nonode@nohost
2018-10-25 10:45:00.269 [info] <0.42.0> Application rabbit_common started on node nonode@nohost
2018-10-25 10:45:00.275 [info] <0.42.0> Application amqp_client started on node nonode@nohost
2018-10-25 10:45:00.275 [info] <0.42.0> Application amqp started on node nonode@nohost
2018-10-25 10:45:38.036 [info] <0.42.0> Application lager started on node nonode@nohost
2018-10-25 10:45:38.039 [info] <0.42.0> Application xmerl started on node nonode@nohost
2018-10-25 10:45:38.041 [info] <0.42.0> Application jsx started on node nonode@nohost
2018-10-25 10:45:38.041 [info] <0.42.0> Application recon started on node nonode@nohost
2018-10-25 10:45:38.041 [info] <0.42.0> Application rabbit_common started on node nonode@nohost
2018-10-25 10:45:38.050 [info] <0.42.0> Application amqp_client started on node nonode@nohost
2018-10-25 10:45:38.050 [info] <0.42.0> Application amqp started on node nonode@nohost
2018-10-25 10:46:17.290 [info] <0.42.0> Application lager started on node nonode@nohost
2018-10-25 10:46:17.293 [info] <0.42.0> Application xmerl started on node nonode@nohost
2018-10-25 10:46:17.294 [info] <0.42.0> Application jsx started on node nonode@nohost
2018-10-25 10:46:17.294 [info] <0.42.0> Application recon started on node nonode@nohost
2018-10-25 10:46:17.294 [info] <0.42.0> Application rabbit_common started on node nonode@nohost
2018-10-25 10:46:17.300 [info] <0.42.0> Application amqp_client started on node nonode@nohost
2018-10-25 10:46:17.301 [info] <0.42.0> Application amqp started on node nonode@nohost
2018-10-25 10:46:53.844 [info] <0.42.0> Application lager started on node nonode@nohost
2018-10-25 10:46:53.849 [info] <0.42.0> Application xmerl started on node nonode@nohost
2018-10-25 10:46:53.850 [info] <0.42.0> Application jsx started on node nonode@nohost
2018-10-25 10:46:53.851 [info] <0.42.0> Application recon started on node nonode@nohost
2018-10-25 10:46:53.851 [info] <0.42.0> Application rabbit_common started on node nonode@nohost
2018-10-25 10:46:53.858 [info] <0.42.0> Application amqp_client started on node nonode@nohost
2018-10-25 10:46:53.858 [info] <0.42.0> Application amqp started on node nonode@nohost
2018-10-25 10:47:03.565 [info] <0.42.0> Application lager started on node nonode@nohost
2018-10-25 10:47:03.568 [info] <0.42.0> Application xmerl started on node nonode@nohost
2018-10-25 10:47:03.569 [info] <0.42.0> Application jsx started on node nonode@nohost
2018-10-25 10:47:03.570 [info] <0.42.0> Application recon started on node nonode@nohost
2018-10-25 10:47:03.570 [info] <0.42.0> Application rabbit_common started on node nonode@nohost
2018-10-25 10:47:03.576 [info] <0.42.0> Application amqp_client started on node nonode@nohost
2018-10-25 10:47:03.576 [info] <0.42.0> Application amqp started on node nonode@nohost
2018-10-25 10:47:03.624 [info] <0.42.0> Application sms_service started on node nonode@nohost
2018-10-25 10:49:09.853 [info] <0.42.0> Application lager started on node nonode@nohost
2018-10-25 10:49:09.856 [info] <0.42.0> Application xmerl started on node nonode@nohost
2018-10-25 10:49:09.857 [info] <0.42.0> Application jsx started on node nonode@nohost
2018-10-25 10:49:09.857 [info] <0.42.0> Application recon started on node nonode@nohost
2018-10-25 10:49:09.857 [info] <0.42.0> Application rabbit_common started on node nonode@nohost
2018-10-25 10:49:09.863 [info] <0.42.0> Application amqp_client started on node nonode@nohost
2018-10-25 10:49:09.863 [info] <0.42.0> Application amqp started on node nonode@nohost
2018-10-25 10:49:09.921 [info] <0.42.0> Application sms_service started on node nonode@nohost
2018-10-25 10:49:20.852 [info] <0.42.0> Application lager started on node nonode@nohost
2018-10-25 10:49:20.855 [info] <0.42.0> Application xmerl started on node nonode@nohost
2018-10-25 10:49:20.856 [info] <0.42.0> Application jsx started on node nonode@nohost
2018-10-25 10:49:20.857 [info] <0.42.0> Application recon started on node nonode@nohost
2018-10-25 10:49:20.857 [info] <0.42.0> Application rabbit_common started on node nonode@nohost
2018-10-25 10:49:20.862 [info] <0.42.0> Application amqp_client started on node nonode@nohost
2018-10-25 10:49:20.863 [info] <0.42.0> Application amqp started on node nonode@nohost
2018-10-25 10:49:20.922 [info] <0.42.0> Application sms_service started on node nonode@nohost
2018-10-25 10:57:30.380 [info] <0.42.0> Application lager started on node nonode@nohost
2018-10-25 10:57:30.384 [info] <0.42.0> Application xmerl started on node nonode@nohost
2018-10-25 10:57:30.385 [info] <0.42.0> Application jsx started on node nonode@nohost
2018-10-25 10:57:30.386 [info] <0.42.0> Application recon started on node nonode@nohost
2018-10-25 10:57:30.386 [info] <0.42.0> Application rabbit_common started on node nonode@nohost
2018-10-25 10:57:30.391 [info] <0.42.0> Application amqp_client started on node nonode@nohost
2018-10-25 10:57:30.391 [info] <0.42.0> Application amqp started on node nonode@nohost
2018-10-25 10:57:44.269 [info] <0.42.0> Application lager started on node nonode@nohost
2018-10-25 10:57:44.272 [info] <0.42.0> Application xmerl started on node nonode@nohost
2018-10-25 10:57:44.274 [info] <0.42.0> Application jsx started on node nonode@nohost
2018-10-25 10:57:44.274 [info] <0.42.0> Application recon started on node nonode@nohost
2018-10-25 10:57:44.274 [info] <0.42.0> Application rabbit_common started on node nonode@nohost
2018-10-25 10:57:44.281 [info] <0.42.0> Application amqp_client started on node nonode@nohost
2018-10-25 10:57:44.281 [info] <0.42.0> Application amqp started on node nonode@nohost
2018-10-25 10:58:44.383 [info] <0.42.0> Application sms_service started on node nonode@nohost
2018-10-25 10:59:16.645 [info] <0.42.0> Application lager started on node nonode@nohost
2018-10-25 10:59:16.649 [info] <0.42.0> Application xmerl started on node nonode@nohost
2018-10-25 10:59:16.650 [info] <0.42.0> Application jsx started on node nonode@nohost
2018-10-25 10:59:16.650 [info] <0.42.0> Application recon started on node nonode@nohost
2018-10-25 10:59:16.650 [info] <0.42.0> Application rabbit_common started on node nonode@nohost
2018-10-25 10:59:16.656 [info] <0.42.0> Application amqp_client started on node nonode@nohost
2018-10-25 10:59:16.656 [info] <0.42.0> Application amqp started on node nonode@nohost
2018-10-25 10:59:16.717 [info] <0.42.0> Application sms_service started on node nonode@nohost
2018-10-25 10:59:33.209 [info] <0.42.0> Application lager started on node nonode@nohost
2018-10-25 10:59:33.213 [info] <0.42.0> Application xmerl started on node nonode@nohost
2018-10-25 10:59:33.214 [info] <0.42.0> Application jsx started on node nonode@nohost
2018-10-25 10:59:33.214 [info] <0.42.0> Application recon started on node nonode@nohost
2018-10-25 10:59:33.214 [info] <0.42.0> Application rabbit_common started on node nonode@nohost
2018-10-25 10:59:33.220 [info] <0.42.0> Application amqp_client started on node nonode@nohost
2018-10-25 10:59:33.220 [info] <0.42.0> Application amqp started on node nonode@nohost
2018-10-25 10:59:33.285 [error] <0.235.0> CRASH REPORT Process <0.235.0> with 0 neighbours exited with reason: {{shutdown,{server_initiated_close,404,<<"NOT_FOUND - no queue 'SMS' in vhost '/'">>}},{gen_server,call,[<0.249.0>,{subscribe,{'basic.consume',0,<<"SMS">>,<<>>,false,false,false,false,[]},<0.251.0>},60000]}} in gen_server:call/3 line 223
2018-10-25 11:02:26.910 [info] <0.42.0> Application lager started on node nonode@nohost
2018-10-25 11:02:26.913 [info] <0.42.0> Application xmerl started on node nonode@nohost
2018-10-25 11:02:26.914 [info] <0.42.0> Application jsx started on node nonode@nohost
2018-10-25 11:02:26.915 [info] <0.42.0> Application recon started on node nonode@nohost
2018-10-25 11:02:26.915 [info] <0.42.0> Application rabbit_common started on node nonode@nohost
2018-10-25 11:02:26.921 [info] <0.42.0> Application amqp_client started on node nonode@nohost
2018-10-25 11:02:26.921 [info] <0.42.0> Application amqp started on node nonode@nohost
2018-10-25 11:02:26.994 [error] <0.243.0> Supervisor 'Elixir.SmsService.Supervisor' had child 'Elixir.SmsService.Consumer' started with 'Elixir.SmsService.Consumer':start_link() at undefined exit with reason {{shutdown,{server_initiated_close,404,<<"NOT_FOUND - no queue 'SMS' in vhost '/'">>}},{gen_server,call,[<0.258.0>,{subscribe,{'basic.consume',0,<<"SMS">>,<<>>,false,false,false,false,[]},<0.260.0>},60000]}} in context start_error
2018-10-25 11:03:44.672 [info] <0.42.0> Application lager started on node nonode@nohost
2018-10-25 11:03:44.675 [info] <0.42.0> Application xmerl started on node nonode@nohost
2018-10-25 11:03:44.676 [info] <0.42.0> Application jsx started on node nonode@nohost
2018-10-25 11:03:44.677 [info] <0.42.0> Application recon started on node nonode@nohost
2018-10-25 11:03:44.677 [info] <0.42.0> Application rabbit_common started on node nonode@nohost
2018-10-25 11:03:44.683 [info] <0.42.0> Application amqp_client started on node nonode@nohost
2018-10-25 11:03:44.683 [info] <0.42.0> Application amqp started on node nonode@nohost
2018-10-25 11:03:44.749 [error] <0.235.0> CRASH REPORT Process <0.235.0> with 0 neighbours exited with reason: {{shutdown,{server_initiated_close,404,<<"NOT_FOUND - no queue 'SMS' in vhost '/'">>}},{gen_server,call,[<0.249.0>,{subscribe,{'basic.consume',0,<<"SMS">>,<<>>,false,false,false,false,[]},<0.251.0>},60000]}} in gen_server:call/3 line 223
2018-10-25 11:03:53.716 [info] <0.42.0> Application lager started on node nonode@nohost
2018-10-25 11:03:53.719 [info] <0.42.0> Application xmerl started on node nonode@nohost
2018-10-25 11:03:53.720 [info] <0.42.0> Application jsx started on node nonode@nohost
2018-10-25 11:03:53.721 [info] <0.42.0> Application recon started on node nonode@nohost
2018-10-25 11:03:53.721 [info] <0.42.0> Application rabbit_common started on node nonode@nohost
2018-10-25 11:03:53.726 [info] <0.42.0> Application amqp_client started on node nonode@nohost
2018-10-25 11:03:53.726 [info] <0.42.0> Application amqp started on node nonode@nohost
2018-10-25 11:03:53.787 [error] <0.235.0> CRASH REPORT Process <0.235.0> with 0 neighbours exited with reason: {{shutdown,{server_initiated_close,404,<<"NOT_FOUND - no queue 'SMS' in vhost '/'">>}},{gen_server,call,[<0.249.0>,{subscribe,{'basic.consume',0,<<"SMS">>,<<>>,false,false,false,false,[]},<0.251.0>},60000]}} in gen_server:call/3 line 223
2018-10-25 11:04:19.262 [info] <0.42.0> Application lager started on node nonode@nohost
2018-10-25 11:04:19.265 [info] <0.42.0> Application xmerl started on node nonode@nohost
2018-10-25 11:04:19.266 [info] <0.42.0> Application jsx started on node nonode@nohost
2018-10-25 11:04:19.266 [info] <0.42.0> Application recon started on node nonode@nohost
2018-10-25 11:04:19.267 [info] <0.42.0> Application rabbit_common started on node nonode@nohost
2018-10-25 11:04:19.272 [info] <0.42.0> Application amqp_client started on node nonode@nohost
2018-10-25 11:04:19.272 [info] <0.42.0> Application amqp started on node nonode@nohost
2018-10-25 11:04:19.331 [error] <0.234.0> Supervisor 'Elixir.SmsService.Supervisor' had child 'Elixir.SmsService.Consumer' started with 'Elixir.SmsService.Consumer':start_link() at undefined exit with reason {{shutdown,{server_initiated_close,404,<<"NOT_FOUND - no queue 'SMS' in vhost '/'">>}},{gen_server,call,[<0.249.0>,{subscribe,{'basic.consume',0,<<"SMS">>,<<>>,false,false,false,false,[]},<0.251.0>},60000]}} in context start_error
2018-10-25 11:04:35.239 [info] <0.42.0> Application lager started on node nonode@nohost
2018-10-25 11:04:35.243 [info] <0.42.0> Application xmerl started on node nonode@nohost
2018-10-25 11:04:35.244 [info] <0.42.0> Application jsx started on node nonode@nohost
2018-10-25 11:04:35.244 [info] <0.42.0> Application recon started on node nonode@nohost
2018-10-25 11:04:35.244 [info] <0.42.0> Application rabbit_common started on node nonode@nohost
2018-10-25 11:04:35.250 [info] <0.42.0> Application amqp_client started on node nonode@nohost
2018-10-25 11:04:35.250 [info] <0.42.0> Application amqp started on node nonode@nohost
2018-10-25 11:04:35.316 [error] <0.234.0> Supervisor 'Elixir.SmsService.Supervisor' had child 'Elixir.SmsService.Consumer' started with 'Elixir.SmsService.Consumer':start_link() at undefined exit with reason {{shutdown,{server_initiated_close,404,<<"NOT_FOUND - no queue 'SMS' in vhost '/'">>}},{gen_server,call,[<0.249.0>,{subscribe,{'basic.consume',0,<<"SMS">>,<<>>,false,false,false,false,[]},<0.251.0>},60000]}} in context start_error
2018-10-25 11:04:35.316 [error] <0.232.0> CRASH REPORT Process <0.232.0> with 0 neighbours exited with reason: {{shutdown,{failed_to_start_child,'Elixir.SmsService.Consumer',{{shutdown,{server_initiated_close,404,<<"NOT_FOUND - no queue 'SMS' in vhost '/'">>}},{gen_server,call,[<0.249.0>,{subscribe,{'basic.consume',0,<<"SMS">>,<<>>,false,false,false,false,[]},<0.251.0>},60000]}}}},{'Elixir.SmsService',start,[normal,[]]}} in application_master:init/4 line 138
2018-10-25 11:05:05.277 [info] <0.42.0> Application lager started on node nonode@nohost
2018-10-25 11:05:05.281 [info] <0.42.0> Application xmerl started on node nonode@nohost
2018-10-25 11:05:05.282 [info] <0.42.0> Application jsx started on node nonode@nohost
2018-10-25 11:05:05.283 [info] <0.42.0> Application recon started on node nonode@nohost
2018-10-25 11:05:05.283 [info] <0.42.0> Application rabbit_common started on node nonode@nohost
2018-10-25 11:05:05.289 [info] <0.42.0> Application amqp_client started on node nonode@nohost
2018-10-25 11:05:05.289 [info] <0.42.0> Application amqp started on node nonode@nohost
2018-10-25 11:05:05.350 [error] <0.235.0> CRASH REPORT Process <0.235.0> with 0 neighbours exited with reason: {{shutdown,{server_initiated_close,404,<<"NOT_FOUND - no queue 'SMS' in vhost '/'">>}},{gen_server,call,[<0.249.0>,{subscribe,{'basic.consume',0,<<"SMS">>,<<>>,false,false,false,false,[]},<0.251.0>},60000]}} in gen_server:call/3 line 223
2018-10-25 11:07:02.132 [info] <0.42.0> Application lager started on node nonode@nohost
2018-10-25 11:07:02.135 [info] <0.42.0> Application xmerl started on node nonode@nohost
2018-10-25 11:07:02.136 [info] <0.42.0> Application jsx started on node nonode@nohost
2018-10-25 11:07:02.136 [info] <0.42.0> Application recon started on node nonode@nohost
2018-10-25 11:07:02.136 [info] <0.42.0> Application rabbit_common started on node nonode@nohost
2018-10-25 11:07:02.142 [info] <0.42.0> Application amqp_client started on node nonode@nohost
2018-10-25 11:07:02.142 [info] <0.42.0> Application amqp started on node nonode@nohost
2018-10-25 11:07:02.167 [error] <0.243.0>@Elixir.SmsService.Consumer:rabbitmq_connect:17 Supervisor 'Elixir.SmsService.Supervisor' had child 'Elixir.SmsService.Consumer' started with 'Elixir.SmsService.Consumer':start_link() at undefined exit with reason no case clause matching {error,econnrefused} in 'Elixir.SmsService.Consumer':rabbitmq_connect/0 line 17 in context start_error
2018-10-25 11:07:27.189 [info] <0.42.0> Application lager started on node nonode@nohost
2018-10-25 11:07:27.191 [info] <0.42.0> Application xmerl started on node nonode@nohost
2018-10-25 11:07:27.193 [info] <0.42.0> Application jsx started on node nonode@nohost
2018-10-25 11:07:27.193 [info] <0.42.0> Application recon started on node nonode@nohost
2018-10-25 11:07:27.193 [info] <0.42.0> Application rabbit_common started on node nonode@nohost
2018-10-25 11:07:27.200 [info] <0.42.0> Application amqp_client started on node nonode@nohost
2018-10-25 11:07:27.200 [info] <0.42.0> Application amqp started on node nonode@nohost
2018-10-25 11:08:07.343 [info] <0.42.0> Application sms_service started on node nonode@nohost
2018-10-25 11:08:18.862 [warning] <0.265.0> Connection (<0.265.0>) closing: received hard error {'connection.close',320,<<"CONNECTION_FORCED - broker forced connection closure with reason 'shutdown'">>,0,0} from server
2018-10-25 11:08:18.862 [error] <0.265.0> gen_server <0.265.0> terminated with reason: {channel0_died,{writer,send_failed,{error,closed}}}
2018-10-25 11:08:18.869 [error] <0.265.0> CRASH REPORT Process <0.265.0> with 0 neighbours exited with reason: {channel0_died,{writer,send_failed,{error,closed}}} in gen_server:handle_common_reply/8 line 751
2018-10-25 11:08:18.869 [error] <0.263.0> Supervisor {<0.263.0>,amqp_connection_sup} had child connection started with amqp_gen_connection:start_link(<0.264.0>, {amqp_params_network,<<"guest">>,<<"guest">>,<<"/">>,"localhost",5672,0,0,10,60000,none,[fun amqp_a..>,...],...}) at <0.265.0> exit with reason {channel0_died,{writer,send_failed,{error,closed}}} in context child_terminated
2018-10-25 11:08:18.870 [error] <0.263.0> Supervisor {<0.263.0>,amqp_connection_sup} had child connection started with amqp_gen_connection:start_link(<0.264.0>, {amqp_params_network,<<"guest">>,<<"guest">>,<<"/">>,"localhost",5672,0,0,10,60000,none,[fun amqp_a..>,...],...}) at <0.265.0> exit with reason reached_max_restart_intensity in context shutdown
2018-10-25 11:09:11.337 [info] <0.42.0> Application lager started on node nonode@nohost
2018-10-25 11:09:11.340 [info] <0.42.0> Application xmerl started on node nonode@nohost
2018-10-25 11:09:11.342 [info] <0.42.0> Application jsx started on node nonode@nohost
2018-10-25 11:09:11.342 [info] <0.42.0> Application recon started on node nonode@nohost
2018-10-25 11:09:11.342 [info] <0.42.0> Application rabbit_common started on node nonode@nohost
2018-10-25 11:09:11.348 [info] <0.42.0> Application amqp_client started on node nonode@nohost
2018-10-25 11:09:11.348 [info] <0.42.0> Application amqp started on node nonode@nohost
2018-10-25 11:09:11.408 [info] <0.42.0> Application sms_service started on node nonode@nohost
2018-10-25 11:12:30.018 [info] <0.42.0> Application lager started on node nonode@nohost
2018-10-25 11:12:30.022 [info] <0.42.0> Application xmerl started on node nonode@nohost
2018-10-25 11:12:30.023 [info] <0.42.0> Application jsx started on node nonode@nohost
2018-10-25 11:12:30.024 [info] <0.42.0> Application recon started on node nonode@nohost
2018-10-25 11:12:30.024 [info] <0.42.0> Application rabbit_common started on node nonode@nohost
2018-10-25 11:12:30.030 [info] <0.42.0> Application amqp_client started on node nonode@nohost
2018-10-25 11:12:30.030 [info] <0.42.0> Application amqp started on node nonode@nohost
2018-10-25 11:12:56.551 [info] <0.42.0> Application lager started on node nonode@nohost
2018-10-25 11:12:56.556 [info] <0.42.0> Application xmerl started on node nonode@nohost
2018-10-25 11:12:56.558 [info] <0.42.0> Application jsx started on node nonode@nohost
2018-10-25 11:12:56.558 [info] <0.42.0> Application recon started on node nonode@nohost
2018-10-25 11:12:56.558 [info] <0.42.0> Application rabbit_common started on node nonode@nohost
2018-10-25 11:12:56.564 [info] <0.42.0> Application amqp_client started on node nonode@nohost
2018-10-25 11:12:56.564 [info] <0.42.0> Application amqp started on node nonode@nohost
2018-10-25 11:12:56.611 [info] <0.42.0> Application sms_service started on node nonode@nohost
2018-10-25 11:13:40.252 [info] <0.42.0> Application lager started on node nonode@nohost
2018-10-25 11:13:40.256 [info] <0.42.0> Application xmerl started on node nonode@nohost
2018-10-25 11:13:40.257 [info] <0.42.0> Application jsx started on node nonode@nohost
2018-10-25 11:13:40.258 [info] <0.42.0> Application recon started on node nonode@nohost
2018-10-25 11:13:40.258 [info] <0.42.0> Application rabbit_common started on node nonode@nohost
2018-10-25 11:13:40.263 [info] <0.42.0> Application amqp_client started on node nonode@nohost
2018-10-25 11:13:40.263 [info] <0.42.0> Application amqp started on node nonode@nohost
2018-10-25 11:13:40.321 [info] <0.42.0> Application sms_service started on node nonode@nohost
2018-10-25 11:19:34.086 [info] <0.42.0> Application lager started on node nonode@nohost
2018-10-25 11:19:34.090 [info] <0.42.0> Application xmerl started on node nonode@nohost
2018-10-25 11:19:34.091 [info] <0.42.0> Application jsx started on node nonode@nohost
2018-10-25 11:19:34.092 [info] <0.42.0> Application recon started on node nonode@nohost
2018-10-25 11:19:34.092 [info] <0.42.0> Application rabbit_common started on node nonode@nohost
2018-10-25 11:19:34.097 [info] <0.42.0> Application amqp_client started on node nonode@nohost
2018-10-25 11:19:34.097 [info] <0.42.0> Application amqp started on node nonode@nohost
2018-10-25 11:19:34.167 [info] <0.42.0> Application sms_service started on node nonode@nohost
2018-10-25 11:23:33.724 [info] <0.42.0> Application lager started on node nonode@nohost
2018-10-25 11:23:33.728 [info] <0.42.0> Application xmerl started on node nonode@nohost
2018-10-25 11:23:33.729 [info] <0.42.0> Application jsx started on node nonode@nohost
2018-10-25 11:23:33.730 [info] <0.42.0> Application recon started on node nonode@nohost
2018-10-25 11:23:33.730 [info] <0.42.0> Application rabbit_common started on node nonode@nohost
2018-10-25 11:23:33.736 [info] <0.42.0> Application amqp_client started on node nonode@nohost
2018-10-25 11:23:33.736 [info] <0.42.0> Application amqp started on node nonode@nohost
2018-10-25 11:23:33.807 [info] <0.42.0> Application sms_service started on node nonode@nohost
2018-10-25 11:26:21.595 [info] <0.42.0> Application lager started on node nonode@nohost
2018-10-25 11:26:21.599 [info] <0.42.0> Application xmerl started on node nonode@nohost
2018-10-25 11:26:21.601 [info] <0.42.0> Application jsx started on node nonode@nohost
2018-10-25 11:26:21.601 [info] <0.42.0> Application recon started on node nonode@nohost
2018-10-25 11:26:21.601 [info] <0.42.0> Application rabbit_common started on node nonode@nohost
2018-10-25 11:26:21.606 [info] <0.42.0> Application amqp_client started on node nonode@nohost
2018-10-25 11:26:21.606 [info] <0.42.0> Application amqp started on node nonode@nohost
2018-10-25 11:26:21.676 [info] <0.42.0> Application sms_service started on node nonode@nohost
2018-10-25 11:41:30.156 [info] <0.42.0> Application lager started on node nonode@nohost
2018-10-25 11:41:30.158 [info] <0.42.0> Application xmerl started on node nonode@nohost
2018-10-25 11:41:30.160 [info] <0.42.0> Application jsx started on node nonode@nohost
2018-10-25 11:41:30.161 [info] <0.42.0> Application recon started on node nonode@nohost
2018-10-25 11:41:30.161 [info] <0.42.0> Application rabbit_common started on node nonode@nohost
2018-10-25 11:41:30.167 [info] <0.42.0> Application amqp_client started on node nonode@nohost
2018-10-25 11:41:30.167 [info] <0.42.0> Application amqp started on node nonode@nohost
2018-10-25 11:41:30.221 [info] <0.42.0> Application sms_service started on node nonode@nohost
2018-10-25 11:42:28.345 [info] <0.42.0> Application lager started on node nonode@nohost
2018-10-25 11:42:28.349 [info] <0.42.0> Application xmerl started on node nonode@nohost
2018-10-25 11:42:28.350 [info] <0.42.0> Application jsx started on node nonode@nohost
2018-10-25 11:42:28.350 [info] <0.42.0> Application recon started on node nonode@nohost
2018-10-25 11:42:28.350 [info] <0.42.0> Application rabbit_common started on node nonode@nohost
2018-10-25 11:42:28.357 [info] <0.42.0> Application amqp_client started on node nonode@nohost
2018-10-25 11:42:28.357 [info] <0.42.0> Application amqp started on node nonode@nohost
2018-10-25 11:42:28.423 [info] <0.42.0> Application sms_service started on node nonode@nohost
2018-10-25 11:43:55.131 [info] <0.42.0> Application lager started on node nonode@nohost
2018-10-25 11:43:55.133 [info] <0.42.0> Application xmerl started on node nonode@nohost
2018-10-25 11:43:55.134 [info] <0.42.0> Application jsx started on node nonode@nohost
2018-10-25 11:43:55.135 [info] <0.42.0> Application recon started on node nonode@nohost
2018-10-25 11:43:55.135 [info] <0.42.0> Application rabbit_common started on node nonode@nohost
2018-10-25 11:43:55.140 [info] <0.42.0> Application amqp_client started on node nonode@nohost
2018-10-25 11:43:55.141 [info] <0.42.0> Application amqp started on node nonode@nohost
2018-10-25 11:43:55.201 [info] <0.42.0> Application sms_service started on node nonode@nohost
2018-10-25 11:44:59.825 [info] <0.42.0> Application lager started on node nonode@nohost
2018-10-25 11:44:59.829 [info] <0.42.0> Application xmerl started on node nonode@nohost
2018-10-25 11:44:59.831 [info] <0.42.0> Application jsx started on node nonode@nohost
2018-10-25 11:44:59.831 [info] <0.42.0> Application recon started on node nonode@nohost
2018-10-25 11:44:59.831 [info] <0.42.0> Application rabbit_common started on node nonode@nohost
2018-10-25 11:44:59.838 [info] <0.42.0> Application amqp_client started on node nonode@nohost
2018-10-25 11:44:59.838 [info] <0.42.0> Application amqp started on node nonode@nohost
2018-10-25 11:44:59.898 [info] <0.42.0> Application sms_service started on node nonode@nohost
2018-10-25 11:45:02.863 [error] emulator Error in process <0.278.0> with exit value:
{{badmatch,{<<"AC7fda18118d1b7c04414447ab4cf27586:5a8c82fbd153e236576e447d2bf1cc1a">>}},[{'Elixir.HTTPotion',process_arguments,3,[{file,"lib/httpotion.ex"},{line,453}]},{'Elixir.HTTPotion',request,3,[{file,"lib/httpotion.ex"},{line,453}]},{'Elixir.SmsService.Sms',send_notification,2,[{file,"lib/Sms.ex"},{line,10}]},{'Elixir.SmsService.Consumer',consume,4,[{file,"lib/Consumer.ex"},{line,61}]}]}
2018-10-25 11:45:35.150 [info] <0.42.0> Application lager started on node nonode@nohost
2018-10-25 11:45:35.153 [info] <0.42.0> Application xmerl started on node nonode@nohost
2018-10-25 11:45:35.154 [info] <0.42.0> Application jsx started on node nonode@nohost
2018-10-25 11:45:35.155 [info] <0.42.0> Application recon started on node nonode@nohost
2018-10-25 11:45:35.155 [info] <0.42.0> Application rabbit_common started on node nonode@nohost
2018-10-25 11:45:35.161 [info] <0.42.0> Application amqp_client started on node nonode@nohost
2018-10-25 11:45:35.161 [info] <0.42.0> Application amqp started on node nonode@nohost
2018-10-25 11:45:35.221 [info] <0.42.0> Application sms_service started on node nonode@nohost
2018-10-25 11:46:35.206 [info] <0.42.0> Application lager started on node nonode@nohost
2018-10-25 11:46:35.209 [info] <0.42.0> Application xmerl started on node nonode@nohost
2018-10-25 11:46:35.210 [info] <0.42.0> Application jsx started on node nonode@nohost
2018-10-25 11:46:35.211 [info] <0.42.0> Application recon started on node nonode@nohost
2018-10-25 11:46:35.211 [info] <0.42.0> Application rabbit_common started on node nonode@nohost
2018-10-25 11:46:35.217 [info] <0.42.0> Application amqp_client started on node nonode@nohost
2018-10-25 11:46:35.217 [info] <0.42.0> Application amqp started on node nonode@nohost
2018-10-25 11:46:35.497 [info] <0.42.0> Application sms_service started on node nonode@nohost
2018-10-25 11:46:39.179 [error] emulator Error in process <0.273.0> with exit value:
{{badkey,body,#{'__struct__' => 'Elixir.HTTPotion.ErrorResponse',message => <<"enetunreach">>}},[{'Elixir.SmsService.Sms',send_notification,2,[{file,"lib/Sms.ex"},{line,12}]},{'Elixir.SmsService.Consumer',consume,4,[{file,"lib/Consumer.ex"},{line,61}]}]}
2018-10-25 11:47:15.126 [info] <0.42.0> Application lager started on node nonode@nohost
2018-10-25 11:47:15.130 [info] <0.42.0> Application xmerl started on node nonode@nohost
2018-10-25 11:47:15.131 [info] <0.42.0> Application jsx started on node nonode@nohost
2018-10-25 11:47:15.132 [info] <0.42.0> Application recon started on node nonode@nohost
2018-10-25 11:47:15.132 [info] <0.42.0> Application rabbit_common started on node nonode@nohost
2018-10-25 11:47:15.138 [info] <0.42.0> Application amqp_client started on node nonode@nohost
2018-10-25 11:47:15.138 [info] <0.42.0> Application amqp started on node nonode@nohost
2018-10-25 11:47:15.207 [info] <0.42.0> Application sms_service started on node nonode@nohost
2018-10-25 11:47:15.256 [error] emulator Error in process <0.271.0> with exit value:
{#{'__exception__' => true,'__struct__' => 'Elixir.Protocol.UndefinedError',description => <<>>,protocol => 'Elixir.String.Chars',value => #{'__struct__' => 'Elixir.HTTPotion.ErrorResponse',message => <<"enetunreach">>}},[{'Elixir.String.Chars','impl_for!',1,[{file,"/home/vagrant/2018-09-24_12-39-03/scripts/elixir/deb/elixir_1.7.3-1/lib/elixir/lib/string/chars.ex"},{line,3}]},{'Elixir.String.Chars',to_string,1,[{file,"/home/vagrant/2018-09-24_12-39-03/scripts/elixir/deb/elixir_1.7.3-1/lib/elixir/lib/string/chars.ex"},{line,22}]},{'Elixir.IO',puts,2,[{file,"lib/io.ex"},{line,553}]},{'Elixir.SmsService.Consumer',consume,4,[{file,"lib/Consumer.ex"},{line,61}]}]}
2018-10-25 11:47:26.086 [info] <0.42.0> Application lager started on node nonode@nohost
2018-10-25 11:47:26.089 [info] <0.42.0> Application xmerl started on node nonode@nohost
2018-10-25 11:47:26.090 [info] <0.42.0> Application jsx started on node nonode@nohost
2018-10-25 11:47:26.091 [info] <0.42.0> Application recon started on node nonode@nohost
2018-10-25 11:47:26.091 [info] <0.42.0> Application rabbit_common started on node nonode@nohost
2018-10-25 11:47:26.097 [info] <0.42.0> Application amqp_client started on node nonode@nohost
2018-10-25 11:47:26.097 [info] <0.42.0> Application amqp started on node nonode@nohost
2018-10-25 11:47:26.152 [info] <0.42.0> Application sms_service started on node nonode@nohost
2018-10-25 11:47:26.248 [error] emulator Error in process <0.271.0> with exit value:
{{badkey,body,#{'__struct__' => 'Elixir.HTTPotion.ErrorResponse',message => <<"enetunreach">>}},[{'Elixir.SmsService.Sms',send_notification,2,[{file,"lib/Sms.ex"},{line,12}]},{'Elixir.SmsService.Consumer',consume,4,[{file,"lib/Consumer.ex"},{line,61}]}]}
2018-10-25 11:48:36.619 [info] <0.42.0> Application lager started on node nonode@nohost
2018-10-25 11:48:36.622 [info] <0.42.0> Application xmerl started on node nonode@nohost
2018-10-25 11:48:36.623 [info] <0.42.0> Application jsx started on node nonode@nohost
2018-10-25 11:48:36.624 [info] <0.42.0> Application recon started on node nonode@nohost
2018-10-25 11:48:36.624 [info] <0.42.0> Application rabbit_common started on node nonode@nohost
2018-10-25 11:48:36.629 [info] <0.42.0> Application amqp_client started on node nonode@nohost
2018-10-25 11:48:36.629 [info] <0.42.0> Application amqp started on node nonode@nohost
2018-10-25 11:48:36.692 [info] <0.42.0> Application sms_service started on node nonode@nohost
2018-10-25 11:51:40.970 [info] <0.42.0> Application lager started on node nonode@nohost
2018-10-25 11:51:40.972 [info] <0.42.0> Application xmerl started on node nonode@nohost
2018-10-25 11:51:40.975 [info] <0.42.0> Application jsx started on node nonode@nohost
2018-10-25 11:51:40.976 [info] <0.42.0> Application recon started on node nonode@nohost
2018-10-25 11:51:40.976 [info] <0.42.0> Application rabbit_common started on node nonode@nohost
2018-10-25 11:51:40.982 [info] <0.42.0> Application amqp_client started on node nonode@nohost
2018-10-25 11:51:40.982 [info] <0.42.0> Application amqp started on node nonode@nohost
2018-10-25 11:51:41.041 [info] <0.42.0> Application sms_service started on node nonode@nohost
2018-10-25 11:51:47.761 [error] emulator Error in process <0.273.0> with exit value:
{badarith,[{erlang,'+',["To=+351",<<"1234567901">>],[]},{'Elixir.SmsService.Sms',send_notification,2,[{file,"lib/Sms.ex"},{line,11}]},{'Elixir.SmsService.Consumer',consume,4,[{file,"lib/Consumer.ex"},{line,61}]}]}
2018-10-25 11:53:17.011 [info] <0.42.0> Application lager started on node nonode@nohost
2018-10-25 11:53:17.014 [info] <0.42.0> Application xmerl started on node nonode@nohost
2018-10-25 11:53:17.015 [info] <0.42.0> Application jsx started on node nonode@nohost
2018-10-25 11:53:17.016 [info] <0.42.0> Application recon started on node nonode@nohost
2018-10-25 11:53:17.017 [info] <0.42.0> Application rabbit_common started on node nonode@nohost
2018-10-25 11:53:17.022 [info] <0.42.0> Application amqp_client started on node nonode@nohost
2018-10-25 11:53:17.022 [info] <0.42.0> Application amqp started on node nonode@nohost
2018-10-25 11:53:17.081 [info] <0.42.0> Application sms_service started on node nonode@nohost
2018-10-25 11:53:17.099 [error] emulator Error in process <0.271.0> with exit value:
{undef,[{'Elixir.HTTPotion',post,[<<"http://testthings.requestcatcher.com/test">>,[{basic_auth,{<<"AC7fda18118d1b7c04414447ab4cf27586">>,<<"5a8c82fbd153e236576e447d2bf1cc1a">>}}],"To=+3511234567901&From=+12526801302&Body=Your car has stopped its chasrging."],[]},{'Elixir.SmsService.Sms',send_notification,2,[{file,"lib/Sms.ex"},{line,11}]},{'Elixir.SmsService.Consumer',consume,4,[{file,"lib/Consumer.ex"},{line,61}]}]}
2018-10-25 11:55:30.700 [info] <0.42.0> Application lager started on node nonode@nohost
2018-10-25 11:55:30.703 [info] <0.42.0> Application xmerl started on node nonode@nohost
2018-10-25 11:55:30.704 [info] <0.42.0> Application jsx started on node nonode@nohost
2018-10-25 11:55:30.704 [info] <0.42.0> Application recon started on node nonode@nohost
2018-10-25 11:55:30.705 [info] <0.42.0> Application rabbit_common started on node nonode@nohost
2018-10-25 11:55:30.711 [info] <0.42.0> Application amqp_client started on node nonode@nohost
2018-10-25 11:55:30.711 [info] <0.42.0> Application amqp started on node nonode@nohost
2018-10-25 11:55:30.767 [info] <0.42.0> Application sms_service started on node nonode@nohost
2018-10-25 11:55:30.785 [error] emulator Error in process <0.271.0> with exit value:
{undef,[{'Elixir.HTTPotion','post!',[<<"http://testthings.requestcatcher.com/test">>,"To=+3511234567901&From=+12526801302&Body=Your car has stopped its chasrging.",#{'Authorization' => <<"Basic QUM3ZmRhMTgxMThkMWI3YzA0NDE0NDQ3YWI0Y2YyNzU4Njo1YThjODJmYmQxNTNlMjM2NTc2ZTQ0N2QyYmYxY2MxYQ==">>,'Content-Type' => <<"application/x-www-form-urlencoded">>}],[]},{'Elixir.SmsService.Sms',send_notification,2,[{file,"lib/Sms.ex"},{line,9}]},{'Elixir.SmsService.Consumer',consume,4,[{file,"lib/Consumer.ex"},{line,61}]}]}
2018-10-25 13:08:51.703 [info] <0.42.0> Application lager started on node nonode@nohost
2018-10-25 13:08:51.707 [info] <0.42.0> Application xmerl started on node nonode@nohost
2018-10-25 13:08:51.708 [info] <0.42.0> Application jsx started on node nonode@nohost
2018-10-25 13:08:51.709 [info] <0.42.0> Application recon started on node nonode@nohost
2018-10-25 13:08:51.709 [info] <0.42.0> Application rabbit_common started on node nonode@nohost
2018-10-25 13:08:51.715 [info] <0.42.0> Application amqp_client started on node nonode@nohost
2018-10-25 13:08:51.716 [info] <0.42.0> Application amqp started on node nonode@nohost
2018-10-25 13:09:12.395 [info] <0.42.0> Application lager started on node nonode@nohost
2018-10-25 13:09:12.399 [info] <0.42.0> Application xmerl started on node nonode@nohost
2018-10-25 13:09:12.400 [info] <0.42.0> Application jsx started on node nonode@nohost
2018-10-25 13:09:12.401 [info] <0.42.0> Application recon started on node nonode@nohost
2018-10-25 13:09:12.401 [info] <0.42.0> Application rabbit_common started on node nonode@nohost
2018-10-25 13:09:12.406 [info] <0.42.0> Application amqp_client started on node nonode@nohost
2018-10-25 13:09:12.406 [info] <0.42.0> Application amqp started on node nonode@nohost
2018-10-25 13:09:12.469 [info] <0.42.0> Application sms_service started on node nonode@nohost
2018-10-25 13:09:26.510 [error] emulator Error in process <0.264.0> with exit value:
{function_clause,[{'Elixir.Access',get,[{form,[{'To',<<"+3511234567901">>},{'From',<<"12526801302">>},{'Body',<<"Your car has stopped its chasrging.">>}]},query,nil],[{file,"lib/access.ex"},{line,316}]},{'Elixir.HTTPotion',append_query_string,2,[{file,"lib/httpotion.ex"},{line,453}]},{'Elixir.HTTPotion',process_arguments,3,[{file,"lib/httpotion.ex"},{line,453}]},{'Elixir.HTTPotion',request,3,[{file,"lib/httpotion.ex"},{line,453}]},{'Elixir.HTTPotion','request!',3,[{file,"lib/httpotion.ex"},{line,453}]},{'Elixir.SmsService.Sms',send_notification,2,[{file,"lib/Sms.ex"},{line,11}]},{'Elixir.SmsService.Consumer',consume,4,[{file,"lib/Consumer.ex"},{line,61}]}]}
2018-10-25 13:11:24.324 [info] <0.42.0> Application lager started on node nonode@nohost
2018-10-25 13:11:24.327 [info] <0.42.0> Application xmerl started on node nonode@nohost
2018-10-25 13:11:24.328 [info] <0.42.0> Application jsx started on node nonode@nohost
2018-10-25 13:11:24.329 [info] <0.42.0> Application recon started on node nonode@nohost
2018-10-25 13:11:24.329 [info] <0.42.0> Application rabbit_common started on node nonode@nohost
2018-10-25 13:11:24.336 [info] <0.42.0> Application amqp_client started on node nonode@nohost
2018-10-25 13:11:24.336 [info] <0.42.0> Application amqp started on node nonode@nohost
2018-10-25 13:11:24.395 [info] <0.42.0> Application sms_service started on node nonode@nohost
2018-10-25 13:11:24.412 [error] emulator Error in process <0.262.0> with exit value:
{function_clause,[{'Elixir.Access',get,[{form,[{'To',<<"+3511234567901">>},{'From',<<"12526801302">>},{'Body',<<"Your car has stopped its chasrging.">>}]},query,nil],[{file,"lib/access.ex"},{line,316}]},{'Elixir.HTTPotion',append_query_string,2,[{file,"lib/httpotion.ex"},{line,453}]},{'Elixir.HTTPotion',process_arguments,3,[{file,"lib/httpotion.ex"},{line,453}]},{'Elixir.HTTPotion',request,3,[{file,"lib/httpotion.ex"},{line,453}]},{'Elixir.HTTPotion','request!',3,[{file,"lib/httpotion.ex"},{line,453}]},{'Elixir.SmsService.Sms',send_notification,2,[{file,"lib/Sms.ex"},{line,11}]},{'Elixir.SmsService.Consumer',consume,4,[{file,"lib/Consumer.ex"},{line,61}]}]}
2018-10-25 13:11:58.029 [info] <0.42.0> Application lager started on node nonode@nohost
2018-10-25 13:11:58.033 [info] <0.42.0> Application xmerl started on node nonode@nohost
2018-10-25 13:11:58.035 [info] <0.42.0> Application jsx started on node nonode@nohost
2018-10-25 13:11:58.035 [info] <0.42.0> Application recon started on node nonode@nohost
2018-10-25 13:11:58.035 [info] <0.42.0> Application rabbit_common started on node nonode@nohost
2018-10-25 13:11:58.042 [info] <0.42.0> Application amqp_client started on node nonode@nohost
2018-10-25 13:11:58.042 [info] <0.42.0> Application amqp started on node nonode@nohost
2018-10-25 13:11:58.111 [info] <0.42.0> Application sms_service started on node nonode@nohost
2018-10-25 13:11:58.128 [error] emulator Error in process <0.271.0> with exit value:
{function_clause,[{'Elixir.Access',get,[{form,[{'To',<<"+3511234567901">>},{'From',<<"12526801302">>},{'Body',<<"Your car has stopped its chasrging.">>}]},query,nil],[{file,"lib/access.ex"},{line,316}]},{'Elixir.HTTPotion',append_query_string,2,[{file,"lib/httpotion.ex"},{line,453}]},{'Elixir.HTTPotion',process_arguments,3,[{file,"lib/httpotion.ex"},{line,453}]},{'Elixir.HTTPotion',request,3,[{file,"lib/httpotion.ex"},{line,453}]},{'Elixir.HTTPotion','request!',3,[{file,"lib/httpotion.ex"},{line,453}]},{'Elixir.SmsService.Consumer',consume,4,[{file,"lib/Consumer.ex"},{line,61}]}]}
2018-10-25 13:14:33.430 [info] <0.42.0> Application lager started on node nonode@nohost
2018-10-25 13:14:33.434 [info] <0.42.0> Application xmerl started on node nonode@nohost
2018-10-25 13:14:33.435 [info] <0.42.0> Application jsx started on node nonode@nohost
2018-10-25 13:14:33.436 [info] <0.42.0> Application recon started on node nonode@nohost
2018-10-25 13:14:33.436 [info] <0.42.0> Application rabbit_common started on node nonode@nohost
2018-10-25 13:14:33.442 [info] <0.42.0> Application amqp_client started on node nonode@nohost
2018-10-25 13:14:33.442 [info] <0.42.0> Application amqp started on node nonode@nohost
2018-10-25 13:14:33.501 [info] <0.42.0> Application sms_service started on node nonode@nohost
2018-10-25 13:14:33.523 [error] emulator Error in process <0.271.0> with exit value:
{undef,[{'Elixir.HTTPotion','post!',[<<"http://testthings.requestcatcher.com/test">>,{form,[{'To',<<"+3511234567901">>},{'From',<<"12526801302">>},{'Body',<<"Your car has stopped its chasrging.">>}]},[],[{basic_auth,{<<"AC7fda18118d1b7c04414447ab4cf27586">>,<<"5a8c82fbd153e236576e447d2bf1cc1a">>}}]],[]},{'Elixir.SmsService.Consumer',consume,4,[{file,"lib/Consumer.ex"},{line,61}]}]}
2018-10-25 13:17:00.283 [info] <0.42.0> Application lager started on node nonode@nohost
2018-10-25 13:17:00.286 [info] <0.42.0> Application xmerl started on node nonode@nohost
2018-10-25 13:17:00.287 [info] <0.42.0> Application jsx started on node nonode@nohost
2018-10-25 13:17:00.287 [info] <0.42.0> Application recon started on node nonode@nohost
2018-10-25 13:17:00.287 [info] <0.42.0> Application rabbit_common started on node nonode@nohost
2018-10-25 13:17:00.293 [info] <0.42.0> Application amqp_client started on node nonode@nohost
2018-10-25 13:17:00.293 [info] <0.42.0> Application amqp started on node nonode@nohost
2018-10-25 13:17:00.353 [info] <0.42.0> Application sms_service started on node nonode@nohost
2018-10-25 13:17:00.369 [error] emulator Error in process <0.271.0> with exit value:
{undef,[{'Elixir.HTTPotion','post!',[<<"http://testthings.requestcatcher.com/test">>,{form,[{'To',<<"+3511234567901">>},{'From',<<"12526801302">>},{'Body',<<"Your car has stopped its chasrging.">>}]},[{basic_auth,{<<"AC7fda18118d1b7c04414447ab4cf27586">>,<<"5a8c82fbd153e236576e447d2bf1cc1a">>}}]],[]},{'Elixir.SmsService.Consumer',consume,4,[{file,"lib/Consumer.ex"},{line,61}]}]}
2018-10-25 13:24:09.926 [info] <0.42.0> Application lager started on node nonode@nohost
2018-10-25 13:24:09.929 [info] <0.42.0> Application xmerl started on node nonode@nohost
2018-10-25 13:24:09.931 [info] <0.42.0> Application jsx started on node nonode@nohost
2018-10-25 13:24:09.932 [info] <0.42.0> Application recon started on node nonode@nohost
2018-10-25 13:24:09.932 [info] <0.42.0> Application rabbit_common started on node nonode@nohost
2018-10-25 13:24:09.937 [info] <0.42.0> Application amqp_client started on node nonode@nohost
2018-10-25 13:24:09.937 [info] <0.42.0> Application amqp started on node nonode@nohost
2018-10-25 13:24:09.942 [info] <0.42.0> Application unicode_util_compat started on node nonode@nohost
2018-10-25 13:24:09.942 [info] <0.42.0> Application idna started on node nonode@nohost
2018-10-25 13:24:09.943 [info] <0.42.0> Application mimerl started on node nonode@nohost
2018-10-25 13:24:09.944 [info] <0.42.0> Application certifi started on node nonode@nohost
2018-10-25 13:24:09.945 [info] <0.42.0> Application ssl_verify_fun started on node nonode@nohost
2018-10-25 13:24:09.946 [info] <0.42.0> Application metrics started on node nonode@nohost
2018-10-25 13:24:09.955 [info] <0.42.0> Application hackney started on node nonode@nohost
2018-10-25 13:24:09.955 [info] <0.42.0> Application httpoison started on node nonode@nohost
2018-10-25 13:24:09.957 [info] <0.42.0> Application inflex started on node nonode@nohost
2018-10-25 13:24:09.960 [info] <0.42.0> Application base64url started on node nonode@nohost
2018-10-25 13:24:10.012 [info] <0.42.0> Application jose started on node nonode@nohost
2018-10-25 13:24:10.012 [info] <0.42.0> Application joken started on node nonode@nohost
2018-10-25 13:24:10.012 [info] <0.42.0> Application ex_twilio started on node nonode@nohost
2018-10-25 13:24:10.069 [info] <0.42.0> Application sms_service started on node nonode@nohost
2018-10-25 13:27:37.992 [info] <0.42.0> Application lager started on node nonode@nohost
2018-10-25 13:27:37.995 [info] <0.42.0> Application xmerl started on node nonode@nohost
2018-10-25 13:27:37.997 [info] <0.42.0> Application jsx started on node nonode@nohost
2018-10-25 13:27:37.997 [info] <0.42.0> Application recon started on node nonode@nohost
2018-10-25 13:27:37.998 [info] <0.42.0> Application rabbit_common started on node nonode@nohost
2018-10-25 13:27:38.003 [info] <0.42.0> Application amqp_client started on node nonode@nohost
2018-10-25 13:27:38.003 [info] <0.42.0> Application amqp started on node nonode@nohost
2018-10-25 13:27:38.008 [info] <0.42.0> Application unicode_util_compat started on node nonode@nohost
2018-10-25 13:27:38.008 [info] <0.42.0> Application idna started on node nonode@nohost
2018-10-25 13:27:38.009 [info] <0.42.0> Application mimerl started on node nonode@nohost
2018-10-25 13:27:38.010 [info] <0.42.0> Application certifi started on node nonode@nohost
2018-10-25 13:27:38.010 [info] <0.42.0> Application ssl_verify_fun started on node nonode@nohost
2018-10-25 13:27:38.012 [info] <0.42.0> Application metrics started on node nonode@nohost
2018-10-25 13:27:38.019 [info] <0.42.0> Application hackney started on node nonode@nohost
2018-10-25 13:27:38.019 [info] <0.42.0> Application httpoison started on node nonode@nohost
2018-10-25 13:27:38.021 [info] <0.42.0> Application inflex started on node nonode@nohost
2018-10-25 13:27:38.023 [info] <0.42.0> Application base64url started on node nonode@nohost
2018-10-25 13:27:38.082 [info] <0.42.0> Application jose started on node nonode@nohost
2018-10-25 13:27:38.082 [info] <0.42.0> Application joken started on node nonode@nohost
2018-10-25 13:27:38.082 [info] <0.42.0> Application ex_twilio started on node nonode@nohost
2018-10-25 13:27:38.155 [info] <0.42.0> Application sms_service started on node nonode@nohost
2018-10-25 13:27:45.563 [error] emulator Error in process <0.309.0> with exit value:
{#{'__exception__' => true,'__struct__' => 'Elixir.Protocol.UndefinedError',description => <<>>,protocol => 'Elixir.String.Chars',value => {error,<<"The requested resource /2010-04-01/Messages.json was not found">>,404}},[{'Elixir.String.Chars','impl_for!',1,[{file,"/home/vagrant/2018-09-24_12-39-03/scripts/elixir/deb/elixir_1.7.3-1/lib/elixir/lib/string/chars.ex"},{line,3}]},{'Elixir.String.Chars',to_string,1,[{file,"/home/vagrant/2018-09-24_12-39-03/scripts/elixir/deb/elixir_1.7.3-1/lib/elixir/lib/string/chars.ex"},{line,22}]},{'Elixir.IO',puts,2,[{file,"lib/io.ex"},{line,553}]},{'Elixir.SmsService.Consumer',consume,4,[{file,"lib/Consumer.ex"},{line,61}]}]}
2018-10-25 13:28:15.123 [info] <0.42.0> Application lager started on node nonode@nohost
2018-10-25 13:28:15.127 [info] <0.42.0> Application xmerl started on node nonode@nohost
2018-10-25 13:28:15.129 [info] <0.42.0> Application jsx started on node nonode@nohost
2018-10-25 13:28:15.129 [info] <0.42.0> Application recon started on node nonode@nohost
2018-10-25 13:28:15.129 [info] <0.42.0> Application rabbit_common started on node nonode@nohost
2018-10-25 13:28:15.135 [info] <0.42.0> Application amqp_client started on node nonode@nohost
2018-10-25 13:28:15.135 [info] <0.42.0> Application amqp started on node nonode@nohost
2018-10-25 13:28:15.139 [info] <0.42.0> Application unicode_util_compat started on node nonode@nohost
2018-10-25 13:28:15.139 [info] <0.42.0> Application idna started on node nonode@nohost
2018-10-25 13:28:15.140 [info] <0.42.0> Application mimerl started on node nonode@nohost
2018-10-25 13:28:15.141 [info] <0.42.0> Application certifi started on node nonode@nohost
2018-10-25 13:28:15.142 [info] <0.42.0> Application ssl_verify_fun started on node nonode@nohost
2018-10-25 13:28:15.143 [info] <0.42.0> Application metrics started on node nonode@nohost
2018-10-25 13:28:15.150 [info] <0.42.0> Application hackney started on node nonode@nohost
2018-10-25 13:28:15.150 [info] <0.42.0> Application httpoison started on node nonode@nohost
2018-10-25 13:28:15.151 [info] <0.42.0> Application inflex started on node nonode@nohost
2018-10-25 13:28:15.154 [info] <0.42.0> Application base64url started on node nonode@nohost
2018-10-25 13:28:15.211 [info] <0.42.0> Application jose started on node nonode@nohost
2018-10-25 13:28:15.211 [info] <0.42.0> Application joken started on node nonode@nohost
2018-10-25 13:28:15.211 [info] <0.42.0> Application ex_twilio started on node nonode@nohost
2018-10-25 13:28:15.274 [info] <0.42.0> Application sms_service started on node nonode@nohost
2018-10-25 13:28:16.197 [error] emulator Error in process <0.307.0> with exit value:
{badarg,[{erlang,apply,[{error,<<"The requested resource /2010-04-01/Messages.json was not found">>,404},error_message,[]],[]},{'Elixir.SmsService.Sms',send_notification,2,[{file,"lib/Sms.ex"},{line,10}]},{'Elixir.SmsService.Consumer',consume,4,[{file,"lib/Consumer.ex"},{line,61}]}]}
2018-10-25 13:28:31.902 [info] <0.42.0> Application lager started on node nonode@nohost
2018-10-25 13:28:31.906 [info] <0.42.0> Application xmerl started on node nonode@nohost
2018-10-25 13:28:31.907 [info] <0.42.0> Application jsx started on node nonode@nohost
2018-10-25 13:28:31.908 [info] <0.42.0> Application recon started on node nonode@nohost
2018-10-25 13:28:31.908 [info] <0.42.0> Application rabbit_common started on node nonode@nohost
2018-10-25 13:28:31.914 [info] <0.42.0> Application amqp_client started on node nonode@nohost
2018-10-25 13:28:31.914 [info] <0.42.0> Application amqp started on node nonode@nohost
2018-10-25 13:28:31.918 [info] <0.42.0> Application unicode_util_compat started on node nonode@nohost
2018-10-25 13:28:31.918 [info] <0.42.0> Application idna started on node nonode@nohost
2018-10-25 13:28:31.919 [info] <0.42.0> Application mimerl started on node nonode@nohost
2018-10-25 13:28:31.920 [info] <0.42.0> Application certifi started on node nonode@nohost
2018-10-25 13:28:31.920 [info] <0.42.0> Application ssl_verify_fun started on node nonode@nohost
2018-10-25 13:28:31.921 [info] <0.42.0> Application metrics started on node nonode@nohost
2018-10-25 13:28:31.928 [info] <0.42.0> Application hackney started on node nonode@nohost
2018-10-25 13:28:31.929 [info] <0.42.0> Application httpoison started on node nonode@nohost
2018-10-25 13:28:31.930 [info] <0.42.0> Application inflex started on node nonode@nohost
2018-10-25 13:28:31.932 [info] <0.42.0> Application base64url started on node nonode@nohost
2018-10-25 13:28:31.992 [info] <0.42.0> Application jose started on node nonode@nohost
2018-10-25 13:28:31.992 [info] <0.42.0> Application joken started on node nonode@nohost
2018-10-25 13:28:31.992 [info] <0.42.0> Application ex_twilio started on node nonode@nohost
2018-10-25 13:28:32.063 [info] <0.42.0> Application sms_service started on node nonode@nohost
2018-10-25 13:39:05.104 [info] <0.42.0> Application lager started on node nonode@nohost
2018-10-25 13:39:05.106 [info] <0.42.0> Application xmerl started on node nonode@nohost
2018-10-25 13:39:05.108 [info] <0.42.0> Application jsx started on node nonode@nohost
2018-10-25 13:39:05.109 [info] <0.42.0> Application recon started on node nonode@nohost
2018-10-25 13:39:05.109 [info] <0.42.0> Application rabbit_common started on node nonode@nohost
2018-10-25 13:39:05.116 [info] <0.42.0> Application amqp_client started on node nonode@nohost
2018-10-25 13:39:05.116 [info] <0.42.0> Application amqp started on node nonode@nohost
2018-10-25 13:39:05.121 [info] <0.42.0> Application unicode_util_compat started on node nonode@nohost
2018-10-25 13:39:05.121 [info] <0.42.0> Application idna started on node nonode@nohost
2018-10-25 13:39:05.122 [info] <0.42.0> Application mimerl started on node nonode@nohost
2018-10-25 13:39:05.123 [info] <0.42.0> Application certifi started on node nonode@nohost
2018-10-25 13:39:05.125 [info] <0.42.0> Application ssl_verify_fun started on node nonode@nohost
2018-10-25 13:39:05.126 [info] <0.42.0> Application metrics started on node nonode@nohost
2018-10-25 13:39:05.136 [info] <0.42.0> Application hackney started on node nonode@nohost
2018-10-25 13:39:05.137 [info] <0.42.0> Application httpoison started on node nonode@nohost
2018-10-25 13:39:05.138 [info] <0.42.0> Application inflex started on node nonode@nohost
2018-10-25 13:39:05.141 [info] <0.42.0> Application base64url started on node nonode@nohost
2018-10-25 13:39:05.195 [info] <0.42.0> Application jose started on node nonode@nohost
2018-10-25 13:39:05.195 [info] <0.42.0> Application joken started on node nonode@nohost
2018-10-25 13:39:05.195 [info] <0.42.0> Application ex_twilio started on node nonode@nohost
2018-10-25 13:39:05.405 [info] <0.42.0> Application sms_service started on node nonode@nohost
2018-10-25 13:40:16.587 [info] <0.42.0> Application lager started on node nonode@nohost
2018-10-25 13:40:16.591 [info] <0.42.0> Application xmerl started on node nonode@nohost
2018-10-25 13:40:16.593 [info] <0.42.0> Application jsx started on node nonode@nohost
2018-10-25 13:40:16.594 [info] <0.42.0> Application recon started on node nonode@nohost
2018-10-25 13:40:16.594 [info] <0.42.0> Application rabbit_common started on node nonode@nohost
2018-10-25 13:40:16.600 [info] <0.42.0> Application amqp_client started on node nonode@nohost
2018-10-25 13:40:16.600 [info] <0.42.0> Application amqp started on node nonode@nohost
2018-10-25 13:40:16.605 [info] <0.42.0> Application unicode_util_compat started on node nonode@nohost
2018-10-25 13:40:16.605 [info] <0.42.0> Application idna started on node nonode@nohost
2018-10-25 13:40:16.606 [info] <0.42.0> Application mimerl started on node nonode@nohost
2018-10-25 13:40:16.606 [info] <0.42.0> Application certifi started on node nonode@nohost
2018-10-25 13:40:16.607 [info] <0.42.0> Application ssl_verify_fun started on node nonode@nohost
2018-10-25 13:40:16.608 [info] <0.42.0> Application metrics started on node nonode@nohost
2018-10-25 13:40:16.617 [info] <0.42.0> Application hackney started on node nonode@nohost
2018-10-25 13:40:16.617 [info] <0.42.0> Application httpoison started on node nonode@nohost
2018-10-25 13:40:16.618 [info] <0.42.0> Application inflex started on node nonode@nohost
2018-10-25 13:40:16.621 [info] <0.42.0> Application base64url started on node nonode@nohost
2018-10-25 13:40:16.678 [info] <0.42.0> Application jose started on node nonode@nohost
2018-10-25 13:40:16.678 [info] <0.42.0> Application joken started on node nonode@nohost
2018-10-25 13:40:16.678 [info] <0.42.0> Application ex_twilio started on node nonode@nohost
2018-10-25 13:40:16.735 [info] <0.42.0> Application sms_service started on node nonode@nohost
2018-10-25 13:40:51.993 [info] <0.42.0> Application lager started on node nonode@nohost
2018-10-25 13:40:51.999 [info] <0.42.0> Application xmerl started on node nonode@nohost
2018-10-25 13:40:52.000 [info] <0.42.0> Application jsx started on node nonode@nohost
2018-10-25 13:40:52.001 [info] <0.42.0> Application recon started on node nonode@nohost
2018-10-25 13:40:52.001 [info] <0.42.0> Application rabbit_common started on node nonode@nohost
2018-10-25 13:40:52.010 [info] <0.42.0> Application amqp_client started on node nonode@nohost
2018-10-25 13:40:52.010 [info] <0.42.0> Application amqp started on node nonode@nohost
2018-10-25 13:40:52.062 [info] <0.42.0> Application sms_service started on node nonode@nohost
2018-10-25 13:42:34.753 [info] <0.42.0> Application lager started on node nonode@nohost
2018-10-25 13:42:34.757 [info] <0.42.0> Application xmerl started on node nonode@nohost
2018-10-25 13:42:34.758 [info] <0.42.0> Application jsx started on node nonode@nohost
2018-10-25 13:42:34.759 [info] <0.42.0> Application recon started on node nonode@nohost
2018-10-25 13:42:34.759 [info] <0.42.0> Application rabbit_common started on node nonode@nohost
2018-10-25 13:42:34.765 [info] <0.42.0> Application amqp_client started on node nonode@nohost
2018-10-25 13:42:34.766 [info] <0.42.0> Application amqp started on node nonode@nohost
2018-10-25 13:42:34.769 [info] <0.42.0> Application unicode_util_compat started on node nonode@nohost
2018-10-25 13:42:34.769 [info] <0.42.0> Application idna started on node nonode@nohost
2018-10-25 13:42:34.770 [info] <0.42.0> Application mimerl started on node nonode@nohost
2018-10-25 13:42:34.771 [info] <0.42.0> Application certifi started on node nonode@nohost
2018-10-25 13:42:34.772 [info] <0.42.0> Application ssl_verify_fun started on node nonode@nohost
2018-10-25 13:42:34.773 [info] <0.42.0> Application metrics started on node nonode@nohost
2018-10-25 13:42:34.781 [info] <0.42.0> Application hackney started on node nonode@nohost
2018-10-25 13:42:34.781 [info] <0.42.0> Application httpoison started on node nonode@nohost
2018-10-25 13:42:34.782 [info] <0.42.0> Application inflex started on node nonode@nohost
2018-10-25 13:42:34.785 [info] <0.42.0> Application base64url started on node nonode@nohost
2018-10-25 13:42:34.852 [info] <0.42.0> Application jose started on node nonode@nohost
2018-10-25 13:42:34.852 [info] <0.42.0> Application joken started on node nonode@nohost
2018-10-25 13:42:34.852 [info] <0.42.0> Application ex_twilio started on node nonode@nohost
2018-10-25 13:42:34.907 [info] <0.42.0> Application sms_service started on node nonode@nohost
2018-10-25 13:46:07.122 [info] <0.42.0> Application lager started on node nonode@nohost
2018-10-25 13:46:07.127 [info] <0.42.0> Application xmerl started on node nonode@nohost
2018-10-25 13:46:07.128 [info] <0.42.0> Application jsx started on node nonode@nohost
2018-10-25 13:46:07.129 [info] <0.42.0> Application recon started on node nonode@nohost
2018-10-25 13:46:07.129 [info] <0.42.0> Application rabbit_common started on node nonode@nohost
2018-10-25 13:46:07.135 [info] <0.42.0> Application amqp_client started on node nonode@nohost
2018-10-25 13:46:07.136 [info] <0.42.0> Application amqp started on node nonode@nohost
2018-10-25 13:46:07.140 [info] <0.42.0> Application unicode_util_compat started on node nonode@nohost
2018-10-25 13:46:07.141 [info] <0.42.0> Application idna started on node nonode@nohost
2018-10-25 13:46:07.142 [info] <0.42.0> Application mimerl started on node nonode@nohost
2018-10-25 13:46:07.142 [info] <0.42.0> Application certifi started on node nonode@nohost
2018-10-25 13:46:07.143 [info] <0.42.0> Application ssl_verify_fun started on node nonode@nohost
2018-10-25 13:46:07.144 [info] <0.42.0> Application metrics started on node nonode@nohost
2018-10-25 13:46:07.151 [info] <0.42.0> Application hackney started on node nonode@nohost
2018-10-25 13:46:07.151 [info] <0.42.0> Application httpoison started on node nonode@nohost
2018-10-25 13:46:07.153 [info] <0.42.0> Application inflex started on node nonode@nohost
2018-10-25 13:46:07.156 [info] <0.42.0> Application base64url started on node nonode@nohost
2018-10-25 13:46:07.209 [info] <0.42.0> Application jose started on node nonode@nohost
2018-10-25 13:46:07.209 [info] <0.42.0> Application joken started on node nonode@nohost
2018-10-25 13:46:07.209 [info] <0.42.0> Application ex_twilio started on node nonode@nohost
2018-10-25 13:46:07.276 [info] <0.42.0> Application sms_service started on node nonode@nohost
2018-10-25 13:48:11.432 [info] <0.42.0> Application lager started on node nonode@nohost
2018-10-25 13:48:11.435 [info] <0.42.0> Application xmerl started on node nonode@nohost
2018-10-25 13:48:11.437 [info] <0.42.0> Application jsx started on node nonode@nohost
2018-10-25 13:48:11.437 [info] <0.42.0> Application recon started on node nonode@nohost
2018-10-25 13:48:11.437 [info] <0.42.0> Application rabbit_common started on node nonode@nohost
2018-10-25 13:48:11.443 [info] <0.42.0> Application amqp_client started on node nonode@nohost
2018-10-25 13:48:11.443 [info] <0.42.0> Application amqp started on node nonode@nohost
2018-10-25 13:48:11.447 [info] <0.42.0> Application unicode_util_compat started on node nonode@nohost
2018-10-25 13:48:11.447 [info] <0.42.0> Application idna started on node nonode@nohost
2018-10-25 13:48:11.448 [info] <0.42.0> Application mimerl started on node nonode@nohost
2018-10-25 13:48:11.449 [info] <0.42.0> Application certifi started on node nonode@nohost
2018-10-25 13:48:11.449 [info] <0.42.0> Application ssl_verify_fun started on node nonode@nohost
2018-10-25 13:48:11.450 [info] <0.42.0> Application metrics started on node nonode@nohost
2018-10-25 13:48:11.458 [info] <0.42.0> Application hackney started on node nonode@nohost
2018-10-25 13:48:11.458 [info] <0.42.0> Application httpoison started on node nonode@nohost
2018-10-25 13:48:11.459 [info] <0.42.0> Application inflex started on node nonode@nohost
2018-10-25 13:48:11.462 [info] <0.42.0> Application base64url started on node nonode@nohost
2018-10-25 13:48:11.523 [info] <0.42.0> Application jose started on node nonode@nohost
2018-10-25 13:48:11.523 [info] <0.42.0> Application joken started on node nonode@nohost
2018-10-25 13:48:11.523 [info] <0.42.0> Application ex_twilio started on node nonode@nohost
2018-10-25 13:48:11.579 [info] <0.42.0> Application sms_service started on node nonode@nohost
2018-10-25 13:56:24.395 [info] <0.42.0> Application lager started on node nonode@nohost
2018-10-25 13:56:24.398 [info] <0.42.0> Application xmerl started on node nonode@nohost
2018-10-25 13:56:24.400 [info] <0.42.0> Application jsx started on node nonode@nohost
2018-10-25 13:56:24.401 [info] <0.42.0> Application recon started on node nonode@nohost
2018-10-25 13:56:24.401 [info] <0.42.0> Application rabbit_common started on node nonode@nohost
2018-10-25 13:56:24.407 [info] <0.42.0> Application amqp_client started on node nonode@nohost
2018-10-25 13:56:24.407 [info] <0.42.0> Application amqp started on node nonode@nohost
2018-10-25 13:56:24.411 [info] <0.42.0> Application unicode_util_compat started on node nonode@nohost
2018-10-25 13:56:24.411 [info] <0.42.0> Application idna started on node nonode@nohost
2018-10-25 13:56:24.412 [info] <0.42.0> Application mimerl started on node nonode@nohost
2018-10-25 13:56:24.413 [info] <0.42.0> Application certifi started on node nonode@nohost
2018-10-25 13:56:24.413 [info] <0.42.0> Application ssl_verify_fun started on node nonode@nohost
2018-10-25 13:56:24.415 [info] <0.42.0> Application metrics started on node nonode@nohost
2018-10-25 13:56:24.421 [info] <0.42.0> Application hackney started on node nonode@nohost
2018-10-25 13:56:24.422 [info] <0.42.0> Application httpoison started on node nonode@nohost
2018-10-25 13:56:24.423 [info] <0.42.0> Application inflex started on node nonode@nohost
2018-10-25 13:56:24.426 [info] <0.42.0> Application base64url started on node nonode@nohost
2018-10-25 13:56:24.483 [info] <0.42.0> Application jose started on node nonode@nohost
2018-10-25 13:56:24.483 [info] <0.42.0> Application joken started on node nonode@nohost
2018-10-25 13:56:24.483 [info] <0.42.0> Application ex_twilio started on node nonode@nohost
2018-10-25 13:56:24.553 [info] <0.42.0> Application sms_service started on node nonode@nohost
2018-10-25 14:00:05.150 [warning] <0.293.0> Connection (<0.293.0>) closing: received hard error {'connection.close',320,<<"CONNECTION_FORCED - broker forced connection closure with reason 'shutdown'">>,0,0} from server
2018-10-30 19:39:42.219 [info] <0.42.0> Application lager started on node nonode@nohost
2018-10-30 19:39:42.222 [info] <0.42.0> Application xmerl started on node nonode@nohost
2018-10-30 19:39:42.225 [info] <0.42.0> Application jsx started on node nonode@nohost
2018-10-30 19:39:42.226 [info] <0.42.0> Application recon started on node nonode@nohost
2018-10-30 19:39:42.226 [info] <0.42.0> Application rabbit_common started on node nonode@nohost
2018-10-30 19:39:42.233 [info] <0.42.0> Application amqp_client started on node nonode@nohost
2018-10-30 19:39:42.233 [info] <0.42.0> Application amqp started on node nonode@nohost
2018-10-30 19:39:42.238 [info] <0.42.0> Application unicode_util_compat started on node nonode@nohost
2018-10-30 19:39:42.238 [info] <0.42.0> Application idna started on node nonode@nohost
2018-10-30 19:39:42.239 [info] <0.42.0> Application mimerl started on node nonode@nohost
2018-10-30 19:39:42.240 [info] <0.42.0> Application certifi started on node nonode@nohost
2018-10-30 19:39:42.242 [info] <0.42.0> Application ssl_verify_fun started on node nonode@nohost
2018-10-30 19:39:42.243 [info] <0.42.0> Application metrics started on node nonode@nohost
2018-10-30 19:39:42.253 [info] <0.42.0> Application hackney started on node nonode@nohost
2018-10-30 19:39:42.253 [info] <0.42.0> Application httpoison started on node nonode@nohost
2018-10-30 19:39:42.255 [info] <0.42.0> Application inflex started on node nonode@nohost
2018-10-30 19:39:42.258 [info] <0.42.0> Application base64url started on node nonode@nohost
2018-10-30 19:39:42.316 [info] <0.42.0> Application jose started on node nonode@nohost
2018-10-30 19:39:42.316 [info] <0.42.0> Application joken started on node nonode@nohost
2018-10-30 19:39:42.316 [info] <0.42.0> Application ex_twilio started on node nonode@nohost
2018-10-30 19:39:42.387 [info] <0.42.0> Application sms_service started on node nonode@nohost
