2018-10-25 10:59:33.285 [error] <0.235.0> CRASH REPORT Process <0.235.0> with 0 neighbours exited with reason: {{shutdown,{server_initiated_close,404,<<"NOT_FOUND - no queue 'SMS' in vhost '/'">>}},{gen_server,call,[<0.249.0>,{subscribe,{'basic.consume',0,<<"SMS">>,<<>>,false,false,false,false,[]},<0.251.0>},60000]}} in gen_server:call/3 line 223
2018-10-25 11:02:26.994 [error] <0.243.0> Supervisor 'Elixir.SmsService.Supervisor' had child 'Elixir.SmsService.Consumer' started with 'Elixir.SmsService.Consumer':start_link() at undefined exit with reason {{shutdown,{server_initiated_close,404,<<"NOT_FOUND - no queue 'SMS' in vhost '/'">>}},{gen_server,call,[<0.258.0>,{subscribe,{'basic.consume',0,<<"SMS">>,<<>>,false,false,false,false,[]},<0.260.0>},60000]}} in context start_error
2018-10-25 11:03:44.749 [error] <0.235.0> CRASH REPORT Process <0.235.0> with 0 neighbours exited with reason: {{shutdown,{server_initiated_close,404,<<"NOT_FOUND - no queue 'SMS' in vhost '/'">>}},{gen_server,call,[<0.249.0>,{subscribe,{'basic.consume',0,<<"SMS">>,<<>>,false,false,false,false,[]},<0.251.0>},60000]}} in gen_server:call/3 line 223
2018-10-25 11:03:53.787 [error] <0.235.0> CRASH REPORT Process <0.235.0> with 0 neighbours exited with reason: {{shutdown,{server_initiated_close,404,<<"NOT_FOUND - no queue 'SMS' in vhost '/'">>}},{gen_server,call,[<0.249.0>,{subscribe,{'basic.consume',0,<<"SMS">>,<<>>,false,false,false,false,[]},<0.251.0>},60000]}} in gen_server:call/3 line 223
2018-10-25 11:04:19.331 [error] <0.234.0> Supervisor 'Elixir.SmsService.Supervisor' had child 'Elixir.SmsService.Consumer' started with 'Elixir.SmsService.Consumer':start_link() at undefined exit with reason {{shutdown,{server_initiated_close,404,<<"NOT_FOUND - no queue 'SMS' in vhost '/'">>}},{gen_server,call,[<0.249.0>,{subscribe,{'basic.consume',0,<<"SMS">>,<<>>,false,false,false,false,[]},<0.251.0>},60000]}} in context start_error
2018-10-25 11:04:35.316 [error] <0.234.0> Supervisor 'Elixir.SmsService.Supervisor' had child 'Elixir.SmsService.Consumer' started with 'Elixir.SmsService.Consumer':start_link() at undefined exit with reason {{shutdown,{server_initiated_close,404,<<"NOT_FOUND - no queue 'SMS' in vhost '/'">>}},{gen_server,call,[<0.249.0>,{subscribe,{'basic.consume',0,<<"SMS">>,<<>>,false,false,false,false,[]},<0.251.0>},60000]}} in context start_error
2018-10-25 11:05:05.350 [error] <0.235.0> CRASH REPORT Process <0.235.0> with 0 neighbours exited with reason: {{shutdown,{server_initiated_close,404,<<"NOT_FOUND - no queue 'SMS' in vhost '/'">>}},{gen_server,call,[<0.249.0>,{subscribe,{'basic.consume',0,<<"SMS">>,<<>>,false,false,false,false,[]},<0.251.0>},60000]}} in gen_server:call/3 line 223
2018-10-25 11:07:02.167 [error] <0.243.0>@Elixir.SmsService.Consumer:rabbitmq_connect:17 Supervisor 'Elixir.SmsService.Supervisor' had child 'Elixir.SmsService.Consumer' started with 'Elixir.SmsService.Consumer':start_link() at undefined exit with reason no case clause matching {error,econnrefused} in 'Elixir.SmsService.Consumer':rabbitmq_connect/0 line 17 in context start_error
2018-10-25 11:08:18.862 [error] <0.265.0> gen_server <0.265.0> terminated with reason: {channel0_died,{writer,send_failed,{error,closed}}}
2018-10-25 11:08:18.869 [error] <0.265.0> CRASH REPORT Process <0.265.0> with 0 neighbours exited with reason: {channel0_died,{writer,send_failed,{error,closed}}} in gen_server:handle_common_reply/8 line 751
2018-10-25 11:08:18.869 [error] <0.263.0> Supervisor {<0.263.0>,amqp_connection_sup} had child connection started with amqp_gen_connection:start_link(<0.264.0>, {amqp_params_network,<<"guest">>,<<"guest">>,<<"/">>,"localhost",5672,0,0,10,60000,none,[fun amqp_a..>,...],...}) at <0.265.0> exit with reason {channel0_died,{writer,send_failed,{error,closed}}} in context child_terminated
2018-10-25 11:08:18.870 [error] <0.263.0> Supervisor {<0.263.0>,amqp_connection_sup} had child connection started with amqp_gen_connection:start_link(<0.264.0>, {amqp_params_network,<<"guest">>,<<"guest">>,<<"/">>,"localhost",5672,0,0,10,60000,none,[fun amqp_a..>,...],...}) at <0.265.0> exit with reason reached_max_restart_intensity in context shutdown
2018-10-25 11:45:02.863 [error] emulator Error in process <0.278.0> with exit value:
{{badmatch,{<<"AC7fda18118d1b7c04414447ab4cf27586:5a8c82fbd153e236576e447d2bf1cc1a">>}},[{'Elixir.HTTPotion',process_arguments,3,[{file,"lib/httpotion.ex"},{line,453}]},{'Elixir.HTTPotion',request,3,[{file,"lib/httpotion.ex"},{line,453}]},{'Elixir.SmsService.Sms',send_notification,2,[{file,"lib/Sms.ex"},{line,10}]},{'Elixir.SmsService.Consumer',consume,4,[{file,"lib/Consumer.ex"},{line,61}]}]}
2018-10-25 11:46:39.179 [error] emulator Error in process <0.273.0> with exit value:
{{badkey,body,#{'__struct__' => 'Elixir.HTTPotion.ErrorResponse',message => <<"enetunreach">>}},[{'Elixir.SmsService.Sms',send_notification,2,[{file,"lib/Sms.ex"},{line,12}]},{'Elixir.SmsService.Consumer',consume,4,[{file,"lib/Consumer.ex"},{line,61}]}]}
2018-10-25 11:47:15.256 [error] emulator Error in process <0.271.0> with exit value:
{#{'__exception__' => true,'__struct__' => 'Elixir.Protocol.UndefinedError',description => <<>>,protocol => 'Elixir.String.Chars',value => #{'__struct__' => 'Elixir.HTTPotion.ErrorResponse',message => <<"enetunreach">>}},[{'Elixir.String.Chars','impl_for!',1,[{file,"/home/vagrant/2018-09-24_12-39-03/scripts/elixir/deb/elixir_1.7.3-1/lib/elixir/lib/string/chars.ex"},{line,3}]},{'Elixir.String.Chars',to_string,1,[{file,"/home/vagrant/2018-09-24_12-39-03/scripts/elixir/deb/elixir_1.7.3-1/lib/elixir/lib/string/chars.ex"},{line,22}]},{'Elixir.IO',puts,2,[{file,"lib/io.ex"},{line,553}]},{'Elixir.SmsService.Consumer',consume,4,[{file,"lib/Consumer.ex"},{line,61}]}]}
2018-10-25 11:47:26.248 [error] emulator Error in process <0.271.0> with exit value:
{{badkey,body,#{'__struct__' => 'Elixir.HTTPotion.ErrorResponse',message => <<"enetunreach">>}},[{'Elixir.SmsService.Sms',send_notification,2,[{file,"lib/Sms.ex"},{line,12}]},{'Elixir.SmsService.Consumer',consume,4,[{file,"lib/Consumer.ex"},{line,61}]}]}
2018-10-25 11:51:47.761 [error] emulator Error in process <0.273.0> with exit value:
{badarith,[{erlang,'+',["To=+351",<<"1234567901">>],[]},{'Elixir.SmsService.Sms',send_notification,2,[{file,"lib/Sms.ex"},{line,11}]},{'Elixir.SmsService.Consumer',consume,4,[{file,"lib/Consumer.ex"},{line,61}]}]}
2018-10-25 11:53:17.099 [error] emulator Error in process <0.271.0> with exit value:
{undef,[{'Elixir.HTTPotion',post,[<<"http://testthings.requestcatcher.com/test">>,[{basic_auth,{<<"AC7fda18118d1b7c04414447ab4cf27586">>,<<"5a8c82fbd153e236576e447d2bf1cc1a">>}}],"To=+3511234567901&From=+12526801302&Body=Your car has stopped its chasrging."],[]},{'Elixir.SmsService.Sms',send_notification,2,[{file,"lib/Sms.ex"},{line,11}]},{'Elixir.SmsService.Consumer',consume,4,[{file,"lib/Consumer.ex"},{line,61}]}]}
2018-10-25 11:55:30.785 [error] emulator Error in process <0.271.0> with exit value:
{undef,[{'Elixir.HTTPotion','post!',[<<"http://testthings.requestcatcher.com/test">>,"To=+3511234567901&From=+12526801302&Body=Your car has stopped its chasrging.",#{'Authorization' => <<"Basic QUM3ZmRhMTgxMThkMWI3YzA0NDE0NDQ3YWI0Y2YyNzU4Njo1YThjODJmYmQxNTNlMjM2NTc2ZTQ0N2QyYmYxY2MxYQ==">>,'Content-Type' => <<"application/x-www-form-urlencoded">>}],[]},{'Elixir.SmsService.Sms',send_notification,2,[{file,"lib/Sms.ex"},{line,9}]},{'Elixir.SmsService.Consumer',consume,4,[{file,"lib/Consumer.ex"},{line,61}]}]}
2018-10-25 13:09:26.510 [error] emulator Error in process <0.264.0> with exit value:
{function_clause,[{'Elixir.Access',get,[{form,[{'To',<<"+3511234567901">>},{'From',<<"12526801302">>},{'Body',<<"Your car has stopped its chasrging.">>}]},query,nil],[{file,"lib/access.ex"},{line,316}]},{'Elixir.HTTPotion',append_query_string,2,[{file,"lib/httpotion.ex"},{line,453}]},{'Elixir.HTTPotion',process_arguments,3,[{file,"lib/httpotion.ex"},{line,453}]},{'Elixir.HTTPotion',request,3,[{file,"lib/httpotion.ex"},{line,453}]},{'Elixir.HTTPotion','request!',3,[{file,"lib/httpotion.ex"},{line,453}]},{'Elixir.SmsService.Sms',send_notification,2,[{file,"lib/Sms.ex"},{line,11}]},{'Elixir.SmsService.Consumer',consume,4,[{file,"lib/Consumer.ex"},{line,61}]}]}
2018-10-25 13:11:24.412 [error] emulator Error in process <0.262.0> with exit value:
{function_clause,[{'Elixir.Access',get,[{form,[{'To',<<"+3511234567901">>},{'From',<<"12526801302">>},{'Body',<<"Your car has stopped its chasrging.">>}]},query,nil],[{file,"lib/access.ex"},{line,316}]},{'Elixir.HTTPotion',append_query_string,2,[{file,"lib/httpotion.ex"},{line,453}]},{'Elixir.HTTPotion',process_arguments,3,[{file,"lib/httpotion.ex"},{line,453}]},{'Elixir.HTTPotion',request,3,[{file,"lib/httpotion.ex"},{line,453}]},{'Elixir.HTTPotion','request!',3,[{file,"lib/httpotion.ex"},{line,453}]},{'Elixir.SmsService.Sms',send_notification,2,[{file,"lib/Sms.ex"},{line,11}]},{'Elixir.SmsService.Consumer',consume,4,[{file,"lib/Consumer.ex"},{line,61}]}]}
2018-10-25 13:11:58.128 [error] emulator Error in process <0.271.0> with exit value:
{function_clause,[{'Elixir.Access',get,[{form,[{'To',<<"+3511234567901">>},{'From',<<"12526801302">>},{'Body',<<"Your car has stopped its chasrging.">>}]},query,nil],[{file,"lib/access.ex"},{line,316}]},{'Elixir.HTTPotion',append_query_string,2,[{file,"lib/httpotion.ex"},{line,453}]},{'Elixir.HTTPotion',process_arguments,3,[{file,"lib/httpotion.ex"},{line,453}]},{'Elixir.HTTPotion',request,3,[{file,"lib/httpotion.ex"},{line,453}]},{'Elixir.HTTPotion','request!',3,[{file,"lib/httpotion.ex"},{line,453}]},{'Elixir.SmsService.Consumer',consume,4,[{file,"lib/Consumer.ex"},{line,61}]}]}
2018-10-25 13:14:33.523 [error] emulator Error in process <0.271.0> with exit value:
{undef,[{'Elixir.HTTPotion','post!',[<<"http://testthings.requestcatcher.com/test">>,{form,[{'To',<<"+3511234567901">>},{'From',<<"12526801302">>},{'Body',<<"Your car has stopped its chasrging.">>}]},[],[{basic_auth,{<<"AC7fda18118d1b7c04414447ab4cf27586">>,<<"5a8c82fbd153e236576e447d2bf1cc1a">>}}]],[]},{'Elixir.SmsService.Consumer',consume,4,[{file,"lib/Consumer.ex"},{line,61}]}]}
2018-10-25 13:17:00.369 [error] emulator Error in process <0.271.0> with exit value:
{undef,[{'Elixir.HTTPotion','post!',[<<"http://testthings.requestcatcher.com/test">>,{form,[{'To',<<"+3511234567901">>},{'From',<<"12526801302">>},{'Body',<<"Your car has stopped its chasrging.">>}]},[{basic_auth,{<<"AC7fda18118d1b7c04414447ab4cf27586">>,<<"5a8c82fbd153e236576e447d2bf1cc1a">>}}]],[]},{'Elixir.SmsService.Consumer',consume,4,[{file,"lib/Consumer.ex"},{line,61}]}]}
2018-10-25 13:27:45.563 [error] emulator Error in process <0.309.0> with exit value:
{#{'__exception__' => true,'__struct__' => 'Elixir.Protocol.UndefinedError',description => <<>>,protocol => 'Elixir.String.Chars',value => {error,<<"The requested resource /2010-04-01/Messages.json was not found">>,404}},[{'Elixir.String.Chars','impl_for!',1,[{file,"/home/vagrant/2018-09-24_12-39-03/scripts/elixir/deb/elixir_1.7.3-1/lib/elixir/lib/string/chars.ex"},{line,3}]},{'Elixir.String.Chars',to_string,1,[{file,"/home/vagrant/2018-09-24_12-39-03/scripts/elixir/deb/elixir_1.7.3-1/lib/elixir/lib/string/chars.ex"},{line,22}]},{'Elixir.IO',puts,2,[{file,"lib/io.ex"},{line,553}]},{'Elixir.SmsService.Consumer',consume,4,[{file,"lib/Consumer.ex"},{line,61}]}]}
2018-10-25 13:28:16.197 [error] emulator Error in process <0.307.0> with exit value:
{badarg,[{erlang,apply,[{error,<<"The requested resource /2010-04-01/Messages.json was not found">>,404},error_message,[]],[]},{'Elixir.SmsService.Sms',send_notification,2,[{file,"lib/Sms.ex"},{line,10}]},{'Elixir.SmsService.Consumer',consume,4,[{file,"lib/Consumer.ex"},{line,61}]}]}
