2018-10-30 18:32:07.946 [info] <0.42.0> Application lager started on node nonode@nohost
2018-10-30 18:32:07.949 [info] <0.42.0> Application xmerl started on node nonode@nohost
2018-10-30 18:32:07.950 [info] <0.42.0> Application jsx started on node nonode@nohost
2018-10-30 18:32:07.951 [info] <0.42.0> Application recon started on node nonode@nohost
2018-10-30 18:32:07.951 [info] <0.42.0> Application rabbit_common started on node nonode@nohost
2018-10-30 18:32:07.956 [info] <0.42.0> Application amqp_client started on node nonode@nohost
2018-10-30 18:32:07.956 [info] <0.42.0> Application amqp started on node nonode@nohost
2018-10-30 18:32:08.017 [info] <0.42.0> Application app_service started on node nonode@nohost
2018-10-30 18:34:32.516 [info] <0.42.0> Application lager started on node nonode@nohost
2018-10-30 18:34:32.520 [info] <0.42.0> Application xmerl started on node nonode@nohost
2018-10-30 18:34:32.521 [info] <0.42.0> Application jsx started on node nonode@nohost
2018-10-30 18:34:32.522 [info] <0.42.0> Application recon started on node nonode@nohost
2018-10-30 18:34:32.522 [info] <0.42.0> Application rabbit_common started on node nonode@nohost
2018-10-30 18:34:32.528 [info] <0.42.0> Application amqp_client started on node nonode@nohost
2018-10-30 18:34:32.528 [info] <0.42.0> Application amqp started on node nonode@nohost
2018-10-30 18:34:32.597 [info] <0.42.0> Application app_service started on node nonode@nohost
2018-10-30 18:35:46.861 [info] <0.42.0> Application lager started on node nonode@nohost
2018-10-30 18:35:46.865 [info] <0.42.0> Application xmerl started on node nonode@nohost
2018-10-30 18:35:46.866 [info] <0.42.0> Application jsx started on node nonode@nohost
2018-10-30 18:35:46.867 [info] <0.42.0> Application recon started on node nonode@nohost
2018-10-30 18:35:46.867 [info] <0.42.0> Application rabbit_common started on node nonode@nohost
2018-10-30 18:35:46.874 [info] <0.42.0> Application amqp_client started on node nonode@nohost
2018-10-30 18:35:46.874 [info] <0.42.0> Application amqp started on node nonode@nohost
2018-10-30 18:35:46.945 [info] <0.42.0> Application app_service started on node nonode@nohost
2018-10-30 18:36:06.705 [info] <0.42.0> Application lager started on node nonode@nohost
2018-10-30 18:36:06.709 [info] <0.42.0> Application xmerl started on node nonode@nohost
2018-10-30 18:36:06.710 [info] <0.42.0> Application jsx started on node nonode@nohost
2018-10-30 18:36:06.711 [info] <0.42.0> Application recon started on node nonode@nohost
2018-10-30 18:36:06.711 [info] <0.42.0> Application rabbit_common started on node nonode@nohost
2018-10-30 18:36:06.717 [info] <0.42.0> Application amqp_client started on node nonode@nohost
2018-10-30 18:36:06.717 [info] <0.42.0> Application amqp started on node nonode@nohost
2018-10-30 18:36:06.784 [info] <0.42.0> Application app_service started on node nonode@nohost
2018-10-30 18:36:25.403 [info] <0.42.0> Application lager started on node nonode@nohost
2018-10-30 18:36:25.407 [info] <0.42.0> Application xmerl started on node nonode@nohost
2018-10-30 18:36:25.408 [info] <0.42.0> Application jsx started on node nonode@nohost
2018-10-30 18:36:25.409 [info] <0.42.0> Application recon started on node nonode@nohost
2018-10-30 18:36:25.409 [info] <0.42.0> Application rabbit_common started on node nonode@nohost
2018-10-30 18:36:25.416 [info] <0.42.0> Application amqp_client started on node nonode@nohost
2018-10-30 18:36:25.416 [info] <0.42.0> Application amqp started on node nonode@nohost
2018-10-30 18:36:25.485 [info] <0.42.0> Application app_service started on node nonode@nohost
2018-10-30 18:37:37.115 [info] <0.42.0> Application lager started on node nonode@nohost
2018-10-30 18:37:37.120 [info] <0.42.0> Application xmerl started on node nonode@nohost
2018-10-30 18:37:37.122 [info] <0.42.0> Application jsx started on node nonode@nohost
2018-10-30 18:37:37.122 [info] <0.42.0> Application recon started on node nonode@nohost
2018-10-30 18:37:37.122 [info] <0.42.0> Application rabbit_common started on node nonode@nohost
2018-10-30 18:37:37.129 [info] <0.42.0> Application amqp_client started on node nonode@nohost
2018-10-30 18:37:37.129 [info] <0.42.0> Application amqp started on node nonode@nohost
2018-10-30 18:37:37.198 [info] <0.42.0> Application app_service started on node nonode@nohost
2018-10-30 18:37:52.783 [info] <0.42.0> Application lager started on node nonode@nohost
2018-10-30 18:37:52.787 [info] <0.42.0> Application xmerl started on node nonode@nohost
2018-10-30 18:37:52.788 [info] <0.42.0> Application jsx started on node nonode@nohost
2018-10-30 18:37:52.789 [info] <0.42.0> Application recon started on node nonode@nohost
2018-10-30 18:37:52.790 [info] <0.42.0> Application rabbit_common started on node nonode@nohost
2018-10-30 18:37:52.795 [info] <0.42.0> Application amqp_client started on node nonode@nohost
2018-10-30 18:37:52.795 [info] <0.42.0> Application amqp started on node nonode@nohost
2018-10-30 18:37:52.861 [info] <0.42.0> Application app_service started on node nonode@nohost
2018-10-30 18:38:15.470 [info] <0.42.0> Application lager started on node nonode@nohost
2018-10-30 18:38:15.474 [info] <0.42.0> Application xmerl started on node nonode@nohost
2018-10-30 18:38:15.475 [info] <0.42.0> Application jsx started on node nonode@nohost
2018-10-30 18:38:15.476 [info] <0.42.0> Application recon started on node nonode@nohost
2018-10-30 18:38:15.476 [info] <0.42.0> Application rabbit_common started on node nonode@nohost
2018-10-30 18:38:15.482 [info] <0.42.0> Application amqp_client started on node nonode@nohost
2018-10-30 18:38:15.482 [info] <0.42.0> Application amqp started on node nonode@nohost
2018-10-30 18:38:15.551 [info] <0.42.0> Application app_service started on node nonode@nohost
2018-10-30 18:38:44.245 [info] <0.42.0> Application lager started on node nonode@nohost
2018-10-30 18:38:44.247 [info] <0.42.0> Application xmerl started on node nonode@nohost
2018-10-30 18:38:44.249 [info] <0.42.0> Application jsx started on node nonode@nohost
2018-10-30 18:38:44.249 [info] <0.42.0> Application recon started on node nonode@nohost
2018-10-30 18:38:44.250 [info] <0.42.0> Application rabbit_common started on node nonode@nohost
2018-10-30 18:38:44.255 [info] <0.42.0> Application amqp_client started on node nonode@nohost
2018-10-30 18:38:44.255 [info] <0.42.0> Application amqp started on node nonode@nohost
2018-10-30 18:38:44.320 [info] <0.42.0> Application app_service started on node nonode@nohost
2018-10-30 18:39:09.395 [info] <0.42.0> Application lager started on node nonode@nohost
2018-10-30 18:39:09.399 [info] <0.42.0> Application xmerl started on node nonode@nohost
2018-10-30 18:39:09.401 [info] <0.42.0> Application jsx started on node nonode@nohost
2018-10-30 18:39:09.401 [info] <0.42.0> Application recon started on node nonode@nohost
2018-10-30 18:39:09.401 [info] <0.42.0> Application rabbit_common started on node nonode@nohost
2018-10-30 18:39:09.408 [info] <0.42.0> Application amqp_client started on node nonode@nohost
2018-10-30 18:39:09.408 [info] <0.42.0> Application amqp started on node nonode@nohost
2018-10-30 18:39:09.472 [info] <0.42.0> Application app_service started on node nonode@nohost
2018-10-30 18:39:54.096 [info] <0.42.0> Application lager started on node nonode@nohost
2018-10-30 18:39:54.100 [info] <0.42.0> Application xmerl started on node nonode@nohost
2018-10-30 18:39:54.102 [info] <0.42.0> Application jsx started on node nonode@nohost
2018-10-30 18:39:54.102 [info] <0.42.0> Application recon started on node nonode@nohost
2018-10-30 18:39:54.103 [info] <0.42.0> Application rabbit_common started on node nonode@nohost
2018-10-30 18:39:54.109 [info] <0.42.0> Application amqp_client started on node nonode@nohost
2018-10-30 18:39:54.109 [info] <0.42.0> Application amqp started on node nonode@nohost
2018-10-30 18:39:54.173 [info] <0.42.0> Application app_service started on node nonode@nohost
2018-10-30 18:40:15.748 [info] <0.42.0> Application lager started on node nonode@nohost
2018-10-30 18:40:15.751 [info] <0.42.0> Application xmerl started on node nonode@nohost
2018-10-30 18:40:15.753 [info] <0.42.0> Application jsx started on node nonode@nohost
2018-10-30 18:40:15.753 [info] <0.42.0> Application recon started on node nonode@nohost
2018-10-30 18:40:15.753 [info] <0.42.0> Application rabbit_common started on node nonode@nohost
2018-10-30 18:40:15.759 [info] <0.42.0> Application amqp_client started on node nonode@nohost
2018-10-30 18:40:15.759 [info] <0.42.0> Application amqp started on node nonode@nohost
2018-10-30 18:40:15.832 [info] <0.42.0> Application app_service started on node nonode@nohost
2018-10-30 18:40:25.152 [info] <0.42.0> Application lager started on node nonode@nohost
2018-10-30 18:40:25.156 [info] <0.42.0> Application xmerl started on node nonode@nohost
2018-10-30 18:40:25.158 [info] <0.42.0> Application jsx started on node nonode@nohost
2018-10-30 18:40:25.159 [info] <0.42.0> Application recon started on node nonode@nohost
2018-10-30 18:40:25.159 [info] <0.42.0> Application rabbit_common started on node nonode@nohost
2018-10-30 18:40:25.165 [info] <0.42.0> Application amqp_client started on node nonode@nohost
2018-10-30 18:40:25.165 [info] <0.42.0> Application amqp started on node nonode@nohost
2018-10-30 18:40:25.242 [info] <0.42.0> Application app_service started on node nonode@nohost
2018-10-30 18:40:37.223 [info] <0.42.0> Application lager started on node nonode@nohost
2018-10-30 18:40:37.227 [info] <0.42.0> Application xmerl started on node nonode@nohost
2018-10-30 18:40:37.228 [info] <0.42.0> Application jsx started on node nonode@nohost
2018-10-30 18:40:37.229 [info] <0.42.0> Application recon started on node nonode@nohost
2018-10-30 18:40:37.229 [info] <0.42.0> Application rabbit_common started on node nonode@nohost
2018-10-30 18:40:37.234 [info] <0.42.0> Application amqp_client started on node nonode@nohost
2018-10-30 18:40:37.234 [info] <0.42.0> Application amqp started on node nonode@nohost
2018-10-30 18:40:37.299 [info] <0.42.0> Application app_service started on node nonode@nohost
2018-10-30 19:36:47.276 [info] <0.42.0> Application lager started on node nonode@nohost
2018-10-30 19:36:47.280 [info] <0.42.0> Application xmerl started on node nonode@nohost
2018-10-30 19:36:47.281 [info] <0.42.0> Application jsx started on node nonode@nohost
2018-10-30 19:36:47.282 [info] <0.42.0> Application recon started on node nonode@nohost
2018-10-30 19:36:47.282 [info] <0.42.0> Application rabbit_common started on node nonode@nohost
2018-10-30 19:36:47.287 [info] <0.42.0> Application amqp_client started on node nonode@nohost
2018-10-30 19:36:47.288 [info] <0.42.0> Application amqp started on node nonode@nohost
2018-10-30 19:36:47.361 [info] <0.42.0> Application app_service started on node nonode@nohost
2018-10-30 20:06:33.347 [info] <0.42.0> Application lager started on node nonode@nohost
2018-10-30 20:06:33.349 [info] <0.42.0> Application xmerl started on node nonode@nohost
2018-10-30 20:06:33.351 [info] <0.42.0> Application jsx started on node nonode@nohost
2018-10-30 20:06:33.352 [info] <0.42.0> Application recon started on node nonode@nohost
2018-10-30 20:06:33.352 [info] <0.42.0> Application rabbit_common started on node nonode@nohost
2018-10-30 20:06:33.359 [info] <0.42.0> Application amqp_client started on node nonode@nohost
2018-10-30 20:06:33.359 [info] <0.42.0> Application amqp started on node nonode@nohost
2018-10-30 20:06:33.425 [info] <0.42.0> Application app_service started on node nonode@nohost
2018-10-30 20:13:55.790 [info] <0.42.0> Application lager started on node nonode@nohost
2018-10-30 20:13:55.794 [info] <0.42.0> Application xmerl started on node nonode@nohost
2018-10-30 20:13:55.795 [info] <0.42.0> Application jsx started on node nonode@nohost
2018-10-30 20:13:55.797 [info] <0.42.0> Application recon started on node nonode@nohost
2018-10-30 20:13:55.798 [info] <0.42.0> Application rabbit_common started on node nonode@nohost
2018-10-30 20:13:55.803 [info] <0.42.0> Application amqp_client started on node nonode@nohost
2018-10-30 20:13:55.803 [info] <0.42.0> Application amqp started on node nonode@nohost
2018-10-30 20:13:55.894 [info] <0.42.0> Application app_service started on node nonode@nohost
2018-10-30 20:15:06.381 [info] <0.42.0> Application lager started on node nonode@nohost
2018-10-30 20:15:06.386 [info] <0.42.0> Application xmerl started on node nonode@nohost
2018-10-30 20:15:06.388 [info] <0.42.0> Application jsx started on node nonode@nohost
2018-10-30 20:15:06.389 [info] <0.42.0> Application recon started on node nonode@nohost
2018-10-30 20:15:06.389 [info] <0.42.0> Application rabbit_common started on node nonode@nohost
2018-10-30 20:15:06.395 [info] <0.42.0> Application amqp_client started on node nonode@nohost
2018-10-30 20:15:06.395 [info] <0.42.0> Application amqp started on node nonode@nohost
2018-10-30 20:15:06.496 [info] <0.42.0> Application app_service started on node nonode@nohost
