2018-10-20 00:17:55 =ERROR REPORT====
Error in process <0.263.0> with exit value:
{#{'__exception__' => true,'__struct__' => 'Elixir.Protocol.UndefinedError',description => <<>>,protocol => 'Elixir.String.Chars',value => #{'__struct__' => 'Elixir.EmailService.Message',address => <<"disaogofg@ua.pt">>,message => <<"Your car has stopped its chasrasging.">>}},[{'Elixir.String.Chars','impl_for!',1,[{file,"/home/vagrant/2018-09-24_12-39-03/scripts/elixir/deb/elixir_1.7.3-1/lib/elixir/lib/string/chars.ex"},{line,3}]},{'Elixir.String.Chars',to_string,1,[{file,"/home/vagrant/2018-09-24_12-39-03/scripts/elixir/deb/elixir_1.7.3-1/lib/elixir/lib/string/chars.ex"},{line,22}]},{'Elixir.IO',puts,2,[{file,"lib/io.ex"},{line,553}]},{'Elixir.EmailService.Consumer',consume,4,[{file,"lib/Consumer.ex"},{line,64}]}]}
2018-10-20 00:19:07 =ERROR REPORT====
Error in process <0.261.0> with exit value:
{#{'__exception__' => true,'__struct__' => 'Elixir.Protocol.UndefinedError',description => <<>>,protocol => 'Elixir.String.Chars',value => #{<<"address">> => <<"disaogofg@ua.pt">>,<<"message">> => <<"Your car has stopped its chasrasging.">>}},[{'Elixir.String.Chars','impl_for!',1,[{file,"/home/vagrant/2018-09-24_12-39-03/scripts/elixir/deb/elixir_1.7.3-1/lib/elixir/lib/string/chars.ex"},{line,3}]},{'Elixir.String.Chars',to_string,1,[{file,"/home/vagrant/2018-09-24_12-39-03/scripts/elixir/deb/elixir_1.7.3-1/lib/elixir/lib/string/chars.ex"},{line,22}]},{'Elixir.IO',puts,2,[{file,"lib/io.ex"},{line,553}]},{'Elixir.EmailService.Consumer',consume,4,[{file,"lib/Consumer.ex"},{line,64}]}]}
2018-10-20 00:19:15 =ERROR REPORT====
Error in process <0.252.0> with exit value:
{#{'__exception__' => true,'__struct__' => 'Elixir.Protocol.UndefinedError',description => <<>>,protocol => 'Elixir.String.Chars',value => #{<<"address">> => <<"disaogofg@ua.pt">>,<<"message">> => <<"Your car has stopped its chasrasging.">>}},[{'Elixir.String.Chars','impl_for!',1,[{file,"/home/vagrant/2018-09-24_12-39-03/scripts/elixir/deb/elixir_1.7.3-1/lib/elixir/lib/string/chars.ex"},{line,3}]},{'Elixir.String.Chars',to_string,1,[{file,"/home/vagrant/2018-09-24_12-39-03/scripts/elixir/deb/elixir_1.7.3-1/lib/elixir/lib/string/chars.ex"},{line,22}]},{'Elixir.IO',puts,2,[{file,"lib/io.ex"},{line,553}]},{'Elixir.EmailService.Consumer',consume,4,[{file,"lib/Consumer.ex"},{line,64}]}]}
2018-10-20 00:21:39 =ERROR REPORT====
Error in process <0.263.0> with exit value:
{#{'__exception__' => true,'__struct__' => 'Elixir.Protocol.UndefinedError',description => <<>>,protocol => 'Elixir.String.Chars',value => #{<<"address">> => <<"disaogofg@ua.pt">>,<<"message">> => <<"Your car has stopped its chasrasging.">>}},[{'Elixir.String.Chars','impl_for!',1,[{file,"/home/vagrant/2018-09-24_12-39-03/scripts/elixir/deb/elixir_1.7.3-1/lib/elixir/lib/string/chars.ex"},{line,3}]},{'Elixir.String.Chars',to_string,1,[{file,"/home/vagrant/2018-09-24_12-39-03/scripts/elixir/deb/elixir_1.7.3-1/lib/elixir/lib/string/chars.ex"},{line,22}]},{'Elixir.IO',puts,2,[{file,"lib/io.ex"},{line,553}]},{'Elixir.EmailService.Consumer',consume,4,[{file,"lib/Consumer.ex"},{line,64}]}]}
2018-10-20 00:23:24 =ERROR REPORT====
Error in process <0.263.0> with exit value:
{#{'__exception__' => true,'__struct__' => 'Elixir.Protocol.UndefinedError',description => <<>>,protocol => 'Elixir.String.Chars',value => #{'__struct__' => 'Elixir.EmailService.Message',address => <<"disaogofg@ua.pt">>,message => <<"Your car has stopped its chasrasging.">>}},[{'Elixir.String.Chars','impl_for!',1,[{file,"/home/vagrant/2018-09-24_12-39-03/scripts/elixir/deb/elixir_1.7.3-1/lib/elixir/lib/string/chars.ex"},{line,3}]},{'Elixir.String.Chars',to_string,1,[{file,"/home/vagrant/2018-09-24_12-39-03/scripts/elixir/deb/elixir_1.7.3-1/lib/elixir/lib/string/chars.ex"},{line,22}]},{'Elixir.IO',puts,2,[{file,"lib/io.ex"},{line,553}]},{'Elixir.EmailService.Consumer',consume,4,[{file,"lib/Consumer.ex"},{line,64}]}]}
2018-10-20 00:24:33 =ERROR REPORT====
Error in process <0.261.0> with exit value:
{#{'__exception__' => true,'__struct__' => 'Elixir.Protocol.UndefinedError',description => <<>>,protocol => 'Elixir.String.Chars',value => #{'__struct__' => 'Elixir.EmailService.Message',address => <<"disaogofg@ua.pt">>,message => <<"Your car has stopped its chasrasging.">>}},[{'Elixir.String.Chars','impl_for!',1,[{file,"/home/vagrant/2018-09-24_12-39-03/scripts/elixir/deb/elixir_1.7.3-1/lib/elixir/lib/string/chars.ex"},{line,3}]},{'Elixir.String.Chars',to_string,1,[{file,"/home/vagrant/2018-09-24_12-39-03/scripts/elixir/deb/elixir_1.7.3-1/lib/elixir/lib/string/chars.ex"},{line,22}]},{'Elixir.EmailService.Consumer',consume,4,[{file,"lib/Consumer.ex"},{line,64}]}]}
2018-10-20 00:24:40 =ERROR REPORT====
Error in process <0.252.0> with exit value:
{#{'__exception__' => true,'__struct__' => 'Elixir.Protocol.UndefinedError',description => <<>>,protocol => 'Elixir.String.Chars',value => #{'__struct__' => 'Elixir.EmailService.Message',address => <<"disaogofg@ua.pt">>,message => <<"Your car has stopped its chasrasging.">>}},[{'Elixir.String.Chars','impl_for!',1,[{file,"/home/vagrant/2018-09-24_12-39-03/scripts/elixir/deb/elixir_1.7.3-1/lib/elixir/lib/string/chars.ex"},{line,3}]},{'Elixir.String.Chars',to_string,1,[{file,"/home/vagrant/2018-09-24_12-39-03/scripts/elixir/deb/elixir_1.7.3-1/lib/elixir/lib/string/chars.ex"},{line,22}]},{'Elixir.EmailService.Consumer',consume,4,[{file,"lib/Consumer.ex"},{line,64}]}]}
2018-10-20 00:24:43 =ERROR REPORT====
Error in process <0.252.0> with exit value:
{#{'__exception__' => true,'__struct__' => 'Elixir.Protocol.UndefinedError',description => <<>>,protocol => 'Elixir.String.Chars',value => #{'__struct__' => 'Elixir.EmailService.Message',address => <<"disaogofg@ua.pt">>,message => <<"Your car has stopped its chasrasging.">>}},[{'Elixir.String.Chars','impl_for!',1,[{file,"/home/vagrant/2018-09-24_12-39-03/scripts/elixir/deb/elixir_1.7.3-1/lib/elixir/lib/string/chars.ex"},{line,3}]},{'Elixir.String.Chars',to_string,1,[{file,"/home/vagrant/2018-09-24_12-39-03/scripts/elixir/deb/elixir_1.7.3-1/lib/elixir/lib/string/chars.ex"},{line,22}]},{'Elixir.EmailService.Consumer',consume,4,[{file,"lib/Consumer.ex"},{line,64}]}]}
2018-10-20 00:24:51 =ERROR REPORT====
Error in process <0.255.0> with exit value:
{#{'__exception__' => true,'__struct__' => 'Elixir.Protocol.UndefinedError',description => <<>>,protocol => 'Elixir.String.Chars',value => #{'__struct__' => 'Elixir.EmailService.Message',address => <<"disaogofg@ua.pt">>,message => <<"Your car has stopped its chasrasging.">>}},[{'Elixir.String.Chars','impl_for!',1,[{file,"/home/vagrant/2018-09-24_12-39-03/scripts/elixir/deb/elixir_1.7.3-1/lib/elixir/lib/string/chars.ex"},{line,3}]},{'Elixir.String.Chars',to_string,1,[{file,"/home/vagrant/2018-09-24_12-39-03/scripts/elixir/deb/elixir_1.7.3-1/lib/elixir/lib/string/chars.ex"},{line,22}]},{'Elixir.EmailService.Consumer',consume,4,[{file,"lib/Consumer.ex"},{line,64}]}]}
2018-10-20 00:24:51 =ERROR REPORT====
Error in process <0.256.0> with exit value:
{#{'__exception__' => true,'__struct__' => 'Elixir.Protocol.UndefinedError',description => <<>>,protocol => 'Elixir.String.Chars',value => #{'__struct__' => 'Elixir.EmailService.Message',address => <<"disaogofg@ua.pt">>,message => <<"Your car has stopped its chasrasging.">>}},[{'Elixir.String.Chars','impl_for!',1,[{file,"/home/vagrant/2018-09-24_12-39-03/scripts/elixir/deb/elixir_1.7.3-1/lib/elixir/lib/string/chars.ex"},{line,3}]},{'Elixir.String.Chars',to_string,1,[{file,"/home/vagrant/2018-09-24_12-39-03/scripts/elixir/deb/elixir_1.7.3-1/lib/elixir/lib/string/chars.ex"},{line,22}]},{'Elixir.EmailService.Consumer',consume,4,[{file,"lib/Consumer.ex"},{line,64}]}]}
2018-10-20 00:24:52 =ERROR REPORT====
Error in process <0.257.0> with exit value:
{#{'__exception__' => true,'__struct__' => 'Elixir.Protocol.UndefinedError',description => <<>>,protocol => 'Elixir.String.Chars',value => #{'__struct__' => 'Elixir.EmailService.Message',address => <<"disaogofg@ua.pt">>,message => <<"Your car has stopped its chasrasging.">>}},[{'Elixir.String.Chars','impl_for!',1,[{file,"/home/vagrant/2018-09-24_12-39-03/scripts/elixir/deb/elixir_1.7.3-1/lib/elixir/lib/string/chars.ex"},{line,3}]},{'Elixir.String.Chars',to_string,1,[{file,"/home/vagrant/2018-09-24_12-39-03/scripts/elixir/deb/elixir_1.7.3-1/lib/elixir/lib/string/chars.ex"},{line,22}]},{'Elixir.EmailService.Consumer',consume,4,[{file,"lib/Consumer.ex"},{line,64}]}]}
2018-10-20 00:25:22 =ERROR REPORT====
Error in process <0.264.0> with exit value:
{#{'__exception__' => true,'__struct__' => 'Elixir.Protocol.UndefinedError',description => <<>>,protocol => 'Elixir.String.Chars',value => #{'__struct__' => 'Elixir.EmailService.Message',address => <<"disaogofg@ua.pt">>,message => <<"Your car has stopped its chasrasging.">>}},[{'Elixir.String.Chars','impl_for!',1,[{file,"/home/vagrant/2018-09-24_12-39-03/scripts/elixir/deb/elixir_1.7.3-1/lib/elixir/lib/string/chars.ex"},{line,3}]},{'Elixir.String.Chars',to_string,1,[{file,"/home/vagrant/2018-09-24_12-39-03/scripts/elixir/deb/elixir_1.7.3-1/lib/elixir/lib/string/chars.ex"},{line,22}]},{'Elixir.EmailService.Consumer',consume,4,[{file,"lib/Consumer.ex"},{line,64}]}]}
2018-10-20 00:25:22 =ERROR REPORT====
Error in process <0.263.0> with exit value:
{#{'__exception__' => true,'__struct__' => 'Elixir.Protocol.UndefinedError',description => <<>>,protocol => 'Elixir.String.Chars',value => #{'__struct__' => 'Elixir.EmailService.Message',address => <<"disaogofg@ua.pt">>,message => <<"Your car has stopped its chasrasging.">>}},[{'Elixir.String.Chars','impl_for!',1,[{file,"/home/vagrant/2018-09-24_12-39-03/scripts/elixir/deb/elixir_1.7.3-1/lib/elixir/lib/string/chars.ex"},{line,3}]},{'Elixir.String.Chars',to_string,1,[{file,"/home/vagrant/2018-09-24_12-39-03/scripts/elixir/deb/elixir_1.7.3-1/lib/elixir/lib/string/chars.ex"},{line,22}]},{'Elixir.EmailService.Consumer',consume,4,[{file,"lib/Consumer.ex"},{line,64}]}]}
2018-10-20 00:25:22 =ERROR REPORT====
Error in process <0.261.0> with exit value:
{#{'__exception__' => true,'__struct__' => 'Elixir.Protocol.UndefinedError',description => <<>>,protocol => 'Elixir.String.Chars',value => #{'__struct__' => 'Elixir.EmailService.Message',address => <<"disaogofg@ua.pt">>,message => <<"Your car has stopped its chasrasging.">>}},[{'Elixir.String.Chars','impl_for!',1,[{file,"/home/vagrant/2018-09-24_12-39-03/scripts/elixir/deb/elixir_1.7.3-1/lib/elixir/lib/string/chars.ex"},{line,3}]},{'Elixir.String.Chars',to_string,1,[{file,"/home/vagrant/2018-09-24_12-39-03/scripts/elixir/deb/elixir_1.7.3-1/lib/elixir/lib/string/chars.ex"},{line,22}]},{'Elixir.EmailService.Consumer',consume,4,[{file,"lib/Consumer.ex"},{line,64}]}]}
2018-10-20 00:25:22 =ERROR REPORT====
Error in process <0.262.0> with exit value:
{#{'__exception__' => true,'__struct__' => 'Elixir.Protocol.UndefinedError',description => <<>>,protocol => 'Elixir.String.Chars',value => #{'__struct__' => 'Elixir.EmailService.Message',address => <<"disaogofg@ua.pt">>,message => <<"Your car has stopped its chasrasging.">>}},[{'Elixir.String.Chars','impl_for!',1,[{file,"/home/vagrant/2018-09-24_12-39-03/scripts/elixir/deb/elixir_1.7.3-1/lib/elixir/lib/string/chars.ex"},{line,3}]},{'Elixir.String.Chars',to_string,1,[{file,"/home/vagrant/2018-09-24_12-39-03/scripts/elixir/deb/elixir_1.7.3-1/lib/elixir/lib/string/chars.ex"},{line,22}]},{'Elixir.EmailService.Consumer',consume,4,[{file,"lib/Consumer.ex"},{line,64}]}]}
2018-10-20 00:25:29 =ERROR REPORT====
Error in process <0.267.0> with exit value:
{#{'__exception__' => true,'__struct__' => 'Elixir.Protocol.UndefinedError',description => <<>>,protocol => 'Elixir.String.Chars',value => #{'__struct__' => 'Elixir.EmailService.Message',address => <<"disaogofg@ua.pt">>,message => <<"Your car has stopped its chasrasging.">>}},[{'Elixir.String.Chars','impl_for!',1,[{file,"/home/vagrant/2018-09-24_12-39-03/scripts/elixir/deb/elixir_1.7.3-1/lib/elixir/lib/string/chars.ex"},{line,3}]},{'Elixir.String.Chars',to_string,1,[{file,"/home/vagrant/2018-09-24_12-39-03/scripts/elixir/deb/elixir_1.7.3-1/lib/elixir/lib/string/chars.ex"},{line,22}]},{'Elixir.EmailService.Consumer',consume,4,[{file,"lib/Consumer.ex"},{line,64}]}]}
2018-10-23 10:30:35 =ERROR REPORT====
Error in process <0.358.0> with exit value:
{#{'__exception__' => true,'__struct__' => 'Elixir.Bamboo.SMTPAdapter.SMTPError',message => <<"There was a problem sending the email through SMTP.\n\nThe error is :retries_exceeded\n\nMore detail below:\n\n{:network_failure, 'smtp.gmail.com', {:error, :timeout}}\n">>,raw => {retries_exceeded,{network_failure,"smtp.gmail.com",{error,timeout}}}},[{'Elixir.Bamboo.SMTPAdapter',handle_response,1,[{file,"lib/bamboo/adapters/smtp_adapter.ex"},{line,92}]},{'Elixir.Bamboo.Mailer',deliver_now,3,[{file,"lib/bamboo/mailer.ex"},{line,123}]},{'Elixir.EmailService.Consumer',consume,4,[{file,"lib/Consumer.ex"},{line,67}]}]}
2018-10-23 10:31:28 =ERROR REPORT====
Error in process <0.360.0> with exit value:
{#{'__exception__' => true,'__struct__' => 'Elixir.Bamboo.SMTPAdapter.SMTPError',message => <<"There was a problem sending the email through SMTP.\n\nThe error is :retries_exceeded\n\nMore detail below:\n\n{:network_failure, 'smtp.gmail.com', {:error, :timeout}}\n">>,raw => {retries_exceeded,{network_failure,"smtp.gmail.com",{error,timeout}}}},[{'Elixir.Bamboo.SMTPAdapter',handle_response,1,[{file,"lib/bamboo/adapters/smtp_adapter.ex"},{line,92}]},{'Elixir.Bamboo.Mailer',deliver_now,3,[{file,"lib/bamboo/mailer.ex"},{line,123}]},{'Elixir.EmailService.Consumer',consume,4,[{file,"lib/Consumer.ex"},{line,67}]}]}
2018-10-23 10:32:37 =ERROR REPORT====
Error in process <0.362.0> with exit value:
{#{'__exception__' => true,'__struct__' => 'Elixir.Bamboo.SMTPAdapter.SMTPError',message => <<"There was a problem sending the email through SMTP.\n\nThe error is :retries_exceeded\n\nMore detail below:\n\n{:network_failure, 'smtp.gmail.com', {:error, :timeout}}\n">>,raw => {retries_exceeded,{network_failure,"smtp.gmail.com",{error,timeout}}}},[{'Elixir.Bamboo.SMTPAdapter',handle_response,1,[{file,"lib/bamboo/adapters/smtp_adapter.ex"},{line,92}]},{'Elixir.Bamboo.Mailer',deliver_now,3,[{file,"lib/bamboo/mailer.ex"},{line,123}]},{'Elixir.EmailService.Consumer',consume,4,[{file,"lib/Consumer.ex"},{line,67}]}]}
2018-10-23 10:33:57 =ERROR REPORT====
Error in process <0.358.0> with exit value:
{#{'__exception__' => true,'__struct__' => 'Elixir.Bamboo.SMTPAdapter.SMTPError',message => <<"There was a problem sending the email through SMTP.\n\nThe error is :retries_exceeded\n\nMore detail below:\n\n{:network_failure, 'smtp.gmail.com', {:error, :timeout}}\n">>,raw => {retries_exceeded,{network_failure,"smtp.gmail.com",{error,timeout}}}},[{'Elixir.Bamboo.SMTPAdapter',handle_response,1,[{file,"lib/bamboo/adapters/smtp_adapter.ex"},{line,92}]},{'Elixir.Bamboo.Mailer',deliver_now,3,[{file,"lib/bamboo/mailer.ex"},{line,123}]},{'Elixir.EmailService.Consumer',consume,4,[{file,"lib/Consumer.ex"},{line,66}]}]}
2018-10-23 10:33:57 =ERROR REPORT====
Error in process <0.357.0> with exit value:
{#{'__exception__' => true,'__struct__' => 'Elixir.Bamboo.SMTPAdapter.SMTPError',message => <<"There was a problem sending the email through SMTP.\n\nThe error is :retries_exceeded\n\nMore detail below:\n\n{:network_failure, 'smtp.gmail.com', {:error, :timeout}}\n">>,raw => {retries_exceeded,{network_failure,"smtp.gmail.com",{error,timeout}}}},[{'Elixir.Bamboo.SMTPAdapter',handle_response,1,[{file,"lib/bamboo/adapters/smtp_adapter.ex"},{line,92}]},{'Elixir.Bamboo.Mailer',deliver_now,3,[{file,"lib/bamboo/mailer.ex"},{line,123}]},{'Elixir.EmailService.Consumer',consume,4,[{file,"lib/Consumer.ex"},{line,66}]}]}
2018-10-23 10:33:57 =ERROR REPORT====
Error in process <0.356.0> with exit value:
{#{'__exception__' => true,'__struct__' => 'Elixir.Bamboo.SMTPAdapter.SMTPError',message => <<"There was a problem sending the email through SMTP.\n\nThe error is :retries_exceeded\n\nMore detail below:\n\n{:network_failure, 'smtp.gmail.com', {:error, :timeout}}\n">>,raw => {retries_exceeded,{network_failure,"smtp.gmail.com",{error,timeout}}}},[{'Elixir.Bamboo.SMTPAdapter',handle_response,1,[{file,"lib/bamboo/adapters/smtp_adapter.ex"},{line,92}]},{'Elixir.Bamboo.Mailer',deliver_now,3,[{file,"lib/bamboo/mailer.ex"},{line,123}]},{'Elixir.EmailService.Consumer',consume,4,[{file,"lib/Consumer.ex"},{line,66}]}]}
2018-10-23 10:34:20 =ERROR REPORT====
Error in process <0.357.0> with exit value:
{#{'__exception__' => true,'__struct__' => 'Elixir.Bamboo.SMTPAdapter.SMTPError',message => <<"There was a problem sending the email through SMTP.\n\nThe error is :retries_exceeded\n\nMore detail below:\n\n{:network_failure, 'smtp.gmail.com', {:error, :timeout}}\n">>,raw => {retries_exceeded,{network_failure,"smtp.gmail.com",{error,timeout}}}},[{'Elixir.Bamboo.SMTPAdapter',handle_response,1,[{file,"lib/bamboo/adapters/smtp_adapter.ex"},{line,92}]},{'Elixir.Bamboo.Mailer',deliver_now,3,[{file,"lib/bamboo/mailer.ex"},{line,123}]},{'Elixir.EmailService.Consumer',consume,4,[{file,"lib/Consumer.ex"},{line,66}]}]}
2018-10-23 10:34:20 =ERROR REPORT====
Error in process <0.358.0> with exit value:
{#{'__exception__' => true,'__struct__' => 'Elixir.Bamboo.SMTPAdapter.SMTPError',message => <<"There was a problem sending the email through SMTP.\n\nThe error is :retries_exceeded\n\nMore detail below:\n\n{:network_failure, 'smtp.gmail.com', {:error, :timeout}}\n">>,raw => {retries_exceeded,{network_failure,"smtp.gmail.com",{error,timeout}}}},[{'Elixir.Bamboo.SMTPAdapter',handle_response,1,[{file,"lib/bamboo/adapters/smtp_adapter.ex"},{line,92}]},{'Elixir.Bamboo.Mailer',deliver_now,3,[{file,"lib/bamboo/mailer.ex"},{line,123}]},{'Elixir.EmailService.Consumer',consume,4,[{file,"lib/Consumer.ex"},{line,66}]}]}
2018-10-23 10:34:20 =ERROR REPORT====
Error in process <0.356.0> with exit value:
{#{'__exception__' => true,'__struct__' => 'Elixir.Bamboo.SMTPAdapter.SMTPError',message => <<"There was a problem sending the email through SMTP.\n\nThe error is :retries_exceeded\n\nMore detail below:\n\n{:network_failure, 'smtp.gmail.com', {:error, :timeout}}\n">>,raw => {retries_exceeded,{network_failure,"smtp.gmail.com",{error,timeout}}}},[{'Elixir.Bamboo.SMTPAdapter',handle_response,1,[{file,"lib/bamboo/adapters/smtp_adapter.ex"},{line,92}]},{'Elixir.Bamboo.Mailer',deliver_now,3,[{file,"lib/bamboo/mailer.ex"},{line,123}]},{'Elixir.EmailService.Consumer',consume,4,[{file,"lib/Consumer.ex"},{line,66}]}]}
2018-10-23 10:34:43 =ERROR REPORT====
Error in process <0.362.0> with exit value:
{#{'__exception__' => true,'__struct__' => 'Elixir.Bamboo.SMTPAdapter.SMTPError',message => <<"There was a problem sending the email through SMTP.\n\nThe error is :retries_exceeded\n\nMore detail below:\n\n{:network_failure, 'smtp.gmail.com', {:error, :timeout}}\n">>,raw => {retries_exceeded,{network_failure,"smtp.gmail.com",{error,timeout}}}},[{'Elixir.Bamboo.SMTPAdapter',handle_response,1,[{file,"lib/bamboo/adapters/smtp_adapter.ex"},{line,92}]},{'Elixir.Bamboo.Mailer',deliver_now,3,[{file,"lib/bamboo/mailer.ex"},{line,123}]},{'Elixir.EmailService.Consumer',consume,4,[{file,"lib/Consumer.ex"},{line,66}]}]}
2018-10-23 10:35:10 =ERROR REPORT====
Error in process <0.359.0> with exit value:
{#{'__exception__' => true,'__struct__' => 'Elixir.Bamboo.SMTPAdapter.SMTPError',message => <<"There was a problem sending the email through SMTP.\n\nThe error is :retries_exceeded\n\nMore detail below:\n\n{:network_failure, 'smtp.gmail.com', {:error, :timeout}}\n">>,raw => {retries_exceeded,{network_failure,"smtp.gmail.com",{error,timeout}}}},[{'Elixir.Bamboo.SMTPAdapter',handle_response,1,[{file,"lib/bamboo/adapters/smtp_adapter.ex"},{line,92}]},{'Elixir.Bamboo.Mailer',deliver_now,3,[{file,"lib/bamboo/mailer.ex"},{line,123}]},{'Elixir.EmailService.Consumer',consume,4,[{file,"lib/Consumer.ex"},{line,66}]}]}
2018-10-23 10:35:10 =ERROR REPORT====
Error in process <0.358.0> with exit value:
{#{'__exception__' => true,'__struct__' => 'Elixir.Bamboo.SMTPAdapter.SMTPError',message => <<"There was a problem sending the email through SMTP.\n\nThe error is :retries_exceeded\n\nMore detail below:\n\n{:network_failure, 'smtp.gmail.com', {:error, :timeout}}\n">>,raw => {retries_exceeded,{network_failure,"smtp.gmail.com",{error,timeout}}}},[{'Elixir.Bamboo.SMTPAdapter',handle_response,1,[{file,"lib/bamboo/adapters/smtp_adapter.ex"},{line,92}]},{'Elixir.Bamboo.Mailer',deliver_now,3,[{file,"lib/bamboo/mailer.ex"},{line,123}]},{'Elixir.EmailService.Consumer',consume,4,[{file,"lib/Consumer.ex"},{line,66}]}]}
2018-10-23 10:35:10 =ERROR REPORT====
Error in process <0.357.0> with exit value:
{#{'__exception__' => true,'__struct__' => 'Elixir.Bamboo.SMTPAdapter.SMTPError',message => <<"There was a problem sending the email through SMTP.\n\nThe error is :retries_exceeded\n\nMore detail below:\n\n{:network_failure, 'smtp.gmail.com', {:error, :timeout}}\n">>,raw => {retries_exceeded,{network_failure,"smtp.gmail.com",{error,timeout}}}},[{'Elixir.Bamboo.SMTPAdapter',handle_response,1,[{file,"lib/bamboo/adapters/smtp_adapter.ex"},{line,92}]},{'Elixir.Bamboo.Mailer',deliver_now,3,[{file,"lib/bamboo/mailer.ex"},{line,123}]},{'Elixir.EmailService.Consumer',consume,4,[{file,"lib/Consumer.ex"},{line,66}]}]}
2018-10-23 10:35:10 =ERROR REPORT====
Error in process <0.356.0> with exit value:
{#{'__exception__' => true,'__struct__' => 'Elixir.Bamboo.SMTPAdapter.SMTPError',message => <<"There was a problem sending the email through SMTP.\n\nThe error is :retries_exceeded\n\nMore detail below:\n\n{:network_failure, 'smtp.gmail.com', {:error, :timeout}}\n">>,raw => {retries_exceeded,{network_failure,"smtp.gmail.com",{error,timeout}}}},[{'Elixir.Bamboo.SMTPAdapter',handle_response,1,[{file,"lib/bamboo/adapters/smtp_adapter.ex"},{line,92}]},{'Elixir.Bamboo.Mailer',deliver_now,3,[{file,"lib/bamboo/mailer.ex"},{line,123}]},{'Elixir.EmailService.Consumer',consume,4,[{file,"lib/Consumer.ex"},{line,66}]}]}
2018-10-23 10:37:44 =ERROR REPORT====
Error in process <0.295.0> with exit value:
{#{'__exception__' => true,'__struct__' => 'Elixir.Bamboo.SMTPAdapter.SMTPError',message => <<"There was a problem sending the email through SMTP.\n\nThe error is :retries_exceeded\n\nMore detail below:\n\n{:network_failure, 'smtp.gmail.com', {:error, :timeout}}\n">>,raw => {retries_exceeded,{network_failure,"smtp.gmail.com",{error,timeout}}}},[{'Elixir.Bamboo.SMTPAdapter',handle_response,1,[{file,"lib/bamboo/adapters/smtp_adapter.ex"},{line,92}]},{'Elixir.Bamboo.Mailer',deliver_now,3,[{file,"lib/bamboo/mailer.ex"},{line,123}]},{'Elixir.EmailService.Consumer',consume,4,[{file,"lib/Consumer.ex"},{line,66}]}]}
2018-10-23 10:37:44 =ERROR REPORT====
Error in process <0.296.0> with exit value:
{#{'__exception__' => true,'__struct__' => 'Elixir.Bamboo.SMTPAdapter.SMTPError',message => <<"There was a problem sending the email through SMTP.\n\nThe error is :retries_exceeded\n\nMore detail below:\n\n{:network_failure, 'smtp.gmail.com', {:error, :timeout}}\n">>,raw => {retries_exceeded,{network_failure,"smtp.gmail.com",{error,timeout}}}},[{'Elixir.Bamboo.SMTPAdapter',handle_response,1,[{file,"lib/bamboo/adapters/smtp_adapter.ex"},{line,92}]},{'Elixir.Bamboo.Mailer',deliver_now,3,[{file,"lib/bamboo/mailer.ex"},{line,123}]},{'Elixir.EmailService.Consumer',consume,4,[{file,"lib/Consumer.ex"},{line,66}]}]}
2018-10-23 10:37:44 =ERROR REPORT====
Error in process <0.297.0> with exit value:
{#{'__exception__' => true,'__struct__' => 'Elixir.Bamboo.SMTPAdapter.SMTPError',message => <<"There was a problem sending the email through SMTP.\n\nThe error is :retries_exceeded\n\nMore detail below:\n\n{:network_failure, 'smtp.gmail.com', {:error, :timeout}}\n">>,raw => {retries_exceeded,{network_failure,"smtp.gmail.com",{error,timeout}}}},[{'Elixir.Bamboo.SMTPAdapter',handle_response,1,[{file,"lib/bamboo/adapters/smtp_adapter.ex"},{line,92}]},{'Elixir.Bamboo.Mailer',deliver_now,3,[{file,"lib/bamboo/mailer.ex"},{line,123}]},{'Elixir.EmailService.Consumer',consume,4,[{file,"lib/Consumer.ex"},{line,66}]}]}
2018-10-23 10:37:44 =ERROR REPORT====
Error in process <0.294.0> with exit value:
{#{'__exception__' => true,'__struct__' => 'Elixir.Bamboo.SMTPAdapter.SMTPError',message => <<"There was a problem sending the email through SMTP.\n\nThe error is :retries_exceeded\n\nMore detail below:\n\n{:network_failure, 'smtp.gmail.com', {:error, :timeout}}\n">>,raw => {retries_exceeded,{network_failure,"smtp.gmail.com",{error,timeout}}}},[{'Elixir.Bamboo.SMTPAdapter',handle_response,1,[{file,"lib/bamboo/adapters/smtp_adapter.ex"},{line,92}]},{'Elixir.Bamboo.Mailer',deliver_now,3,[{file,"lib/bamboo/mailer.ex"},{line,123}]},{'Elixir.EmailService.Consumer',consume,4,[{file,"lib/Consumer.ex"},{line,66}]}]}
2018-10-23 10:41:33 =ERROR REPORT====
Error in process <0.297.0> with exit value:
{#{'__exception__' => true,'__struct__' => 'Elixir.Bamboo.SMTPAdapter.SMTPError',message => <<"There was a problem sending the email through SMTP.\n\nThe error is :retries_exceeded\n\nMore detail below:\n\n{:network_failure, 'smtp.gmail.com', {:error, :timeout}}\n">>,raw => {retries_exceeded,{network_failure,"smtp.gmail.com",{error,timeout}}}},[{'Elixir.Bamboo.SMTPAdapter',handle_response,1,[{file,"lib/bamboo/adapters/smtp_adapter.ex"},{line,92}]},{'Elixir.Bamboo.Mailer',deliver_now,3,[{file,"lib/bamboo/mailer.ex"},{line,123}]},{'Elixir.EmailService.Consumer',consume,4,[{file,"lib/Consumer.ex"},{line,66}]}]}
2018-10-23 10:41:33 =ERROR REPORT====
Error in process <0.295.0> with exit value:
{#{'__exception__' => true,'__struct__' => 'Elixir.Bamboo.SMTPAdapter.SMTPError',message => <<"There was a problem sending the email through SMTP.\n\nThe error is :retries_exceeded\n\nMore detail below:\n\n{:network_failure, 'smtp.gmail.com', {:error, :timeout}}\n">>,raw => {retries_exceeded,{network_failure,"smtp.gmail.com",{error,timeout}}}},[{'Elixir.Bamboo.SMTPAdapter',handle_response,1,[{file,"lib/bamboo/adapters/smtp_adapter.ex"},{line,92}]},{'Elixir.Bamboo.Mailer',deliver_now,3,[{file,"lib/bamboo/mailer.ex"},{line,123}]},{'Elixir.EmailService.Consumer',consume,4,[{file,"lib/Consumer.ex"},{line,66}]}]}
2018-10-23 10:41:33 =ERROR REPORT====
Error in process <0.294.0> with exit value:
{#{'__exception__' => true,'__struct__' => 'Elixir.Bamboo.SMTPAdapter.SMTPError',message => <<"There was a problem sending the email through SMTP.\n\nThe error is :retries_exceeded\n\nMore detail below:\n\n{:network_failure, 'smtp.gmail.com', {:error, :timeout}}\n">>,raw => {retries_exceeded,{network_failure,"smtp.gmail.com",{error,timeout}}}},[{'Elixir.Bamboo.SMTPAdapter',handle_response,1,[{file,"lib/bamboo/adapters/smtp_adapter.ex"},{line,92}]},{'Elixir.Bamboo.Mailer',deliver_now,3,[{file,"lib/bamboo/mailer.ex"},{line,123}]},{'Elixir.EmailService.Consumer',consume,4,[{file,"lib/Consumer.ex"},{line,66}]}]}
2018-10-23 10:41:33 =ERROR REPORT====
Error in process <0.296.0> with exit value:
{#{'__exception__' => true,'__struct__' => 'Elixir.Bamboo.SMTPAdapter.SMTPError',message => <<"There was a problem sending the email through SMTP.\n\nThe error is :retries_exceeded\n\nMore detail below:\n\n{:network_failure, 'smtp.gmail.com', {:error, :timeout}}\n">>,raw => {retries_exceeded,{network_failure,"smtp.gmail.com",{error,timeout}}}},[{'Elixir.Bamboo.SMTPAdapter',handle_response,1,[{file,"lib/bamboo/adapters/smtp_adapter.ex"},{line,92}]},{'Elixir.Bamboo.Mailer',deliver_now,3,[{file,"lib/bamboo/mailer.ex"},{line,123}]},{'Elixir.EmailService.Consumer',consume,4,[{file,"lib/Consumer.ex"},{line,66}]}]}
2018-10-23 10:49:41 =ERROR REPORT====
Error in process <0.305.0> with exit value:
{#{'__exception__' => true,'__struct__' => 'Elixir.Bamboo.SMTPAdapter.SMTPError',message => <<"There was a problem sending the email through SMTP.\n\nThe error is :retries_exceeded\n\nMore detail below:\n\n{:network_failure, 'smtp.gmail.com', {:error, :timeout}}\n">>,raw => {retries_exceeded,{network_failure,"smtp.gmail.com",{error,timeout}}}},[{'Elixir.Bamboo.SMTPAdapter',handle_response,1,[{file,"lib/bamboo/adapters/smtp_adapter.ex"},{line,92}]},{'Elixir.Bamboo.Mailer',deliver_now,3,[{file,"lib/bamboo/mailer.ex"},{line,123}]},{'Elixir.EmailService.Consumer',consume,4,[{file,"lib/Consumer.ex"},{line,66}]}]}
2018-10-23 10:50:14 =ERROR REPORT====
Error in process <0.358.0> with exit value:
{#{'__exception__' => true,'__struct__' => 'Elixir.Bamboo.SMTPAdapter.SMTPError',message => <<"There was a problem sending the email through SMTP.\n\nThe error is :retries_exceeded\n\nMore detail below:\n\n{:network_failure, 'smtp.gmail.com', {:error, :timeout}}\n">>,raw => {retries_exceeded,{network_failure,"smtp.gmail.com",{error,timeout}}}},[{'Elixir.Bamboo.SMTPAdapter',handle_response,1,[{file,"lib/bamboo/adapters/smtp_adapter.ex"},{line,92}]},{'Elixir.Bamboo.Mailer',deliver_now,3,[{file,"lib/bamboo/mailer.ex"},{line,123}]},{'Elixir.EmailService.Consumer',consume,4,[{file,"lib/Consumer.ex"},{line,66}]}]}
2018-10-23 10:50:14 =ERROR REPORT====
Error in process <0.359.0> with exit value:
{#{'__exception__' => true,'__struct__' => 'Elixir.Bamboo.SMTPAdapter.SMTPError',message => <<"There was a problem sending the email through SMTP.\n\nThe error is :retries_exceeded\n\nMore detail below:\n\n{:network_failure, 'smtp.gmail.com', {:error, :timeout}}\n">>,raw => {retries_exceeded,{network_failure,"smtp.gmail.com",{error,timeout}}}},[{'Elixir.Bamboo.SMTPAdapter',handle_response,1,[{file,"lib/bamboo/adapters/smtp_adapter.ex"},{line,92}]},{'Elixir.Bamboo.Mailer',deliver_now,3,[{file,"lib/bamboo/mailer.ex"},{line,123}]},{'Elixir.EmailService.Consumer',consume,4,[{file,"lib/Consumer.ex"},{line,66}]}]}
2018-10-23 10:50:14 =ERROR REPORT====
Error in process <0.360.0> with exit value:
{#{'__exception__' => true,'__struct__' => 'Elixir.Bamboo.SMTPAdapter.SMTPError',message => <<"There was a problem sending the email through SMTP.\n\nThe error is :retries_exceeded\n\nMore detail below:\n\n{:network_failure, 'smtp.gmail.com', {:error, :timeout}}\n">>,raw => {retries_exceeded,{network_failure,"smtp.gmail.com",{error,timeout}}}},[{'Elixir.Bamboo.SMTPAdapter',handle_response,1,[{file,"lib/bamboo/adapters/smtp_adapter.ex"},{line,92}]},{'Elixir.Bamboo.Mailer',deliver_now,3,[{file,"lib/bamboo/mailer.ex"},{line,123}]},{'Elixir.EmailService.Consumer',consume,4,[{file,"lib/Consumer.ex"},{line,66}]}]}
2018-10-23 10:50:14 =ERROR REPORT====
Error in process <0.356.0> with exit value:
{#{'__exception__' => true,'__struct__' => 'Elixir.Bamboo.SMTPAdapter.SMTPError',message => <<"There was a problem sending the email through SMTP.\n\nThe error is :retries_exceeded\n\nMore detail below:\n\n{:network_failure, 'smtp.gmail.com', {:error, :timeout}}\n">>,raw => {retries_exceeded,{network_failure,"smtp.gmail.com",{error,timeout}}}},[{'Elixir.Bamboo.SMTPAdapter',handle_response,1,[{file,"lib/bamboo/adapters/smtp_adapter.ex"},{line,92}]},{'Elixir.Bamboo.Mailer',deliver_now,3,[{file,"lib/bamboo/mailer.ex"},{line,123}]},{'Elixir.EmailService.Consumer',consume,4,[{file,"lib/Consumer.ex"},{line,66}]}]}
2018-10-23 10:50:14 =ERROR REPORT====
Error in process <0.357.0> with exit value:
{#{'__exception__' => true,'__struct__' => 'Elixir.Bamboo.SMTPAdapter.SMTPError',message => <<"There was a problem sending the email through SMTP.\n\nThe error is :retries_exceeded\n\nMore detail below:\n\n{:network_failure, 'smtp.gmail.com', {:error, :timeout}}\n">>,raw => {retries_exceeded,{network_failure,"smtp.gmail.com",{error,timeout}}}},[{'Elixir.Bamboo.SMTPAdapter',handle_response,1,[{file,"lib/bamboo/adapters/smtp_adapter.ex"},{line,92}]},{'Elixir.Bamboo.Mailer',deliver_now,3,[{file,"lib/bamboo/mailer.ex"},{line,123}]},{'Elixir.EmailService.Consumer',consume,4,[{file,"lib/Consumer.ex"},{line,66}]}]}
2018-10-23 10:51:01 =ERROR REPORT====
Error in process <0.364.0> with exit value:
{#{'__exception__' => true,'__struct__' => 'Elixir.Bamboo.SMTPAdapter.SMTPError',message => <<"There was a problem sending the email through SMTP.\n\nThe error is :retries_exceeded\n\nMore detail below:\n\n{:network_failure, 'smtp.gmail.com', {:error, :timeout}}\n">>,raw => {retries_exceeded,{network_failure,"smtp.gmail.com",{error,timeout}}}},[{'Elixir.Bamboo.SMTPAdapter',handle_response,1,[{file,"lib/bamboo/adapters/smtp_adapter.ex"},{line,92}]},{'Elixir.Bamboo.Mailer',deliver_now,3,[{file,"lib/bamboo/mailer.ex"},{line,123}]},{'Elixir.EmailService.Consumer',consume,4,[{file,"lib/Consumer.ex"},{line,66}]}]}
2018-10-23 10:51:51 =ERROR REPORT====
Error in process <0.356.0> with exit value:
{#{'__exception__' => true,'__struct__' => 'Elixir.Bamboo.SMTPAdapter.SMTPError',message => <<"There was a problem sending the email through SMTP.\n\nThe error is :retries_exceeded\n\nMore detail below:\n\n{:network_failure, 'smtp.gmail.com', {:error, :timeout}}\n">>,raw => {retries_exceeded,{network_failure,"smtp.gmail.com",{error,timeout}}}},[{'Elixir.Bamboo.SMTPAdapter',handle_response,1,[{file,"lib/bamboo/adapters/smtp_adapter.ex"},{line,92}]},{'Elixir.Bamboo.Mailer',deliver_now,3,[{file,"lib/bamboo/mailer.ex"},{line,123}]},{'Elixir.EmailService.Consumer',consume,4,[{file,"lib/Consumer.ex"},{line,66}]}]}
2018-10-23 10:51:51 =ERROR REPORT====
Error in process <0.357.0> with exit value:
{#{'__exception__' => true,'__struct__' => 'Elixir.Bamboo.SMTPAdapter.SMTPError',message => <<"There was a problem sending the email through SMTP.\n\nThe error is :retries_exceeded\n\nMore detail below:\n\n{:network_failure, 'smtp.gmail.com', {:error, :timeout}}\n">>,raw => {retries_exceeded,{network_failure,"smtp.gmail.com",{error,timeout}}}},[{'Elixir.Bamboo.SMTPAdapter',handle_response,1,[{file,"lib/bamboo/adapters/smtp_adapter.ex"},{line,92}]},{'Elixir.Bamboo.Mailer',deliver_now,3,[{file,"lib/bamboo/mailer.ex"},{line,123}]},{'Elixir.EmailService.Consumer',consume,4,[{file,"lib/Consumer.ex"},{line,66}]}]}
2018-10-23 10:51:51 =ERROR REPORT====
Error in process <0.360.0> with exit value:
{#{'__exception__' => true,'__struct__' => 'Elixir.Bamboo.SMTPAdapter.SMTPError',message => <<"There was a problem sending the email through SMTP.\n\nThe error is :retries_exceeded\n\nMore detail below:\n\n{:network_failure, 'smtp.gmail.com', {:error, :timeout}}\n">>,raw => {retries_exceeded,{network_failure,"smtp.gmail.com",{error,timeout}}}},[{'Elixir.Bamboo.SMTPAdapter',handle_response,1,[{file,"lib/bamboo/adapters/smtp_adapter.ex"},{line,92}]},{'Elixir.Bamboo.Mailer',deliver_now,3,[{file,"lib/bamboo/mailer.ex"},{line,123}]},{'Elixir.EmailService.Consumer',consume,4,[{file,"lib/Consumer.ex"},{line,66}]}]}
2018-10-23 10:51:51 =ERROR REPORT====
Error in process <0.359.0> with exit value:
{#{'__exception__' => true,'__struct__' => 'Elixir.Bamboo.SMTPAdapter.SMTPError',message => <<"There was a problem sending the email through SMTP.\n\nThe error is :retries_exceeded\n\nMore detail below:\n\n{:network_failure, 'smtp.gmail.com', {:error, :timeout}}\n">>,raw => {retries_exceeded,{network_failure,"smtp.gmail.com",{error,timeout}}}},[{'Elixir.Bamboo.SMTPAdapter',handle_response,1,[{file,"lib/bamboo/adapters/smtp_adapter.ex"},{line,92}]},{'Elixir.Bamboo.Mailer',deliver_now,3,[{file,"lib/bamboo/mailer.ex"},{line,123}]},{'Elixir.EmailService.Consumer',consume,4,[{file,"lib/Consumer.ex"},{line,66}]}]}
2018-10-23 10:51:51 =ERROR REPORT====
Error in process <0.361.0> with exit value:
{#{'__exception__' => true,'__struct__' => 'Elixir.Bamboo.SMTPAdapter.SMTPError',message => <<"There was a problem sending the email through SMTP.\n\nThe error is :retries_exceeded\n\nMore detail below:\n\n{:network_failure, 'smtp.gmail.com', {:error, :timeout}}\n">>,raw => {retries_exceeded,{network_failure,"smtp.gmail.com",{error,timeout}}}},[{'Elixir.Bamboo.SMTPAdapter',handle_response,1,[{file,"lib/bamboo/adapters/smtp_adapter.ex"},{line,92}]},{'Elixir.Bamboo.Mailer',deliver_now,3,[{file,"lib/bamboo/mailer.ex"},{line,123}]},{'Elixir.EmailService.Consumer',consume,4,[{file,"lib/Consumer.ex"},{line,66}]}]}
2018-10-23 10:51:51 =ERROR REPORT====
Error in process <0.358.0> with exit value:
{#{'__exception__' => true,'__struct__' => 'Elixir.Bamboo.SMTPAdapter.SMTPError',message => <<"There was a problem sending the email through SMTP.\n\nThe error is :retries_exceeded\n\nMore detail below:\n\n{:network_failure, 'smtp.gmail.com', {:error, :timeout}}\n">>,raw => {retries_exceeded,{network_failure,"smtp.gmail.com",{error,timeout}}}},[{'Elixir.Bamboo.SMTPAdapter',handle_response,1,[{file,"lib/bamboo/adapters/smtp_adapter.ex"},{line,92}]},{'Elixir.Bamboo.Mailer',deliver_now,3,[{file,"lib/bamboo/mailer.ex"},{line,123}]},{'Elixir.EmailService.Consumer',consume,4,[{file,"lib/Consumer.ex"},{line,66}]}]}
2018-10-23 10:52:08 =ERROR REPORT====
Error in process <0.365.0> with exit value:
{#{'__exception__' => true,'__struct__' => 'Elixir.Bamboo.SMTPAdapter.SMTPError',message => <<"There was a problem sending the email through SMTP.\n\nThe error is :retries_exceeded\n\nMore detail below:\n\n{:network_failure, 'smtp.gmail.com', {:error, :timeout}}\n">>,raw => {retries_exceeded,{network_failure,"smtp.gmail.com",{error,timeout}}}},[{'Elixir.Bamboo.SMTPAdapter',handle_response,1,[{file,"lib/bamboo/adapters/smtp_adapter.ex"},{line,92}]},{'Elixir.Bamboo.Mailer',deliver_now,3,[{file,"lib/bamboo/mailer.ex"},{line,123}]},{'Elixir.EmailService.Consumer',consume,4,[{file,"lib/Consumer.ex"},{line,66}]}]}
2018-10-23 10:52:36 =ERROR REPORT====
Error in process <0.362.0> with exit value:
{#{'__exception__' => true,'__struct__' => 'Elixir.Bamboo.SMTPAdapter.SMTPError',message => <<"There was a problem sending the email through SMTP.\n\nThe error is :retries_exceeded\n\nMore detail below:\n\n{:network_failure, 'smtp.gmail.com', {:error, :timeout}}\n">>,raw => {retries_exceeded,{network_failure,"smtp.gmail.com",{error,timeout}}}},[{'Elixir.Bamboo.SMTPAdapter',handle_response,1,[{file,"lib/bamboo/adapters/smtp_adapter.ex"},{line,92}]},{'Elixir.Bamboo.Mailer',deliver_now,3,[{file,"lib/bamboo/mailer.ex"},{line,123}]},{'Elixir.EmailService.Consumer',consume,4,[{file,"lib/Consumer.ex"},{line,66}]}]}
2018-10-23 10:52:36 =ERROR REPORT====
Error in process <0.360.0> with exit value:
{#{'__exception__' => true,'__struct__' => 'Elixir.Bamboo.SMTPAdapter.SMTPError',message => <<"There was a problem sending the email through SMTP.\n\nThe error is :retries_exceeded\n\nMore detail below:\n\n{:network_failure, 'smtp.gmail.com', {:error, :timeout}}\n">>,raw => {retries_exceeded,{network_failure,"smtp.gmail.com",{error,timeout}}}},[{'Elixir.Bamboo.SMTPAdapter',handle_response,1,[{file,"lib/bamboo/adapters/smtp_adapter.ex"},{line,92}]},{'Elixir.Bamboo.Mailer',deliver_now,3,[{file,"lib/bamboo/mailer.ex"},{line,123}]},{'Elixir.EmailService.Consumer',consume,4,[{file,"lib/Consumer.ex"},{line,66}]}]}
2018-10-23 10:52:36 =ERROR REPORT====
Error in process <0.356.0> with exit value:
{#{'__exception__' => true,'__struct__' => 'Elixir.Bamboo.SMTPAdapter.SMTPError',message => <<"There was a problem sending the email through SMTP.\n\nThe error is :retries_exceeded\n\nMore detail below:\n\n{:network_failure, 'smtp.gmail.com', {:error, :timeout}}\n">>,raw => {retries_exceeded,{network_failure,"smtp.gmail.com",{error,timeout}}}},[{'Elixir.Bamboo.SMTPAdapter',handle_response,1,[{file,"lib/bamboo/adapters/smtp_adapter.ex"},{line,92}]},{'Elixir.Bamboo.Mailer',deliver_now,3,[{file,"lib/bamboo/mailer.ex"},{line,123}]},{'Elixir.EmailService.Consumer',consume,4,[{file,"lib/Consumer.ex"},{line,66}]}]}
2018-10-23 10:52:36 =ERROR REPORT====
Error in process <0.358.0> with exit value:
{#{'__exception__' => true,'__struct__' => 'Elixir.Bamboo.SMTPAdapter.SMTPError',message => <<"There was a problem sending the email through SMTP.\n\nThe error is :retries_exceeded\n\nMore detail below:\n\n{:network_failure, 'smtp.gmail.com', {:error, :timeout}}\n">>,raw => {retries_exceeded,{network_failure,"smtp.gmail.com",{error,timeout}}}},[{'Elixir.Bamboo.SMTPAdapter',handle_response,1,[{file,"lib/bamboo/adapters/smtp_adapter.ex"},{line,92}]},{'Elixir.Bamboo.Mailer',deliver_now,3,[{file,"lib/bamboo/mailer.ex"},{line,123}]},{'Elixir.EmailService.Consumer',consume,4,[{file,"lib/Consumer.ex"},{line,66}]}]}
2018-10-23 10:52:36 =ERROR REPORT====
Error in process <0.359.0> with exit value:
{#{'__exception__' => true,'__struct__' => 'Elixir.Bamboo.SMTPAdapter.SMTPError',message => <<"There was a problem sending the email through SMTP.\n\nThe error is :retries_exceeded\n\nMore detail below:\n\n{:network_failure, 'smtp.gmail.com', {:error, :timeout}}\n">>,raw => {retries_exceeded,{network_failure,"smtp.gmail.com",{error,timeout}}}},[{'Elixir.Bamboo.SMTPAdapter',handle_response,1,[{file,"lib/bamboo/adapters/smtp_adapter.ex"},{line,92}]},{'Elixir.Bamboo.Mailer',deliver_now,3,[{file,"lib/bamboo/mailer.ex"},{line,123}]},{'Elixir.EmailService.Consumer',consume,4,[{file,"lib/Consumer.ex"},{line,66}]}]}
2018-10-23 10:52:36 =ERROR REPORT====
Error in process <0.357.0> with exit value:
{#{'__exception__' => true,'__struct__' => 'Elixir.Bamboo.SMTPAdapter.SMTPError',message => <<"There was a problem sending the email through SMTP.\n\nThe error is :retries_exceeded\n\nMore detail below:\n\n{:network_failure, 'smtp.gmail.com', {:error, :timeout}}\n">>,raw => {retries_exceeded,{network_failure,"smtp.gmail.com",{error,timeout}}}},[{'Elixir.Bamboo.SMTPAdapter',handle_response,1,[{file,"lib/bamboo/adapters/smtp_adapter.ex"},{line,92}]},{'Elixir.Bamboo.Mailer',deliver_now,3,[{file,"lib/bamboo/mailer.ex"},{line,123}]},{'Elixir.EmailService.Consumer',consume,4,[{file,"lib/Consumer.ex"},{line,66}]}]}
2018-10-23 10:52:36 =ERROR REPORT====
Error in process <0.361.0> with exit value:
{#{'__exception__' => true,'__struct__' => 'Elixir.Bamboo.SMTPAdapter.SMTPError',message => <<"There was a problem sending the email through SMTP.\n\nThe error is :retries_exceeded\n\nMore detail below:\n\n{:network_failure, 'smtp.gmail.com', {:error, :timeout}}\n">>,raw => {retries_exceeded,{network_failure,"smtp.gmail.com",{error,timeout}}}},[{'Elixir.Bamboo.SMTPAdapter',handle_response,1,[{file,"lib/bamboo/adapters/smtp_adapter.ex"},{line,92}]},{'Elixir.Bamboo.Mailer',deliver_now,3,[{file,"lib/bamboo/mailer.ex"},{line,123}]},{'Elixir.EmailService.Consumer',consume,4,[{file,"lib/Consumer.ex"},{line,66}]}]}
2018-10-23 10:52:51 =ERROR REPORT====
Error in process <0.366.0> with exit value:
{#{'__exception__' => true,'__struct__' => 'Elixir.Bamboo.SMTPAdapter.SMTPError',message => <<"There was a problem sending the email through SMTP.\n\nThe error is :retries_exceeded\n\nMore detail below:\n\n{:network_failure, 'smtp.gmail.com', {:error, :timeout}}\n">>,raw => {retries_exceeded,{network_failure,"smtp.gmail.com",{error,timeout}}}},[{'Elixir.Bamboo.SMTPAdapter',handle_response,1,[{file,"lib/bamboo/adapters/smtp_adapter.ex"},{line,92}]},{'Elixir.Bamboo.Mailer',deliver_now,3,[{file,"lib/bamboo/mailer.ex"},{line,123}]},{'Elixir.EmailService.Consumer',consume,4,[{file,"lib/Consumer.ex"},{line,66}]}]}
2018-10-23 10:58:01 =ERROR REPORT====
Error in process <0.362.0> with exit value:
{#{'__exception__' => true,'__struct__' => 'Elixir.Bamboo.SMTPAdapter.SMTPError',message => <<"There was a problem sending the email through SMTP.\n\nThe error is :retries_exceeded\n\nMore detail below:\n\n{:network_failure, 'tls://smtp.gmail.com', {:error, :nxdomain}}\n">>,raw => {retries_exceeded,{network_failure,"tls://smtp.gmail.com",{error,nxdomain}}}},[{'Elixir.Bamboo.SMTPAdapter',handle_response,1,[{file,"lib/bamboo/adapters/smtp_adapter.ex"},{line,92}]},{'Elixir.Bamboo.Mailer',deliver_now,3,[{file,"lib/bamboo/mailer.ex"},{line,123}]},{'Elixir.EmailService.Consumer',consume,4,[{file,"lib/Consumer.ex"},{line,66}]}]}
2018-10-23 10:58:01 =ERROR REPORT====
Error in process <0.359.0> with exit value:
{#{'__exception__' => true,'__struct__' => 'Elixir.Bamboo.SMTPAdapter.SMTPError',message => <<"There was a problem sending the email through SMTP.\n\nThe error is :retries_exceeded\n\nMore detail below:\n\n{:network_failure, 'tls://smtp.gmail.com', {:error, :nxdomain}}\n">>,raw => {retries_exceeded,{network_failure,"tls://smtp.gmail.com",{error,nxdomain}}}},[{'Elixir.Bamboo.SMTPAdapter',handle_response,1,[{file,"lib/bamboo/adapters/smtp_adapter.ex"},{line,92}]},{'Elixir.Bamboo.Mailer',deliver_now,3,[{file,"lib/bamboo/mailer.ex"},{line,123}]},{'Elixir.EmailService.Consumer',consume,4,[{file,"lib/Consumer.ex"},{line,66}]}]}
2018-10-23 10:58:01 =ERROR REPORT====
Error in process <0.363.0> with exit value:
{#{'__exception__' => true,'__struct__' => 'Elixir.Bamboo.SMTPAdapter.SMTPError',message => <<"There was a problem sending the email through SMTP.\n\nThe error is :retries_exceeded\n\nMore detail below:\n\n{:network_failure, 'tls://smtp.gmail.com', {:error, :nxdomain}}\n">>,raw => {retries_exceeded,{network_failure,"tls://smtp.gmail.com",{error,nxdomain}}}},[{'Elixir.Bamboo.SMTPAdapter',handle_response,1,[{file,"lib/bamboo/adapters/smtp_adapter.ex"},{line,92}]},{'Elixir.Bamboo.Mailer',deliver_now,3,[{file,"lib/bamboo/mailer.ex"},{line,123}]},{'Elixir.EmailService.Consumer',consume,4,[{file,"lib/Consumer.ex"},{line,66}]}]}
2018-10-23 10:58:01 =ERROR REPORT====
Error in process <0.358.0> with exit value:
{#{'__exception__' => true,'__struct__' => 'Elixir.Bamboo.SMTPAdapter.SMTPError',message => <<"There was a problem sending the email through SMTP.\n\nThe error is :retries_exceeded\n\nMore detail below:\n\n{:network_failure, 'tls://smtp.gmail.com', {:error, :nxdomain}}\n">>,raw => {retries_exceeded,{network_failure,"tls://smtp.gmail.com",{error,nxdomain}}}},[{'Elixir.Bamboo.SMTPAdapter',handle_response,1,[{file,"lib/bamboo/adapters/smtp_adapter.ex"},{line,92}]},{'Elixir.Bamboo.Mailer',deliver_now,3,[{file,"lib/bamboo/mailer.ex"},{line,123}]},{'Elixir.EmailService.Consumer',consume,4,[{file,"lib/Consumer.ex"},{line,66}]}]}
2018-10-23 10:58:01 =ERROR REPORT====
Error in process <0.357.0> with exit value:
{#{'__exception__' => true,'__struct__' => 'Elixir.Bamboo.SMTPAdapter.SMTPError',message => <<"There was a problem sending the email through SMTP.\n\nThe error is :retries_exceeded\n\nMore detail below:\n\n{:network_failure, 'tls://smtp.gmail.com', {:error, :nxdomain}}\n">>,raw => {retries_exceeded,{network_failure,"tls://smtp.gmail.com",{error,nxdomain}}}},[{'Elixir.Bamboo.SMTPAdapter',handle_response,1,[{file,"lib/bamboo/adapters/smtp_adapter.ex"},{line,92}]},{'Elixir.Bamboo.Mailer',deliver_now,3,[{file,"lib/bamboo/mailer.ex"},{line,123}]},{'Elixir.EmailService.Consumer',consume,4,[{file,"lib/Consumer.ex"},{line,66}]}]}
2018-10-23 10:58:01 =ERROR REPORT====
Error in process <0.361.0> with exit value:
{#{'__exception__' => true,'__struct__' => 'Elixir.Bamboo.SMTPAdapter.SMTPError',message => <<"There was a problem sending the email through SMTP.\n\nThe error is :retries_exceeded\n\nMore detail below:\n\n{:network_failure, 'tls://smtp.gmail.com', {:error, :nxdomain}}\n">>,raw => {retries_exceeded,{network_failure,"tls://smtp.gmail.com",{error,nxdomain}}}},[{'Elixir.Bamboo.SMTPAdapter',handle_response,1,[{file,"lib/bamboo/adapters/smtp_adapter.ex"},{line,92}]},{'Elixir.Bamboo.Mailer',deliver_now,3,[{file,"lib/bamboo/mailer.ex"},{line,123}]},{'Elixir.EmailService.Consumer',consume,4,[{file,"lib/Consumer.ex"},{line,66}]}]}
2018-10-23 10:58:01 =ERROR REPORT====
Error in process <0.356.0> with exit value:
{#{'__exception__' => true,'__struct__' => 'Elixir.Bamboo.SMTPAdapter.SMTPError',message => <<"There was a problem sending the email through SMTP.\n\nThe error is :retries_exceeded\n\nMore detail below:\n\n{:network_failure, 'tls://smtp.gmail.com', {:error, :nxdomain}}\n">>,raw => {retries_exceeded,{network_failure,"tls://smtp.gmail.com",{error,nxdomain}}}},[{'Elixir.Bamboo.SMTPAdapter',handle_response,1,[{file,"lib/bamboo/adapters/smtp_adapter.ex"},{line,92}]},{'Elixir.Bamboo.Mailer',deliver_now,3,[{file,"lib/bamboo/mailer.ex"},{line,123}]},{'Elixir.EmailService.Consumer',consume,4,[{file,"lib/Consumer.ex"},{line,66}]}]}
2018-10-23 10:58:01 =ERROR REPORT====
Error in process <0.360.0> with exit value:
{#{'__exception__' => true,'__struct__' => 'Elixir.Bamboo.SMTPAdapter.SMTPError',message => <<"There was a problem sending the email through SMTP.\n\nThe error is :retries_exceeded\n\nMore detail below:\n\n{:network_failure, 'tls://smtp.gmail.com', {:error, :nxdomain}}\n">>,raw => {retries_exceeded,{network_failure,"tls://smtp.gmail.com",{error,nxdomain}}}},[{'Elixir.Bamboo.SMTPAdapter',handle_response,1,[{file,"lib/bamboo/adapters/smtp_adapter.ex"},{line,92}]},{'Elixir.Bamboo.Mailer',deliver_now,3,[{file,"lib/bamboo/mailer.ex"},{line,123}]},{'Elixir.EmailService.Consumer',consume,4,[{file,"lib/Consumer.ex"},{line,66}]}]}
2018-10-23 10:58:15 =ERROR REPORT====
Error in process <0.367.0> with exit value:
{#{'__exception__' => true,'__struct__' => 'Elixir.Bamboo.SMTPAdapter.SMTPError',message => <<"There was a problem sending the email through SMTP.\n\nThe error is :retries_exceeded\n\nMore detail below:\n\n{:network_failure, 'tls://smtp.gmail.com', {:error, :nxdomain}}\n">>,raw => {retries_exceeded,{network_failure,"tls://smtp.gmail.com",{error,nxdomain}}}},[{'Elixir.Bamboo.SMTPAdapter',handle_response,1,[{file,"lib/bamboo/adapters/smtp_adapter.ex"},{line,92}]},{'Elixir.Bamboo.Mailer',deliver_now,3,[{file,"lib/bamboo/mailer.ex"},{line,123}]},{'Elixir.EmailService.Consumer',consume,4,[{file,"lib/Consumer.ex"},{line,66}]}]}
2018-10-23 10:58:17 =ERROR REPORT====
Error in process <0.368.0> with exit value:
{#{'__exception__' => true,'__struct__' => 'Elixir.Bamboo.SMTPAdapter.SMTPError',message => <<"There was a problem sending the email through SMTP.\n\nThe error is :retries_exceeded\n\nMore detail below:\n\n{:network_failure, 'tls://smtp.gmail.com', {:error, :nxdomain}}\n">>,raw => {retries_exceeded,{network_failure,"tls://smtp.gmail.com",{error,nxdomain}}}},[{'Elixir.Bamboo.SMTPAdapter',handle_response,1,[{file,"lib/bamboo/adapters/smtp_adapter.ex"},{line,92}]},{'Elixir.Bamboo.Mailer',deliver_now,3,[{file,"lib/bamboo/mailer.ex"},{line,123}]},{'Elixir.EmailService.Consumer',consume,4,[{file,"lib/Consumer.ex"},{line,66}]}]}
2018-10-23 10:58:17 =ERROR REPORT====
Error in process <0.369.0> with exit value:
{#{'__exception__' => true,'__struct__' => 'Elixir.Bamboo.SMTPAdapter.SMTPError',message => <<"There was a problem sending the email through SMTP.\n\nThe error is :retries_exceeded\n\nMore detail below:\n\n{:network_failure, 'tls://smtp.gmail.com', {:error, :nxdomain}}\n">>,raw => {retries_exceeded,{network_failure,"tls://smtp.gmail.com",{error,nxdomain}}}},[{'Elixir.Bamboo.SMTPAdapter',handle_response,1,[{file,"lib/bamboo/adapters/smtp_adapter.ex"},{line,92}]},{'Elixir.Bamboo.Mailer',deliver_now,3,[{file,"lib/bamboo/mailer.ex"},{line,123}]},{'Elixir.EmailService.Consumer',consume,4,[{file,"lib/Consumer.ex"},{line,66}]}]}
2018-10-23 10:58:41 =ERROR REPORT====
Error in process <0.364.0> with exit value:
{#{'__exception__' => true,'__struct__' => 'Elixir.Bamboo.SMTPAdapter.SMTPError',message => <<"There was a problem sending the email through SMTP.\n\nThe error is :retries_exceeded\n\nMore detail below:\n\n{:network_failure, 'smtp.gmail.com', {:error, :timeout}}\n">>,raw => {retries_exceeded,{network_failure,"smtp.gmail.com",{error,timeout}}}},[{'Elixir.Bamboo.SMTPAdapter',handle_response,1,[{file,"lib/bamboo/adapters/smtp_adapter.ex"},{line,92}]},{'Elixir.Bamboo.Mailer',deliver_now,3,[{file,"lib/bamboo/mailer.ex"},{line,123}]},{'Elixir.EmailService.Consumer',consume,4,[{file,"lib/Consumer.ex"},{line,66}]}]}
2018-10-23 10:58:41 =ERROR REPORT====
Error in process <0.359.0> with exit value:
{#{'__exception__' => true,'__struct__' => 'Elixir.Bamboo.SMTPAdapter.SMTPError',message => <<"There was a problem sending the email through SMTP.\n\nThe error is :retries_exceeded\n\nMore detail below:\n\n{:network_failure, 'smtp.gmail.com', {:error, :timeout}}\n">>,raw => {retries_exceeded,{network_failure,"smtp.gmail.com",{error,timeout}}}},[{'Elixir.Bamboo.SMTPAdapter',handle_response,1,[{file,"lib/bamboo/adapters/smtp_adapter.ex"},{line,92}]},{'Elixir.Bamboo.Mailer',deliver_now,3,[{file,"lib/bamboo/mailer.ex"},{line,123}]},{'Elixir.EmailService.Consumer',consume,4,[{file,"lib/Consumer.ex"},{line,66}]}]}
2018-10-23 10:58:41 =ERROR REPORT====
Error in process <0.363.0> with exit value:
{#{'__exception__' => true,'__struct__' => 'Elixir.Bamboo.SMTPAdapter.SMTPError',message => <<"There was a problem sending the email through SMTP.\n\nThe error is :retries_exceeded\n\nMore detail below:\n\n{:network_failure, 'smtp.gmail.com', {:error, :timeout}}\n">>,raw => {retries_exceeded,{network_failure,"smtp.gmail.com",{error,timeout}}}},[{'Elixir.Bamboo.SMTPAdapter',handle_response,1,[{file,"lib/bamboo/adapters/smtp_adapter.ex"},{line,92}]},{'Elixir.Bamboo.Mailer',deliver_now,3,[{file,"lib/bamboo/mailer.ex"},{line,123}]},{'Elixir.EmailService.Consumer',consume,4,[{file,"lib/Consumer.ex"},{line,66}]}]}
2018-10-23 10:58:42 =ERROR REPORT====
Error in process <0.362.0> with exit value:
{#{'__exception__' => true,'__struct__' => 'Elixir.Bamboo.SMTPAdapter.SMTPError',message => <<"There was a problem sending the email through SMTP.\n\nThe error is :retries_exceeded\n\nMore detail below:\n\n{:network_failure, 'smtp.gmail.com', {:error, :timeout}}\n">>,raw => {retries_exceeded,{network_failure,"smtp.gmail.com",{error,timeout}}}},[{'Elixir.Bamboo.SMTPAdapter',handle_response,1,[{file,"lib/bamboo/adapters/smtp_adapter.ex"},{line,92}]},{'Elixir.Bamboo.Mailer',deliver_now,3,[{file,"lib/bamboo/mailer.ex"},{line,123}]},{'Elixir.EmailService.Consumer',consume,4,[{file,"lib/Consumer.ex"},{line,66}]}]}
2018-10-23 10:58:42 =ERROR REPORT====
Error in process <0.366.0> with exit value:
{#{'__exception__' => true,'__struct__' => 'Elixir.Bamboo.SMTPAdapter.SMTPError',message => <<"There was a problem sending the email through SMTP.\n\nThe error is :retries_exceeded\n\nMore detail below:\n\n{:network_failure, 'smtp.gmail.com', {:error, :timeout}}\n">>,raw => {retries_exceeded,{network_failure,"smtp.gmail.com",{error,timeout}}}},[{'Elixir.Bamboo.SMTPAdapter',handle_response,1,[{file,"lib/bamboo/adapters/smtp_adapter.ex"},{line,92}]},{'Elixir.Bamboo.Mailer',deliver_now,3,[{file,"lib/bamboo/mailer.ex"},{line,123}]},{'Elixir.EmailService.Consumer',consume,4,[{file,"lib/Consumer.ex"},{line,66}]}]}
2018-10-23 10:58:42 =ERROR REPORT====
Error in process <0.358.0> with exit value:
{#{'__exception__' => true,'__struct__' => 'Elixir.Bamboo.SMTPAdapter.SMTPError',message => <<"There was a problem sending the email through SMTP.\n\nThe error is :retries_exceeded\n\nMore detail below:\n\n{:network_failure, 'smtp.gmail.com', {:error, :timeout}}\n">>,raw => {retries_exceeded,{network_failure,"smtp.gmail.com",{error,timeout}}}},[{'Elixir.Bamboo.SMTPAdapter',handle_response,1,[{file,"lib/bamboo/adapters/smtp_adapter.ex"},{line,92}]},{'Elixir.Bamboo.Mailer',deliver_now,3,[{file,"lib/bamboo/mailer.ex"},{line,123}]},{'Elixir.EmailService.Consumer',consume,4,[{file,"lib/Consumer.ex"},{line,66}]}]}
2018-10-23 10:58:42 =ERROR REPORT====
Error in process <0.360.0> with exit value:
{#{'__exception__' => true,'__struct__' => 'Elixir.Bamboo.SMTPAdapter.SMTPError',message => <<"There was a problem sending the email through SMTP.\n\nThe error is :retries_exceeded\n\nMore detail below:\n\n{:network_failure, 'smtp.gmail.com', {:error, :timeout}}\n">>,raw => {retries_exceeded,{network_failure,"smtp.gmail.com",{error,timeout}}}},[{'Elixir.Bamboo.SMTPAdapter',handle_response,1,[{file,"lib/bamboo/adapters/smtp_adapter.ex"},{line,92}]},{'Elixir.Bamboo.Mailer',deliver_now,3,[{file,"lib/bamboo/mailer.ex"},{line,123}]},{'Elixir.EmailService.Consumer',consume,4,[{file,"lib/Consumer.ex"},{line,66}]}]}
2018-10-23 10:58:42 =ERROR REPORT====
Error in process <0.356.0> with exit value:
{#{'__exception__' => true,'__struct__' => 'Elixir.Bamboo.SMTPAdapter.SMTPError',message => <<"There was a problem sending the email through SMTP.\n\nThe error is :retries_exceeded\n\nMore detail below:\n\n{:network_failure, 'smtp.gmail.com', {:error, :timeout}}\n">>,raw => {retries_exceeded,{network_failure,"smtp.gmail.com",{error,timeout}}}},[{'Elixir.Bamboo.SMTPAdapter',handle_response,1,[{file,"lib/bamboo/adapters/smtp_adapter.ex"},{line,92}]},{'Elixir.Bamboo.Mailer',deliver_now,3,[{file,"lib/bamboo/mailer.ex"},{line,123}]},{'Elixir.EmailService.Consumer',consume,4,[{file,"lib/Consumer.ex"},{line,66}]}]}
2018-10-23 10:58:42 =ERROR REPORT====
Error in process <0.365.0> with exit value:
{#{'__exception__' => true,'__struct__' => 'Elixir.Bamboo.SMTPAdapter.SMTPError',message => <<"There was a problem sending the email through SMTP.\n\nThe error is :retries_exceeded\n\nMore detail below:\n\n{:network_failure, 'smtp.gmail.com', {:error, :timeout}}\n">>,raw => {retries_exceeded,{network_failure,"smtp.gmail.com",{error,timeout}}}},[{'Elixir.Bamboo.SMTPAdapter',handle_response,1,[{file,"lib/bamboo/adapters/smtp_adapter.ex"},{line,92}]},{'Elixir.Bamboo.Mailer',deliver_now,3,[{file,"lib/bamboo/mailer.ex"},{line,123}]},{'Elixir.EmailService.Consumer',consume,4,[{file,"lib/Consumer.ex"},{line,66}]}]}
2018-10-23 10:58:42 =ERROR REPORT====
Error in process <0.357.0> with exit value:
{#{'__exception__' => true,'__struct__' => 'Elixir.Bamboo.SMTPAdapter.SMTPError',message => <<"There was a problem sending the email through SMTP.\n\nThe error is :retries_exceeded\n\nMore detail below:\n\n{:network_failure, 'smtp.gmail.com', {:error, :timeout}}\n">>,raw => {retries_exceeded,{network_failure,"smtp.gmail.com",{error,timeout}}}},[{'Elixir.Bamboo.SMTPAdapter',handle_response,1,[{file,"lib/bamboo/adapters/smtp_adapter.ex"},{line,92}]},{'Elixir.Bamboo.Mailer',deliver_now,3,[{file,"lib/bamboo/mailer.ex"},{line,123}]},{'Elixir.EmailService.Consumer',consume,4,[{file,"lib/Consumer.ex"},{line,66}]}]}
2018-10-23 10:58:42 =ERROR REPORT====
Error in process <0.361.0> with exit value:
{#{'__exception__' => true,'__struct__' => 'Elixir.Bamboo.SMTPAdapter.SMTPError',message => <<"There was a problem sending the email through SMTP.\n\nThe error is :retries_exceeded\n\nMore detail below:\n\n{:network_failure, 'smtp.gmail.com', {:error, :timeout}}\n">>,raw => {retries_exceeded,{network_failure,"smtp.gmail.com",{error,timeout}}}},[{'Elixir.Bamboo.SMTPAdapter',handle_response,1,[{file,"lib/bamboo/adapters/smtp_adapter.ex"},{line,92}]},{'Elixir.Bamboo.Mailer',deliver_now,3,[{file,"lib/bamboo/mailer.ex"},{line,123}]},{'Elixir.EmailService.Consumer',consume,4,[{file,"lib/Consumer.ex"},{line,66}]}]}
2018-10-23 10:58:54 =ERROR REPORT====
Error in process <0.370.0> with exit value:
{#{'__exception__' => true,'__struct__' => 'Elixir.Bamboo.SMTPAdapter.SMTPError',message => <<"There was a problem sending the email through SMTP.\n\nThe error is :retries_exceeded\n\nMore detail below:\n\n{:network_failure, 'smtp.gmail.com', {:error, :timeout}}\n">>,raw => {retries_exceeded,{network_failure,"smtp.gmail.com",{error,timeout}}}},[{'Elixir.Bamboo.SMTPAdapter',handle_response,1,[{file,"lib/bamboo/adapters/smtp_adapter.ex"},{line,92}]},{'Elixir.Bamboo.Mailer',deliver_now,3,[{file,"lib/bamboo/mailer.ex"},{line,123}]},{'Elixir.EmailService.Consumer',consume,4,[{file,"lib/Consumer.ex"},{line,66}]}]}
2018-10-23 11:02:05 =ERROR REPORT====
Error in process <0.358.0> with exit value:
{#{'__exception__' => true,'__struct__' => 'Elixir.Bamboo.SMTPAdapter.SMTPError',message => <<"There was a problem sending the email through SMTP.\n\nThe error is :retries_exceeded\n\nMore detail below:\n\n{:network_failure, 'smtp.googlemail.com', {:error, :timeout}}\n">>,raw => {retries_exceeded,{network_failure,"smtp.googlemail.com",{error,timeout}}}},[{'Elixir.Bamboo.SMTPAdapter',handle_response,1,[{file,"lib/bamboo/adapters/smtp_adapter.ex"},{line,92}]},{'Elixir.Bamboo.Mailer',deliver_now,3,[{file,"lib/bamboo/mailer.ex"},{line,123}]},{'Elixir.EmailService.Consumer',consume,4,[{file,"lib/Consumer.ex"},{line,66}]}]}
2018-10-23 11:02:05 =ERROR REPORT====
Error in process <0.366.0> with exit value:
{#{'__exception__' => true,'__struct__' => 'Elixir.Bamboo.SMTPAdapter.SMTPError',message => <<"There was a problem sending the email through SMTP.\n\nThe error is :retries_exceeded\n\nMore detail below:\n\n{:network_failure, 'smtp.googlemail.com', {:error, :timeout}}\n">>,raw => {retries_exceeded,{network_failure,"smtp.googlemail.com",{error,timeout}}}},[{'Elixir.Bamboo.SMTPAdapter',handle_response,1,[{file,"lib/bamboo/adapters/smtp_adapter.ex"},{line,92}]},{'Elixir.Bamboo.Mailer',deliver_now,3,[{file,"lib/bamboo/mailer.ex"},{line,123}]},{'Elixir.EmailService.Consumer',consume,4,[{file,"lib/Consumer.ex"},{line,66}]}]}
2018-10-23 11:02:05 =ERROR REPORT====
Error in process <0.361.0> with exit value:
{#{'__exception__' => true,'__struct__' => 'Elixir.Bamboo.SMTPAdapter.SMTPError',message => <<"There was a problem sending the email through SMTP.\n\nThe error is :retries_exceeded\n\nMore detail below:\n\n{:network_failure, 'smtp.googlemail.com', {:error, :timeout}}\n">>,raw => {retries_exceeded,{network_failure,"smtp.googlemail.com",{error,timeout}}}},[{'Elixir.Bamboo.SMTPAdapter',handle_response,1,[{file,"lib/bamboo/adapters/smtp_adapter.ex"},{line,92}]},{'Elixir.Bamboo.Mailer',deliver_now,3,[{file,"lib/bamboo/mailer.ex"},{line,123}]},{'Elixir.EmailService.Consumer',consume,4,[{file,"lib/Consumer.ex"},{line,66}]}]}
2018-10-23 11:02:05 =ERROR REPORT====
Error in process <0.365.0> with exit value:
{#{'__exception__' => true,'__struct__' => 'Elixir.Bamboo.SMTPAdapter.SMTPError',message => <<"There was a problem sending the email through SMTP.\n\nThe error is :retries_exceeded\n\nMore detail below:\n\n{:network_failure, 'smtp.googlemail.com', {:error, :timeout}}\n">>,raw => {retries_exceeded,{network_failure,"smtp.googlemail.com",{error,timeout}}}},[{'Elixir.Bamboo.SMTPAdapter',handle_response,1,[{file,"lib/bamboo/adapters/smtp_adapter.ex"},{line,92}]},{'Elixir.Bamboo.Mailer',deliver_now,3,[{file,"lib/bamboo/mailer.ex"},{line,123}]},{'Elixir.EmailService.Consumer',consume,4,[{file,"lib/Consumer.ex"},{line,66}]}]}
2018-10-23 11:02:05 =ERROR REPORT====
Error in process <0.360.0> with exit value:
{#{'__exception__' => true,'__struct__' => 'Elixir.Bamboo.SMTPAdapter.SMTPError',message => <<"There was a problem sending the email through SMTP.\n\nThe error is :retries_exceeded\n\nMore detail below:\n\n{:network_failure, 'smtp.googlemail.com', {:error, :timeout}}\n">>,raw => {retries_exceeded,{network_failure,"smtp.googlemail.com",{error,timeout}}}},[{'Elixir.Bamboo.SMTPAdapter',handle_response,1,[{file,"lib/bamboo/adapters/smtp_adapter.ex"},{line,92}]},{'Elixir.Bamboo.Mailer',deliver_now,3,[{file,"lib/bamboo/mailer.ex"},{line,123}]},{'Elixir.EmailService.Consumer',consume,4,[{file,"lib/Consumer.ex"},{line,66}]}]}
2018-10-23 11:02:05 =ERROR REPORT====
Error in process <0.367.0> with exit value:
{#{'__exception__' => true,'__struct__' => 'Elixir.Bamboo.SMTPAdapter.SMTPError',message => <<"There was a problem sending the email through SMTP.\n\nThe error is :retries_exceeded\n\nMore detail below:\n\n{:network_failure, 'smtp.googlemail.com', {:error, :timeout}}\n">>,raw => {retries_exceeded,{network_failure,"smtp.googlemail.com",{error,timeout}}}},[{'Elixir.Bamboo.SMTPAdapter',handle_response,1,[{file,"lib/bamboo/adapters/smtp_adapter.ex"},{line,92}]},{'Elixir.Bamboo.Mailer',deliver_now,3,[{file,"lib/bamboo/mailer.ex"},{line,123}]},{'Elixir.EmailService.Consumer',consume,4,[{file,"lib/Consumer.ex"},{line,66}]}]}
2018-10-23 11:02:05 =ERROR REPORT====
Error in process <0.356.0> with exit value:
{#{'__exception__' => true,'__struct__' => 'Elixir.Bamboo.SMTPAdapter.SMTPError',message => <<"There was a problem sending the email through SMTP.\n\nThe error is :retries_exceeded\n\nMore detail below:\n\n{:network_failure, 'smtp.googlemail.com', {:error, :timeout}}\n">>,raw => {retries_exceeded,{network_failure,"smtp.googlemail.com",{error,timeout}}}},[{'Elixir.Bamboo.SMTPAdapter',handle_response,1,[{file,"lib/bamboo/adapters/smtp_adapter.ex"},{line,92}]},{'Elixir.Bamboo.Mailer',deliver_now,3,[{file,"lib/bamboo/mailer.ex"},{line,123}]},{'Elixir.EmailService.Consumer',consume,4,[{file,"lib/Consumer.ex"},{line,66}]}]}
2018-10-23 11:02:06 =ERROR REPORT====
Error in process <0.363.0> with exit value:
{#{'__exception__' => true,'__struct__' => 'Elixir.Bamboo.SMTPAdapter.SMTPError',message => <<"There was a problem sending the email through SMTP.\n\nThe error is :retries_exceeded\n\nMore detail below:\n\n{:network_failure, 'smtp.googlemail.com', {:error, :timeout}}\n">>,raw => {retries_exceeded,{network_failure,"smtp.googlemail.com",{error,timeout}}}},[{'Elixir.Bamboo.SMTPAdapter',handle_response,1,[{file,"lib/bamboo/adapters/smtp_adapter.ex"},{line,92}]},{'Elixir.Bamboo.Mailer',deliver_now,3,[{file,"lib/bamboo/mailer.ex"},{line,123}]},{'Elixir.EmailService.Consumer',consume,4,[{file,"lib/Consumer.ex"},{line,66}]}]}
2018-10-23 11:02:06 =ERROR REPORT====
Error in process <0.362.0> with exit value:
{#{'__exception__' => true,'__struct__' => 'Elixir.Bamboo.SMTPAdapter.SMTPError',message => <<"There was a problem sending the email through SMTP.\n\nThe error is :retries_exceeded\n\nMore detail below:\n\n{:network_failure, 'smtp.googlemail.com', {:error, :timeout}}\n">>,raw => {retries_exceeded,{network_failure,"smtp.googlemail.com",{error,timeout}}}},[{'Elixir.Bamboo.SMTPAdapter',handle_response,1,[{file,"lib/bamboo/adapters/smtp_adapter.ex"},{line,92}]},{'Elixir.Bamboo.Mailer',deliver_now,3,[{file,"lib/bamboo/mailer.ex"},{line,123}]},{'Elixir.EmailService.Consumer',consume,4,[{file,"lib/Consumer.ex"},{line,66}]}]}
2018-10-23 11:02:06 =ERROR REPORT====
Error in process <0.364.0> with exit value:
{#{'__exception__' => true,'__struct__' => 'Elixir.Bamboo.SMTPAdapter.SMTPError',message => <<"There was a problem sending the email through SMTP.\n\nThe error is :retries_exceeded\n\nMore detail below:\n\n{:network_failure, 'smtp.googlemail.com', {:error, :timeout}}\n">>,raw => {retries_exceeded,{network_failure,"smtp.googlemail.com",{error,timeout}}}},[{'Elixir.Bamboo.SMTPAdapter',handle_response,1,[{file,"lib/bamboo/adapters/smtp_adapter.ex"},{line,92}]},{'Elixir.Bamboo.Mailer',deliver_now,3,[{file,"lib/bamboo/mailer.ex"},{line,123}]},{'Elixir.EmailService.Consumer',consume,4,[{file,"lib/Consumer.ex"},{line,66}]}]}
2018-10-23 11:02:06 =ERROR REPORT====
Error in process <0.359.0> with exit value:
{#{'__exception__' => true,'__struct__' => 'Elixir.Bamboo.SMTPAdapter.SMTPError',message => <<"There was a problem sending the email through SMTP.\n\nThe error is :retries_exceeded\n\nMore detail below:\n\n{:network_failure, 'smtp.googlemail.com', {:error, :timeout}}\n">>,raw => {retries_exceeded,{network_failure,"smtp.googlemail.com",{error,timeout}}}},[{'Elixir.Bamboo.SMTPAdapter',handle_response,1,[{file,"lib/bamboo/adapters/smtp_adapter.ex"},{line,92}]},{'Elixir.Bamboo.Mailer',deliver_now,3,[{file,"lib/bamboo/mailer.ex"},{line,123}]},{'Elixir.EmailService.Consumer',consume,4,[{file,"lib/Consumer.ex"},{line,66}]}]}
2018-10-23 11:02:06 =ERROR REPORT====
Error in process <0.357.0> with exit value:
{#{'__exception__' => true,'__struct__' => 'Elixir.Bamboo.SMTPAdapter.SMTPError',message => <<"There was a problem sending the email through SMTP.\n\nThe error is :retries_exceeded\n\nMore detail below:\n\n{:network_failure, 'smtp.googlemail.com', {:error, :timeout}}\n">>,raw => {retries_exceeded,{network_failure,"smtp.googlemail.com",{error,timeout}}}},[{'Elixir.Bamboo.SMTPAdapter',handle_response,1,[{file,"lib/bamboo/adapters/smtp_adapter.ex"},{line,92}]},{'Elixir.Bamboo.Mailer',deliver_now,3,[{file,"lib/bamboo/mailer.ex"},{line,123}]},{'Elixir.EmailService.Consumer',consume,4,[{file,"lib/Consumer.ex"},{line,66}]}]}
2018-10-23 11:15:40 =ERROR REPORT====
Error in process <0.359.0> with exit value:
{#{'__exception__' => true,'__struct__' => 'Elixir.Bamboo.SMTPAdapter.SMTPError',message => <<"There was a problem sending the email through SMTP.\n\nThe error is :retries_exceeded\n\nMore detail below:\n\n{:missing_requirement, 'smtp.gmail.com', :tls}\n">>,raw => {retries_exceeded,{missing_requirement,"smtp.gmail.com",tls}}},[{'Elixir.Bamboo.SMTPAdapter',handle_response,1,[{file,"lib/bamboo/adapters/smtp_adapter.ex"},{line,92}]},{'Elixir.Bamboo.Mailer',deliver_now,3,[{file,"lib/bamboo/mailer.ex"},{line,123}]},{'Elixir.EmailService.Consumer',consume,4,[{file,"lib/Consumer.ex"},{line,66}]}]}
2018-10-23 11:15:40 =ERROR REPORT====
Error in process <0.360.0> with exit value:
{#{'__exception__' => true,'__struct__' => 'Elixir.Bamboo.SMTPAdapter.SMTPError',message => <<"There was a problem sending the email through SMTP.\n\nThe error is :retries_exceeded\n\nMore detail below:\n\n{:missing_requirement, 'smtp.gmail.com', :tls}\n">>,raw => {retries_exceeded,{missing_requirement,"smtp.gmail.com",tls}}},[{'Elixir.Bamboo.SMTPAdapter',handle_response,1,[{file,"lib/bamboo/adapters/smtp_adapter.ex"},{line,92}]},{'Elixir.Bamboo.Mailer',deliver_now,3,[{file,"lib/bamboo/mailer.ex"},{line,123}]},{'Elixir.EmailService.Consumer',consume,4,[{file,"lib/Consumer.ex"},{line,66}]}]}
2018-10-23 11:15:40 =ERROR REPORT====
Error in process <0.364.0> with exit value:
{#{'__exception__' => true,'__struct__' => 'Elixir.Bamboo.SMTPAdapter.SMTPError',message => <<"There was a problem sending the email through SMTP.\n\nThe error is :retries_exceeded\n\nMore detail below:\n\n{:missing_requirement, 'smtp.gmail.com', :tls}\n">>,raw => {retries_exceeded,{missing_requirement,"smtp.gmail.com",tls}}},[{'Elixir.Bamboo.SMTPAdapter',handle_response,1,[{file,"lib/bamboo/adapters/smtp_adapter.ex"},{line,92}]},{'Elixir.Bamboo.Mailer',deliver_now,3,[{file,"lib/bamboo/mailer.ex"},{line,123}]},{'Elixir.EmailService.Consumer',consume,4,[{file,"lib/Consumer.ex"},{line,66}]}]}
2018-10-23 11:15:40 =ERROR REPORT====
Error in process <0.362.0> with exit value:
{#{'__exception__' => true,'__struct__' => 'Elixir.Bamboo.SMTPAdapter.SMTPError',message => <<"There was a problem sending the email through SMTP.\n\nThe error is :retries_exceeded\n\nMore detail below:\n\n{:missing_requirement, 'smtp.gmail.com', :tls}\n">>,raw => {retries_exceeded,{missing_requirement,"smtp.gmail.com",tls}}},[{'Elixir.Bamboo.SMTPAdapter',handle_response,1,[{file,"lib/bamboo/adapters/smtp_adapter.ex"},{line,92}]},{'Elixir.Bamboo.Mailer',deliver_now,3,[{file,"lib/bamboo/mailer.ex"},{line,123}]},{'Elixir.EmailService.Consumer',consume,4,[{file,"lib/Consumer.ex"},{line,66}]}]}
2018-10-23 11:15:40 =ERROR REPORT====
Error in process <0.357.0> with exit value:
{#{'__exception__' => true,'__struct__' => 'Elixir.Bamboo.SMTPAdapter.SMTPError',message => <<"There was a problem sending the email through SMTP.\n\nThe error is :retries_exceeded\n\nMore detail below:\n\n{:missing_requirement, 'smtp.gmail.com', :tls}\n">>,raw => {retries_exceeded,{missing_requirement,"smtp.gmail.com",tls}}},[{'Elixir.Bamboo.SMTPAdapter',handle_response,1,[{file,"lib/bamboo/adapters/smtp_adapter.ex"},{line,92}]},{'Elixir.Bamboo.Mailer',deliver_now,3,[{file,"lib/bamboo/mailer.ex"},{line,123}]},{'Elixir.EmailService.Consumer',consume,4,[{file,"lib/Consumer.ex"},{line,66}]}]}
2018-10-23 11:15:40 =ERROR REPORT====
Error in process <0.358.0> with exit value:
{#{'__exception__' => true,'__struct__' => 'Elixir.Bamboo.SMTPAdapter.SMTPError',message => <<"There was a problem sending the email through SMTP.\n\nThe error is :retries_exceeded\n\nMore detail below:\n\n{:missing_requirement, 'smtp.gmail.com', :tls}\n">>,raw => {retries_exceeded,{missing_requirement,"smtp.gmail.com",tls}}},[{'Elixir.Bamboo.SMTPAdapter',handle_response,1,[{file,"lib/bamboo/adapters/smtp_adapter.ex"},{line,92}]},{'Elixir.Bamboo.Mailer',deliver_now,3,[{file,"lib/bamboo/mailer.ex"},{line,123}]},{'Elixir.EmailService.Consumer',consume,4,[{file,"lib/Consumer.ex"},{line,66}]}]}
2018-10-23 11:15:40 =ERROR REPORT====
Error in process <0.361.0> with exit value:
{#{'__exception__' => true,'__struct__' => 'Elixir.Bamboo.SMTPAdapter.SMTPError',message => <<"There was a problem sending the email through SMTP.\n\nThe error is :retries_exceeded\n\nMore detail below:\n\n{:missing_requirement, 'smtp.gmail.com', :tls}\n">>,raw => {retries_exceeded,{missing_requirement,"smtp.gmail.com",tls}}},[{'Elixir.Bamboo.SMTPAdapter',handle_response,1,[{file,"lib/bamboo/adapters/smtp_adapter.ex"},{line,92}]},{'Elixir.Bamboo.Mailer',deliver_now,3,[{file,"lib/bamboo/mailer.ex"},{line,123}]},{'Elixir.EmailService.Consumer',consume,4,[{file,"lib/Consumer.ex"},{line,66}]}]}
2018-10-23 11:15:40 =ERROR REPORT====
Error in process <0.356.0> with exit value:
{#{'__exception__' => true,'__struct__' => 'Elixir.Bamboo.SMTPAdapter.SMTPError',message => <<"There was a problem sending the email through SMTP.\n\nThe error is :retries_exceeded\n\nMore detail below:\n\n{:missing_requirement, 'smtp.gmail.com', :tls}\n">>,raw => {retries_exceeded,{missing_requirement,"smtp.gmail.com",tls}}},[{'Elixir.Bamboo.SMTPAdapter',handle_response,1,[{file,"lib/bamboo/adapters/smtp_adapter.ex"},{line,92}]},{'Elixir.Bamboo.Mailer',deliver_now,3,[{file,"lib/bamboo/mailer.ex"},{line,123}]},{'Elixir.EmailService.Consumer',consume,4,[{file,"lib/Consumer.ex"},{line,66}]}]}
2018-10-23 11:15:40 =ERROR REPORT====
Error in process <0.367.0> with exit value:
{#{'__exception__' => true,'__struct__' => 'Elixir.Bamboo.SMTPAdapter.SMTPError',message => <<"There was a problem sending the email through SMTP.\n\nThe error is :retries_exceeded\n\nMore detail below:\n\n{:missing_requirement, 'smtp.gmail.com', :tls}\n">>,raw => {retries_exceeded,{missing_requirement,"smtp.gmail.com",tls}}},[{'Elixir.Bamboo.SMTPAdapter',handle_response,1,[{file,"lib/bamboo/adapters/smtp_adapter.ex"},{line,92}]},{'Elixir.Bamboo.Mailer',deliver_now,3,[{file,"lib/bamboo/mailer.ex"},{line,123}]},{'Elixir.EmailService.Consumer',consume,4,[{file,"lib/Consumer.ex"},{line,66}]}]}
2018-10-23 11:15:40 =ERROR REPORT====
Error in process <0.363.0> with exit value:
{#{'__exception__' => true,'__struct__' => 'Elixir.Bamboo.SMTPAdapter.SMTPError',message => <<"There was a problem sending the email through SMTP.\n\nThe error is :retries_exceeded\n\nMore detail below:\n\n{:missing_requirement, 'smtp.gmail.com', :tls}\n">>,raw => {retries_exceeded,{missing_requirement,"smtp.gmail.com",tls}}},[{'Elixir.Bamboo.SMTPAdapter',handle_response,1,[{file,"lib/bamboo/adapters/smtp_adapter.ex"},{line,92}]},{'Elixir.Bamboo.Mailer',deliver_now,3,[{file,"lib/bamboo/mailer.ex"},{line,123}]},{'Elixir.EmailService.Consumer',consume,4,[{file,"lib/Consumer.ex"},{line,66}]}]}
2018-10-23 11:15:40 =ERROR REPORT====
Error in process <0.365.0> with exit value:
{#{'__exception__' => true,'__struct__' => 'Elixir.Bamboo.SMTPAdapter.SMTPError',message => <<"There was a problem sending the email through SMTP.\n\nThe error is :retries_exceeded\n\nMore detail below:\n\n{:missing_requirement, 'smtp.gmail.com', :tls}\n">>,raw => {retries_exceeded,{missing_requirement,"smtp.gmail.com",tls}}},[{'Elixir.Bamboo.SMTPAdapter',handle_response,1,[{file,"lib/bamboo/adapters/smtp_adapter.ex"},{line,92}]},{'Elixir.Bamboo.Mailer',deliver_now,3,[{file,"lib/bamboo/mailer.ex"},{line,123}]},{'Elixir.EmailService.Consumer',consume,4,[{file,"lib/Consumer.ex"},{line,66}]}]}
2018-10-23 11:15:40 =ERROR REPORT====
Error in process <0.366.0> with exit value:
{#{'__exception__' => true,'__struct__' => 'Elixir.Bamboo.SMTPAdapter.SMTPError',message => <<"There was a problem sending the email through SMTP.\n\nThe error is :retries_exceeded\n\nMore detail below:\n\n{:missing_requirement, 'smtp.gmail.com', :tls}\n">>,raw => {retries_exceeded,{missing_requirement,"smtp.gmail.com",tls}}},[{'Elixir.Bamboo.SMTPAdapter',handle_response,1,[{file,"lib/bamboo/adapters/smtp_adapter.ex"},{line,92}]},{'Elixir.Bamboo.Mailer',deliver_now,3,[{file,"lib/bamboo/mailer.ex"},{line,123}]},{'Elixir.EmailService.Consumer',consume,4,[{file,"lib/Consumer.ex"},{line,66}]}]}
2018-10-23 11:16:03 =ERROR REPORT====
Error in process <0.362.0> with exit value:
{#{'__exception__' => true,'__struct__' => 'Elixir.Bamboo.SMTPAdapter.SMTPError',message => <<"There was a problem sending the email through SMTP.\n\nThe error is :no_more_hosts\n\nMore detail below:\n\n{:permanent_failure, 'smtp.gmail.com', :auth_failed}\n">>,raw => {no_more_hosts,{permanent_failure,"smtp.gmail.com",auth_failed}}},[{'Elixir.Bamboo.SMTPAdapter',handle_response,1,[{file,"lib/bamboo/adapters/smtp_adapter.ex"},{line,92}]},{'Elixir.Bamboo.Mailer',deliver_now,3,[{file,"lib/bamboo/mailer.ex"},{line,123}]},{'Elixir.EmailService.Consumer',consume,4,[{file,"lib/Consumer.ex"},{line,66}]}]}
2018-10-23 11:16:03 =ERROR REPORT====
Error in process <0.364.0> with exit value:
{#{'__exception__' => true,'__struct__' => 'Elixir.Bamboo.SMTPAdapter.SMTPError',message => <<"There was a problem sending the email through SMTP.\n\nThe error is :no_more_hosts\n\nMore detail below:\n\n{:permanent_failure, 'smtp.gmail.com', :auth_failed}\n">>,raw => {no_more_hosts,{permanent_failure,"smtp.gmail.com",auth_failed}}},[{'Elixir.Bamboo.SMTPAdapter',handle_response,1,[{file,"lib/bamboo/adapters/smtp_adapter.ex"},{line,92}]},{'Elixir.Bamboo.Mailer',deliver_now,3,[{file,"lib/bamboo/mailer.ex"},{line,123}]},{'Elixir.EmailService.Consumer',consume,4,[{file,"lib/Consumer.ex"},{line,66}]}]}
2018-10-23 11:16:03 =ERROR REPORT====
Error in process <0.366.0> with exit value:
{#{'__exception__' => true,'__struct__' => 'Elixir.Bamboo.SMTPAdapter.SMTPError',message => <<"There was a problem sending the email through SMTP.\n\nThe error is :no_more_hosts\n\nMore detail below:\n\n{:permanent_failure, 'smtp.gmail.com', :auth_failed}\n">>,raw => {no_more_hosts,{permanent_failure,"smtp.gmail.com",auth_failed}}},[{'Elixir.Bamboo.SMTPAdapter',handle_response,1,[{file,"lib/bamboo/adapters/smtp_adapter.ex"},{line,92}]},{'Elixir.Bamboo.Mailer',deliver_now,3,[{file,"lib/bamboo/mailer.ex"},{line,123}]},{'Elixir.EmailService.Consumer',consume,4,[{file,"lib/Consumer.ex"},{line,66}]}]}
2018-10-23 11:16:03 =ERROR REPORT====
Error in process <0.356.0> with exit value:
{#{'__exception__' => true,'__struct__' => 'Elixir.Bamboo.SMTPAdapter.SMTPError',message => <<"There was a problem sending the email through SMTP.\n\nThe error is :no_more_hosts\n\nMore detail below:\n\n{:permanent_failure, 'smtp.gmail.com', :auth_failed}\n">>,raw => {no_more_hosts,{permanent_failure,"smtp.gmail.com",auth_failed}}},[{'Elixir.Bamboo.SMTPAdapter',handle_response,1,[{file,"lib/bamboo/adapters/smtp_adapter.ex"},{line,92}]},{'Elixir.Bamboo.Mailer',deliver_now,3,[{file,"lib/bamboo/mailer.ex"},{line,123}]},{'Elixir.EmailService.Consumer',consume,4,[{file,"lib/Consumer.ex"},{line,66}]}]}
2018-10-23 11:16:03 =ERROR REPORT====
Error in process <0.363.0> with exit value:
{#{'__exception__' => true,'__struct__' => 'Elixir.Bamboo.SMTPAdapter.SMTPError',message => <<"There was a problem sending the email through SMTP.\n\nThe error is :no_more_hosts\n\nMore detail below:\n\n{:permanent_failure, 'smtp.gmail.com', :auth_failed}\n">>,raw => {no_more_hosts,{permanent_failure,"smtp.gmail.com",auth_failed}}},[{'Elixir.Bamboo.SMTPAdapter',handle_response,1,[{file,"lib/bamboo/adapters/smtp_adapter.ex"},{line,92}]},{'Elixir.Bamboo.Mailer',deliver_now,3,[{file,"lib/bamboo/mailer.ex"},{line,123}]},{'Elixir.EmailService.Consumer',consume,4,[{file,"lib/Consumer.ex"},{line,66}]}]}
2018-10-23 11:16:03 =ERROR REPORT====
Error in process <0.367.0> with exit value:
{#{'__exception__' => true,'__struct__' => 'Elixir.Bamboo.SMTPAdapter.SMTPError',message => <<"There was a problem sending the email through SMTP.\n\nThe error is :no_more_hosts\n\nMore detail below:\n\n{:permanent_failure, 'smtp.gmail.com', :auth_failed}\n">>,raw => {no_more_hosts,{permanent_failure,"smtp.gmail.com",auth_failed}}},[{'Elixir.Bamboo.SMTPAdapter',handle_response,1,[{file,"lib/bamboo/adapters/smtp_adapter.ex"},{line,92}]},{'Elixir.Bamboo.Mailer',deliver_now,3,[{file,"lib/bamboo/mailer.ex"},{line,123}]},{'Elixir.EmailService.Consumer',consume,4,[{file,"lib/Consumer.ex"},{line,66}]}]}
2018-10-23 11:16:03 =ERROR REPORT====
Error in process <0.365.0> with exit value:
{#{'__exception__' => true,'__struct__' => 'Elixir.Bamboo.SMTPAdapter.SMTPError',message => <<"There was a problem sending the email through SMTP.\n\nThe error is :no_more_hosts\n\nMore detail below:\n\n{:permanent_failure, 'smtp.gmail.com', :auth_failed}\n">>,raw => {no_more_hosts,{permanent_failure,"smtp.gmail.com",auth_failed}}},[{'Elixir.Bamboo.SMTPAdapter',handle_response,1,[{file,"lib/bamboo/adapters/smtp_adapter.ex"},{line,92}]},{'Elixir.Bamboo.Mailer',deliver_now,3,[{file,"lib/bamboo/mailer.ex"},{line,123}]},{'Elixir.EmailService.Consumer',consume,4,[{file,"lib/Consumer.ex"},{line,66}]}]}
2018-10-23 11:16:03 =ERROR REPORT====
Error in process <0.359.0> with exit value:
{#{'__exception__' => true,'__struct__' => 'Elixir.Bamboo.SMTPAdapter.SMTPError',message => <<"There was a problem sending the email through SMTP.\n\nThe error is :no_more_hosts\n\nMore detail below:\n\n{:permanent_failure, 'smtp.gmail.com', :auth_failed}\n">>,raw => {no_more_hosts,{permanent_failure,"smtp.gmail.com",auth_failed}}},[{'Elixir.Bamboo.SMTPAdapter',handle_response,1,[{file,"lib/bamboo/adapters/smtp_adapter.ex"},{line,92}]},{'Elixir.Bamboo.Mailer',deliver_now,3,[{file,"lib/bamboo/mailer.ex"},{line,123}]},{'Elixir.EmailService.Consumer',consume,4,[{file,"lib/Consumer.ex"},{line,66}]}]}
2018-10-23 11:16:03 =ERROR REPORT====
Error in process <0.361.0> with exit value:
{#{'__exception__' => true,'__struct__' => 'Elixir.Bamboo.SMTPAdapter.SMTPError',message => <<"There was a problem sending the email through SMTP.\n\nThe error is :no_more_hosts\n\nMore detail below:\n\n{:permanent_failure, 'smtp.gmail.com', :auth_failed}\n">>,raw => {no_more_hosts,{permanent_failure,"smtp.gmail.com",auth_failed}}},[{'Elixir.Bamboo.SMTPAdapter',handle_response,1,[{file,"lib/bamboo/adapters/smtp_adapter.ex"},{line,92}]},{'Elixir.Bamboo.Mailer',deliver_now,3,[{file,"lib/bamboo/mailer.ex"},{line,123}]},{'Elixir.EmailService.Consumer',consume,4,[{file,"lib/Consumer.ex"},{line,66}]}]}
2018-10-23 11:16:03 =ERROR REPORT====
Error in process <0.358.0> with exit value:
{#{'__exception__' => true,'__struct__' => 'Elixir.Bamboo.SMTPAdapter.SMTPError',message => <<"There was a problem sending the email through SMTP.\n\nThe error is :no_more_hosts\n\nMore detail below:\n\n{:permanent_failure, 'smtp.gmail.com', :auth_failed}\n">>,raw => {no_more_hosts,{permanent_failure,"smtp.gmail.com",auth_failed}}},[{'Elixir.Bamboo.SMTPAdapter',handle_response,1,[{file,"lib/bamboo/adapters/smtp_adapter.ex"},{line,92}]},{'Elixir.Bamboo.Mailer',deliver_now,3,[{file,"lib/bamboo/mailer.ex"},{line,123}]},{'Elixir.EmailService.Consumer',consume,4,[{file,"lib/Consumer.ex"},{line,66}]}]}
2018-10-23 11:16:03 =ERROR REPORT====
Error in process <0.357.0> with exit value:
{#{'__exception__' => true,'__struct__' => 'Elixir.Bamboo.SMTPAdapter.SMTPError',message => <<"There was a problem sending the email through SMTP.\n\nThe error is :no_more_hosts\n\nMore detail below:\n\n{:permanent_failure, 'smtp.gmail.com', :auth_failed}\n">>,raw => {no_more_hosts,{permanent_failure,"smtp.gmail.com",auth_failed}}},[{'Elixir.Bamboo.SMTPAdapter',handle_response,1,[{file,"lib/bamboo/adapters/smtp_adapter.ex"},{line,92}]},{'Elixir.Bamboo.Mailer',deliver_now,3,[{file,"lib/bamboo/mailer.ex"},{line,123}]},{'Elixir.EmailService.Consumer',consume,4,[{file,"lib/Consumer.ex"},{line,66}]}]}
2018-10-23 11:16:03 =ERROR REPORT====
Error in process <0.360.0> with exit value:
{#{'__exception__' => true,'__struct__' => 'Elixir.Bamboo.SMTPAdapter.SMTPError',message => <<"There was a problem sending the email through SMTP.\n\nThe error is :no_more_hosts\n\nMore detail below:\n\n{:permanent_failure, 'smtp.gmail.com', :auth_failed}\n">>,raw => {no_more_hosts,{permanent_failure,"smtp.gmail.com",auth_failed}}},[{'Elixir.Bamboo.SMTPAdapter',handle_response,1,[{file,"lib/bamboo/adapters/smtp_adapter.ex"},{line,92}]},{'Elixir.Bamboo.Mailer',deliver_now,3,[{file,"lib/bamboo/mailer.ex"},{line,123}]},{'Elixir.EmailService.Consumer',consume,4,[{file,"lib/Consumer.ex"},{line,66}]}]}
2018-10-23 11:17:28 =ERROR REPORT====
Error in process <0.364.0> with exit value:
{#{'__exception__' => true,'__struct__' => 'Elixir.Bamboo.SMTPAdapter.SMTPError',message => <<"There was a problem sending the email through SMTP.\n\nThe error is :no_more_hosts\n\nMore detail below:\n\n{:permanent_failure, 'smtp.gmail.com', \"530-5.5.1 Authentication Required. Learn more at\\r\\n530 5.5.1  https://support.google.com/mail/?p=WantAuthError m143-v6sm1278841wmd.29 - gsmtp\\r\\n\"}\n">>,raw => {no_more_hosts,{permanent_failure,"smtp.gmail.com",<<"530-5.5.1 Authentication Required. Learn more at\r\n530 5.5.1  https://support.google.com/mail/?p=WantAuthError m143-v6sm1278841wmd.29 - gsmtp\r\n">>}}},[{'Elixir.Bamboo.SMTPAdapter',handle_response,1,[{file,"lib/bamboo/adapters/smtp_adapter.ex"},{line,92}]},{'Elixir.Bamboo.Mailer',deliver_now,3,[{file,"lib/bamboo/mailer.ex"},{line,123}]},{'Elixir.EmailService.Consumer',consume,4,[{file,"lib/Consumer.ex"},{line,66}]}]}
2018-10-23 11:17:28 =ERROR REPORT====
Error in process <0.358.0> with exit value:
{#{'__exception__' => true,'__struct__' => 'Elixir.Bamboo.SMTPAdapter.SMTPError',message => <<"There was a problem sending the email through SMTP.\n\nThe error is :no_more_hosts\n\nMore detail below:\n\n{:permanent_failure, 'smtp.gmail.com', \"530-5.5.1 Authentication Required. Learn more at\\r\\n530 5.5.1  https://support.google.com/mail/?p=WantAuthError u13-v6sm588552wrn.11 - gsmtp\\r\\n\"}\n">>,raw => {no_more_hosts,{permanent_failure,"smtp.gmail.com",<<"530-5.5.1 Authentication Required. Learn more at\r\n530 5.5.1  https://support.google.com/mail/?p=WantAuthError u13-v6sm588552wrn.11 - gsmtp\r\n">>}}},[{'Elixir.Bamboo.SMTPAdapter',handle_response,1,[{file,"lib/bamboo/adapters/smtp_adapter.ex"},{line,92}]},{'Elixir.Bamboo.Mailer',deliver_now,3,[{file,"lib/bamboo/mailer.ex"},{line,123}]},{'Elixir.EmailService.Consumer',consume,4,[{file,"lib/Consumer.ex"},{line,66}]}]}
2018-10-23 11:17:28 =ERROR REPORT====
Error in process <0.356.0> with exit value:
{#{'__exception__' => true,'__struct__' => 'Elixir.Bamboo.SMTPAdapter.SMTPError',message => <<"There was a problem sending the email through SMTP.\n\nThe error is :no_more_hosts\n\nMore detail below:\n\n{:permanent_failure, 'smtp.gmail.com', \"530-5.5.1 Authentication Required. Learn more at\\r\\n530 5.5.1  https://support.google.com/mail/?p=WantAuthError c14-v6sm1971607wmh.44 - gsmtp\\r\\n\"}\n">>,raw => {no_more_hosts,{permanent_failure,"smtp.gmail.com",<<"530-5.5.1 Authentication Required. Learn more at\r\n530 5.5.1  https://support.google.com/mail/?p=WantAuthError c14-v6sm1971607wmh.44 - gsmtp\r\n">>}}},[{'Elixir.Bamboo.SMTPAdapter',handle_response,1,[{file,"lib/bamboo/adapters/smtp_adapter.ex"},{line,92}]},{'Elixir.Bamboo.Mailer',deliver_now,3,[{file,"lib/bamboo/mailer.ex"},{line,123}]},{'Elixir.EmailService.Consumer',consume,4,[{file,"lib/Consumer.ex"},{line,66}]}]}
2018-10-23 11:17:28 =ERROR REPORT====
Error in process <0.366.0> with exit value:
{#{'__exception__' => true,'__struct__' => 'Elixir.Bamboo.SMTPAdapter.SMTPError',message => <<"There was a problem sending the email through SMTP.\n\nThe error is :no_more_hosts\n\nMore detail below:\n\n{:permanent_failure, 'smtp.gmail.com', \"530-5.5.1 Authentication Required. Learn more at\\r\\n530 5.5.1  https://support.google.com/mail/?p=WantAuthError l4-v6sm1339943wrb.92 - gsmtp\\r\\n\"}\n">>,raw => {no_more_hosts,{permanent_failure,"smtp.gmail.com",<<"530-5.5.1 Authentication Required. Learn more at\r\n530 5.5.1  https://support.google.com/mail/?p=WantAuthError l4-v6sm1339943wrb.92 - gsmtp\r\n">>}}},[{'Elixir.Bamboo.SMTPAdapter',handle_response,1,[{file,"lib/bamboo/adapters/smtp_adapter.ex"},{line,92}]},{'Elixir.Bamboo.Mailer',deliver_now,3,[{file,"lib/bamboo/mailer.ex"},{line,123}]},{'Elixir.EmailService.Consumer',consume,4,[{file,"lib/Consumer.ex"},{line,66}]}]}
2018-10-23 11:17:28 =ERROR REPORT====
Error in process <0.359.0> with exit value:
{#{'__exception__' => true,'__struct__' => 'Elixir.Bamboo.SMTPAdapter.SMTPError',message => <<"There was a problem sending the email through SMTP.\n\nThe error is :no_more_hosts\n\nMore detail below:\n\n{:permanent_failure, 'smtp.gmail.com', \"530-5.5.1 Authentication Required. Learn more at\\r\\n530 5.5.1  https://support.google.com/mail/?p=WantAuthError q4-v6sm954389wrm.5 - gsmtp\\r\\n\"}\n">>,raw => {no_more_hosts,{permanent_failure,"smtp.gmail.com",<<"530-5.5.1 Authentication Required. Learn more at\r\n530 5.5.1  https://support.google.com/mail/?p=WantAuthError q4-v6sm954389wrm.5 - gsmtp\r\n">>}}},[{'Elixir.Bamboo.SMTPAdapter',handle_response,1,[{file,"lib/bamboo/adapters/smtp_adapter.ex"},{line,92}]},{'Elixir.Bamboo.Mailer',deliver_now,3,[{file,"lib/bamboo/mailer.ex"},{line,123}]},{'Elixir.EmailService.Consumer',consume,4,[{file,"lib/Consumer.ex"},{line,66}]}]}
2018-10-23 11:17:28 =ERROR REPORT====
Error in process <0.357.0> with exit value:
{#{'__exception__' => true,'__struct__' => 'Elixir.Bamboo.SMTPAdapter.SMTPError',message => <<"There was a problem sending the email through SMTP.\n\nThe error is :no_more_hosts\n\nMore detail below:\n\n{:permanent_failure, 'smtp.gmail.com', \"530-5.5.1 Authentication Required. Learn more at\\r\\n530 5.5.1  https://support.google.com/mail/?p=WantAuthError o130-v6sm1605165wmd.11 - gsmtp\\r\\n\"}\n">>,raw => {no_more_hosts,{permanent_failure,"smtp.gmail.com",<<"530-5.5.1 Authentication Required. Learn more at\r\n530 5.5.1  https://support.google.com/mail/?p=WantAuthError o130-v6sm1605165wmd.11 - gsmtp\r\n">>}}},[{'Elixir.Bamboo.SMTPAdapter',handle_response,1,[{file,"lib/bamboo/adapters/smtp_adapter.ex"},{line,92}]},{'Elixir.Bamboo.Mailer',deliver_now,3,[{file,"lib/bamboo/mailer.ex"},{line,123}]},{'Elixir.EmailService.Consumer',consume,4,[{file,"lib/Consumer.ex"},{line,66}]}]}
2018-10-23 11:17:28 =ERROR REPORT====
Error in process <0.367.0> with exit value:
{#{'__exception__' => true,'__struct__' => 'Elixir.Bamboo.SMTPAdapter.SMTPError',message => <<"There was a problem sending the email through SMTP.\n\nThe error is :no_more_hosts\n\nMore detail below:\n\n{:permanent_failure, 'smtp.gmail.com', \"530-5.5.1 Authentication Required. Learn more at\\r\\n530 5.5.1  https://support.google.com/mail/?p=WantAuthError h78-v6sm1148508wmd.4 - gsmtp\\r\\n\"}\n">>,raw => {no_more_hosts,{permanent_failure,"smtp.gmail.com",<<"530-5.5.1 Authentication Required. Learn more at\r\n530 5.5.1  https://support.google.com/mail/?p=WantAuthError h78-v6sm1148508wmd.4 - gsmtp\r\n">>}}},[{'Elixir.Bamboo.SMTPAdapter',handle_response,1,[{file,"lib/bamboo/adapters/smtp_adapter.ex"},{line,92}]},{'Elixir.Bamboo.Mailer',deliver_now,3,[{file,"lib/bamboo/mailer.ex"},{line,123}]},{'Elixir.EmailService.Consumer',consume,4,[{file,"lib/Consumer.ex"},{line,66}]}]}
2018-10-23 11:17:28 =ERROR REPORT====
Error in process <0.363.0> with exit value:
{#{'__exception__' => true,'__struct__' => 'Elixir.Bamboo.SMTPAdapter.SMTPError',message => <<"There was a problem sending the email through SMTP.\n\nThe error is :no_more_hosts\n\nMore detail below:\n\n{:permanent_failure, 'smtp.gmail.com', \"530-5.5.1 Authentication Required. Learn more at\\r\\n530 5.5.1  https://support.google.com/mail/?p=WantAuthError p1-v6sm997849wrw.12 - gsmtp\\r\\n\"}\n">>,raw => {no_more_hosts,{permanent_failure,"smtp.gmail.com",<<"530-5.5.1 Authentication Required. Learn more at\r\n530 5.5.1  https://support.google.com/mail/?p=WantAuthError p1-v6sm997849wrw.12 - gsmtp\r\n">>}}},[{'Elixir.Bamboo.SMTPAdapter',handle_response,1,[{file,"lib/bamboo/adapters/smtp_adapter.ex"},{line,92}]},{'Elixir.Bamboo.Mailer',deliver_now,3,[{file,"lib/bamboo/mailer.ex"},{line,123}]},{'Elixir.EmailService.Consumer',consume,4,[{file,"lib/Consumer.ex"},{line,66}]}]}
2018-10-23 11:17:28 =ERROR REPORT====
Error in process <0.361.0> with exit value:
{#{'__exception__' => true,'__struct__' => 'Elixir.Bamboo.SMTPAdapter.SMTPError',message => <<"There was a problem sending the email through SMTP.\n\nThe error is :no_more_hosts\n\nMore detail below:\n\n{:permanent_failure, 'smtp.gmail.com', \"530-5.5.1 Authentication Required. Learn more at\\r\\n530 5.5.1  https://support.google.com/mail/?p=WantAuthError g4-v6sm802595wrr.95 - gsmtp\\r\\n\"}\n">>,raw => {no_more_hosts,{permanent_failure,"smtp.gmail.com",<<"530-5.5.1 Authentication Required. Learn more at\r\n530 5.5.1  https://support.google.com/mail/?p=WantAuthError g4-v6sm802595wrr.95 - gsmtp\r\n">>}}},[{'Elixir.Bamboo.SMTPAdapter',handle_response,1,[{file,"lib/bamboo/adapters/smtp_adapter.ex"},{line,92}]},{'Elixir.Bamboo.Mailer',deliver_now,3,[{file,"lib/bamboo/mailer.ex"},{line,123}]},{'Elixir.EmailService.Consumer',consume,4,[{file,"lib/Consumer.ex"},{line,66}]}]}
2018-10-23 11:17:28 =ERROR REPORT====
Error in process <0.362.0> with exit value:
{#{'__exception__' => true,'__struct__' => 'Elixir.Bamboo.SMTPAdapter.SMTPError',message => <<"There was a problem sending the email through SMTP.\n\nThe error is :no_more_hosts\n\nMore detail below:\n\n{:permanent_failure, 'smtp.gmail.com', \"530-5.5.1 Authentication Required. Learn more at\\r\\n530 5.5.1  https://support.google.com/mail/?p=WantAuthError e7-v6sm1199255wra.37 - gsmtp\\r\\n\"}\n">>,raw => {no_more_hosts,{permanent_failure,"smtp.gmail.com",<<"530-5.5.1 Authentication Required. Learn more at\r\n530 5.5.1  https://support.google.com/mail/?p=WantAuthError e7-v6sm1199255wra.37 - gsmtp\r\n">>}}},[{'Elixir.Bamboo.SMTPAdapter',handle_response,1,[{file,"lib/bamboo/adapters/smtp_adapter.ex"},{line,92}]},{'Elixir.Bamboo.Mailer',deliver_now,3,[{file,"lib/bamboo/mailer.ex"},{line,123}]},{'Elixir.EmailService.Consumer',consume,4,[{file,"lib/Consumer.ex"},{line,66}]}]}
2018-10-23 11:17:28 =ERROR REPORT====
Error in process <0.365.0> with exit value:
{#{'__exception__' => true,'__struct__' => 'Elixir.Bamboo.SMTPAdapter.SMTPError',message => <<"There was a problem sending the email through SMTP.\n\nThe error is :no_more_hosts\n\nMore detail below:\n\n{:permanent_failure, 'smtp.gmail.com', \"530-5.5.1 Authentication Required. Learn more at\\r\\n530 5.5.1  https://support.google.com/mail/?p=WantAuthError t194-v6sm1731124wmd.48 - gsmtp\\r\\n\"}\n">>,raw => {no_more_hosts,{permanent_failure,"smtp.gmail.com",<<"530-5.5.1 Authentication Required. Learn more at\r\n530 5.5.1  https://support.google.com/mail/?p=WantAuthError t194-v6sm1731124wmd.48 - gsmtp\r\n">>}}},[{'Elixir.Bamboo.SMTPAdapter',handle_response,1,[{file,"lib/bamboo/adapters/smtp_adapter.ex"},{line,92}]},{'Elixir.Bamboo.Mailer',deliver_now,3,[{file,"lib/bamboo/mailer.ex"},{line,123}]},{'Elixir.EmailService.Consumer',consume,4,[{file,"lib/Consumer.ex"},{line,66}]}]}
2018-10-23 11:17:28 =ERROR REPORT====
Error in process <0.360.0> with exit value:
{#{'__exception__' => true,'__struct__' => 'Elixir.Bamboo.SMTPAdapter.SMTPError',message => <<"There was a problem sending the email through SMTP.\n\nThe error is :no_more_hosts\n\nMore detail below:\n\n{:permanent_failure, 'smtp.gmail.com', \"530-5.5.1 Authentication Required. Learn more at\\r\\n530 5.5.1  https://support.google.com/mail/?p=WantAuthError 65-v6sm1237533wmm.36 - gsmtp\\r\\n\"}\n">>,raw => {no_more_hosts,{permanent_failure,"smtp.gmail.com",<<"530-5.5.1 Authentication Required. Learn more at\r\n530 5.5.1  https://support.google.com/mail/?p=WantAuthError 65-v6sm1237533wmm.36 - gsmtp\r\n">>}}},[{'Elixir.Bamboo.SMTPAdapter',handle_response,1,[{file,"lib/bamboo/adapters/smtp_adapter.ex"},{line,92}]},{'Elixir.Bamboo.Mailer',deliver_now,3,[{file,"lib/bamboo/mailer.ex"},{line,123}]},{'Elixir.EmailService.Consumer',consume,4,[{file,"lib/Consumer.ex"},{line,66}]}]}
2018-10-23 11:21:29 =ERROR REPORT====
Error in process <0.369.0> with exit value:
{#{'__exception__' => true,'__struct__' => 'Elixir.Bamboo.SMTPAdapter.SMTPError',message => <<"There was a problem sending the email through SMTP.\n\nThe error is :retries_exceeded\n\nMore detail below:\n\n{:network_failure, 'smtp.gmail.com', {:error, :timeout}}\n">>,raw => {retries_exceeded,{network_failure,"smtp.gmail.com",{error,timeout}}}},[{'Elixir.Bamboo.SMTPAdapter',handle_response,1,[{file,"lib/bamboo/adapters/smtp_adapter.ex"},{line,92}]},{'Elixir.Bamboo.Mailer',deliver_now,3,[{file,"lib/bamboo/mailer.ex"},{line,123}]},{'Elixir.EmailService.Consumer',consume,4,[{file,"lib/Consumer.ex"},{line,66}]}]}
